Host: 'SAS-AAP', OS: 'WIN', Release: '10.0', SAS Version: '9.04.01M6P11152018', Command: '"D:\Program Files\SASHome\SASFoundation\9.4\sas.exe" -config "D:\SAS\Config\Lev1\SASApp\StoredProcessServer\sasv9.cfg" /nologo /noterminal /noxcmd /netencryptalgorithm SASProprietary /metaserver sas-aap.demo.sas.com /metaport 8561 /metarepository Foundation /objectserver /objectserverparms "protocol=bridge spawned spp=60520 cid=29 dnsmatch=sas-aap.demo.sas.com pb classfactory=15931E31-667F-11D5-8804-00C04F35AC8C server=OMSOBJ:SERVERCOMPONENT/A5FSTA67.AZ000009 cel=credentials lb multiuser port=8611 saslangrunas=client"'
2020-09-14T08:45:10,413 INFO  [00000003] :sassrv@SAS-AAP - NOTE: Unable to open SASUSER.PROFILE. WORK.PROFILE will be opened instead.
2020-09-14T08:45:10,414 INFO  [00000003] :sassrv@SAS-AAP - NOTE: All profile changes will be lost at the end of the session.
2020-09-14T08:45:10,414 INFO  [00000003] :sassrv@SAS-AAP - 
2020-09-14T08:45:10,447 INFO  [00000007] :sassrv@SAS-AAP - Server is executing on host SAS-AAP.demo.sas.com (fe80::a1b8:c270:4ca2:1cfd%2).
2020-09-14T08:45:10,447 INFO  [00000007] :sassrv@SAS-AAP - Also known as:
2020-09-14T08:45:10,447 INFO  [00000007] :sassrv@SAS-AAP -       localhost
2020-09-14T08:45:10,447 INFO  [00000007] :sassrv@SAS-AAP -       SAS-AAP
2020-09-14T08:45:10,447 INFO  [00000007] :sassrv@SAS-AAP -       fe80::a1b8:c270:4ca2:1cfd%2
2020-09-14T08:45:10,447 INFO  [00000007] :sassrv@SAS-AAP -       10.96.10.76
2020-09-14T08:45:10,447 INFO  [00000007] :sassrv@SAS-AAP -       ::1
2020-09-14T08:45:10,447 INFO  [00000007] :sassrv@SAS-AAP -       127.0.0.1
2020-09-14T08:45:10,448 INFO  [00000007] :sassrv@SAS-AAP - Reserved IPv6 port 8611 for server listen (connection 1).
2020-09-14T08:45:10,452 INFO  [00000007] :sassrv@SAS-AAP - New out call client connection (2) for user sassrv@sas-aap.  Encryption level is Credentials using encryption algorithm SASPROPRIETARY.  Peer IP address and port are [fe80::a1b8:c270:4ca2:1cfd%2]:8561.
2020-09-14T08:45:10,576 INFO  [00000010] :sassrv@SAS-AAP - NOTE: Libref SASDATA successfully assigned from logical server.
2020-09-14T08:45:10,576 INFO  [00000010] :sassrv@SAS-AAP - NOTE: Libref WRSDIST successfully assigned from logical server.
2020-09-14T08:45:10,576 INFO  [00000010] :sassrv@SAS-AAP - NOTE: Libref WRSTEMP successfully assigned from logical server.
2020-09-14T08:45:10,576 INFO  [00000010] :sassrv@SAS-AAP - NOTE: Libref VALIB successfully assigned from logical server.
2020-09-14T08:45:10,576 INFO  [00000010] :sassrv@SAS-AAP - NOTE: Libref PMMODEL successfully assigned from logical server.
2020-09-14T08:45:10,576 INFO  [00000010] :sassrv@SAS-AAP - NOTE: Libref STPSAMP successfully assigned from logical server.
2020-09-14T08:45:10,577 INFO  [00000009] :sassrv@SAS-AAP - 
2020-09-14T08:45:10,577 INFO  [00000009] :sassrv@SAS-AAP - NOTE: AUTOEXEC processing beginning; file is D:\SAS\Config\Lev1\SASApp\StoredProcessServer\autoexec.sas.
2020-09-14T08:45:10,577 INFO  [00000009] :sassrv@SAS-AAP - 
2020-09-14T08:45:10,579 INFO  [00000009] :sassrv@SAS-AAP - 
2020-09-14T08:45:10,579 INFO  [00000009] :sassrv@SAS-AAP - NOTE: AUTOEXEC processing completed.
2020-09-14T08:45:10,579 INFO  [00000009] :sassrv@SAS-AAP - 
2020-09-14T08:45:10,612       [00000224] :sassrv@SAS-AAP - SAS Stored Process Server Version 9.4 ( Build 346 )
2020-09-14T08:45:10,640       [00000230] :sassrv@SAS-AAP - STP: Session Monitor Thread Starting Up.
2020-09-14T08:45:10,640 INFO  [00000224] :sassrv@SAS-AAP - Activated listen on IPv6 port 8611 (connection 1).
2020-09-14T08:45:10,643 INFO  [00000229] :sassrv@SAS-AAP - New client connection (3) to the object spawner daemon. Peer IP address and port are [fe80::a1b8:c270:4ca2:1cfd%2]:60520.
2020-09-14T08:45:10,685 INFO  [00000244] :sassrv@SAS-AAP - New out call client connection (5) for user sasdemo@sas-aap.  Encryption level is Credentials using encryption algorithm SASPROPRIETARY.  Peer IP address and port are [fe80::a1b8:c270:4ca2:1cfd%2]:8561.
2020-09-14T08:45:10,685 INFO  [00000244] :sasdemo@sas-aap - New client connection (4) accepted from server port 8611 for SAS token user sasdemo@sas-aap.  Encryption level is Credentials using encryption algorithm SASProprietary.  Peer IP address and port are [fe80::a1b8:c270:4ca2:1cfd%2]:49887 for APPNAME=SAS Enterprise Guide.
2020-09-14T08:45:10,720 INFO  [00000262] 4:sasdemo@sas-aap - STP: 1: Creating New Context, sessionID=
2020-09-14T08:45:10,756 INFO  [00000262] 4:sasdemo@sas-aap - STP: Sending cost=101 to Load Balancer. Context Cost=100 STP Session Cost=1
2020-09-14T08:45:10,765 INFO  [00000003] :sassrv@SAS-AAP - STPX Monitor is active.
2020-09-14T08:45:10,829 INFO  [00000347] 4:sasdemo@sas-aap - STP: 1: Executing D:\opt Stored_Process_for_Stored_Process_1.sas.sas
2020-09-14T08:45:10,833 INFO  [00000003] :sasdemo@sas-aap - [00000001] STPXUTL Execute using file path:  D:\opt\Stored_Process_for_Stored_Process_1.sas.sas
2020-09-14T08:45:11,067 INFO  [00000347] 4:sasdemo@sas-aap - STP: 1: Execution Complete.  Status=2000
2020-09-14T08:45:11,069 INFO  [00000347] 4:sasdemo@sas-aap - =============== STP Context 1 Log ===============
2020-09-14T08:45:11,069 INFO  [00000347] 4:sasdemo@sas-aap - 1                                                                                                                        The SAS System                                                                                         08:45 Monday, September 14, 2020
2020-09-14T08:45:11,069 INFO  [00000347] 4:sasdemo@sas-aap - 
2020-09-14T08:45:11,069 INFO  [00000347] 4:sasdemo@sas-aap - NOTE: Copyright (c) 2016 by SAS Institute Inc., Cary, NC, USA. 
2020-09-14T08:45:11,069 INFO  [00000347] 4:sasdemo@sas-aap - NOTE: SAS (r) Proprietary Software 9.4 (TS1M6) 
2020-09-14T08:45:11,069 INFO  [00000347] 4:sasdemo@sas-aap -       Licensed to 19W30_FASHBI, Site 70068130.
2020-09-14T08:45:11,069 INFO  [00000347] 4:sasdemo@sas-aap - NOTE: This session is executing on the X64_DSRV16  platform.
2020-09-14T08:45:11,069 INFO  [00000347] 4:sasdemo@sas-aap - 
2020-09-14T08:45:11,069 INFO  [00000347] 4:sasdemo@sas-aap - 
2020-09-14T08:45:11,069 INFO  [00000347] 4:sasdemo@sas-aap - 
2020-09-14T08:45:11,069 INFO  [00000347] 4:sasdemo@sas-aap - NOTE: Analytical products:
2020-09-14T08:45:11,069 INFO  [00000347] 4:sasdemo@sas-aap -       
2020-09-14T08:45:11,069 INFO  [00000347] 4:sasdemo@sas-aap -       SAS/STAT 15.1
2020-09-14T08:45:11,069 INFO  [00000347] 4:sasdemo@sas-aap -       SAS/ETS 15.1
2020-09-14T08:45:11,069 INFO  [00000347] 4:sasdemo@sas-aap -       SAS/OR 15.1
2020-09-14T08:45:11,069 INFO  [00000347] 4:sasdemo@sas-aap -       SAS/QC 15.1
2020-09-14T08:45:11,069 INFO  [00000347] 4:sasdemo@sas-aap - 
2020-09-14T08:45:11,069 INFO  [00000347] 4:sasdemo@sas-aap - NOTE: Additional host information:
2020-09-14T08:45:11,069 INFO  [00000347] 4:sasdemo@sas-aap - 
2020-09-14T08:45:11,069 INFO  [00000347] 4:sasdemo@sas-aap -  X64_DSRV16 WIN 10.0.14393  Server
2020-09-14T08:45:11,069 INFO  [00000347] 4:sasdemo@sas-aap - 
2020-09-14T08:45:11,069 INFO  [00000347] 4:sasdemo@sas-aap - NOTE: SAS Initialization used (Total process time):
2020-09-14T08:45:11,069 INFO  [00000347] 4:sasdemo@sas-aap -       real time           0.01 seconds
2020-09-14T08:45:11,069 INFO  [00000347] 4:sasdemo@sas-aap -       cpu time            0.00 seconds
2020-09-14T08:45:11,069 INFO  [00000347] 4:sasdemo@sas-aap -       
2020-09-14T08:45:11,069 INFO  [00000347] 4:sasdemo@sas-aap - NOTE: The autoexec file, D:\SAS\Config\Lev1\SASApp\StoredProcessServer\autoexec.sas, was executed at server initialization.
2020-09-14T08:45:11,069 INFO  [00000347] 4:sasdemo@sas-aap - 
2020-09-14T08:45:11,069 INFO  [00000347] 4:sasdemo@sas-aap - >>> SAS Macro Variables:
2020-09-14T08:45:11,069 INFO  [00000347] 4:sasdemo@sas-aap - 
2020-09-14T08:45:11,069 INFO  [00000347] 4:sasdemo@sas-aap -  _APSLIST=_RESULT,_CLIENTVERSION,_CLIENTMACHINE,_ODSDEST,_TIMEZONE,_GOPT_DEVICE,_CLIENTUSERID,_CLIENTNAME,_CLIENTUSERNAME,_METAUSER,_ENCODING,_ODSSTYLE,_METAPERSON,_ARCHIVE_PATH,_METAFOLDER,_PROG
2020-09-14T08:45:11,069 INFO  [00000347] 4:sasdemo@sas-aap -      RAM,_CLIENT,_USERNAME,_SECUREUSERNAME
2020-09-14T08:45:11,069 INFO  [00000347] 4:sasdemo@sas-aap -  _ARCHIVE_PATH=TEMPFILE
2020-09-14T08:45:11,069 INFO  [00000347] 4:sasdemo@sas-aap -  _CLIENT=SAS Enterprise Guide; CLR 4.0.30319.42000; Microsoft Windows NT 6.2.9200.0
2020-09-14T08:45:11,069 INFO  [00000347] 4:sasdemo@sas-aap -  _CLIENTMACHINE=SAS-AAP
2020-09-14T08:45:11,069 INFO  [00000347] 4:sasdemo@sas-aap -  _CLIENTNAME=SAS Enterprise Guide
2020-09-14T08:45:11,069 INFO  [00000347] 4:sasdemo@sas-aap -  _CLIENTUSERID=sas
2020-09-14T08:45:11,069 INFO  [00000347] 4:sasdemo@sas-aap -  _CLIENTUSERNAME=SAS Installer User
2020-09-14T08:45:11,069 INFO  [00000347] 4:sasdemo@sas-aap -  _CLIENTVERSION=8.2.0.1201
2020-09-14T08:45:11,069 INFO  [00000347] 4:sasdemo@sas-aap -  _ENCODING=utf-8
2020-09-14T08:45:11,069 INFO  [00000347] 4:sasdemo@sas-aap -  _GOPT_DEVICE=SVG
2020-09-14T08:45:11,069 INFO  [00000347] 4:sasdemo@sas-aap -  _METAFOLDER=/User Folders/sasdemo/My Folder/
2020-09-14T08:45:11,069 INFO  [00000347] 4:sasdemo@sas-aap -  _METAPERSON=sasdemo
2020-09-14T08:45:11,069 INFO  [00000347] 4:sasdemo@sas-aap -  _METAUSER=sasdemo@sas-aap
2020-09-14T08:45:11,069 INFO  [00000347] 4:sasdemo@sas-aap -  _ODSDEST=HTML5
2020-09-14T08:45:11,069 INFO  [00000347] 4:sasdemo@sas-aap -  _ODSSTYLE=HtmlBlue
2020-09-14T08:45:11,069 INFO  [00000347] 4:sasdemo@sas-aap -  _PROGRAM=/User Folders/sasdemo/My Folder/Stored Process for Stored_Process_1.sas
2020-09-14T08:45:11,069 INFO  [00000347] 4:sasdemo@sas-aap -  _REPLAY="&_URL?_sessionid=96AC19A6-68DD-4231-9EF7-C22EF5047840&_program=replay&_entry=&_TMPCAT.."
2020-09-14T08:45:11,069 INFO  [00000347] 4:sasdemo@sas-aap -  _RESULT=PACKAGE_TO_ARCHIVE
2020-09-14T08:45:11,069 INFO  [00000347] 4:sasdemo@sas-aap -  _SECUREUSERNAME=sasdemo
2020-09-14T08:45:11,069 INFO  [00000347] 4:sasdemo@sas-aap -  _TIMEZONE=GMT-04:00
2020-09-14T08:45:11,069 INFO  [00000347] 4:sasdemo@sas-aap -  _TMPCAT=APSWORK.TCAT0001
2020-09-14T08:45:11,069 INFO  [00000347] 4:sasdemo@sas-aap -  _USERNAME=sasdemo
2020-09-14T08:45:11,069 INFO  [00000347] 4:sasdemo@sas-aap - 
2020-09-14T08:45:11,069 INFO  [00000347] 4:sasdemo@sas-aap - NOTE: %INCLUDE (level 1) file D:\opt\Stored_Process_for_Stored_Process_1.sas.sas is file D:\opt\Stored_Process_for_Stored_Process_1.sas.sas.
2020-09-14T08:45:11,069 INFO  [00000347] 4:sasdemo@sas-aap - 3         +*  Begin EG generated code (do not edit this line);
2020-09-14T08:45:11,069 INFO  [00000347] 4:sasdemo@sas-aap - 4         +*
2020-09-14T08:45:11,069 INFO  [00000347] 4:sasdemo@sas-aap - 5         +*  Stored process registered by
2020-09-14T08:45:11,069 INFO  [00000347] 4:sasdemo@sas-aap - 6         +*  Enterprise Guide Stored Process Manager V8.2
2020-09-14T08:45:11,069 INFO  [00000347] 4:sasdemo@sas-aap - 7         +*
2020-09-14T08:45:11,069 INFO  [00000347] 4:sasdemo@sas-aap - 8         +*  ====================================================================
2020-09-14T08:45:11,069 INFO  [00000347] 4:sasdemo@sas-aap - 9         +*  Stored process name: Stored Process for Stored_Process_1.sas
2020-09-14T08:45:11,069 INFO  [00000347] 4:sasdemo@sas-aap - 10        +*  ====================================================================
2020-09-14T08:45:11,069 INFO  [00000347] 4:sasdemo@sas-aap - 11        +*;
2020-09-14T08:45:11,069 INFO  [00000347] 4:sasdemo@sas-aap - 12        +
2020-09-14T08:45:11,069 INFO  [00000347] 4:sasdemo@sas-aap - 13        +
2020-09-14T08:45:11,069 INFO  [00000347] 4:sasdemo@sas-aap - 14        +*ProcessBody;
2020-09-14T08:45:11,069 INFO  [00000347] 4:sasdemo@sas-aap - 15        +
2020-09-14T08:45:11,069 INFO  [00000347] 4:sasdemo@sas-aap - 16        +%STPBEGIN;
2020-09-14T08:45:11,069 INFO  [00000347] 4:sasdemo@sas-aap - 17        +
2020-09-14T08:45:11,069 INFO  [00000347] 4:sasdemo@sas-aap - 18        +*  End EG generated code (do not edit this line);
2020-09-14T08:45:11,069 INFO  [00000347] 4:sasdemo@sas-aap - 19        +
2020-09-14T08:45:11,069 INFO  [00000347] 4:sasdemo@sas-aap - 20        +
2020-09-14T08:45:11,069 INFO  [00000347] 4:sasdemo@sas-aap - 21        +data x;a=1
2020-09-14T08:45:11,069 INFO  [00000347] 4:sasdemo@sas-aap -                                                                                           The SAS System
2020-09-14T08:45:11,069 INFO  [00000347] 4:sasdemo@sas-aap - 
2020-09-14T08:45:11,069 INFO  [00000347] 4:sasdemo@sas-aap - 22        +b='UPADHI MANOJ KOKRA';
2020-09-14T08:45:11,069 INFO  [00000347] 4:sasdemo@sas-aap -            _
2020-09-14T08:45:11,069 INFO  [00000347] 4:sasdemo@sas-aap -            22
2020-09-14T08:45:11,069 INFO  [00000347] 4:sasdemo@sas-aap - ERROR 22-322: Syntax error, expecting one of the following: !, !!, &, *, **, +, -, /, ;, <, <=, <>, =, >, ><, >=, AND, EQ, GE, GT, IN, LE, LT, MAX, MIN, NE, NG, NL, NOTIN, OR, ^=, |, ||, ~=.  
2020-09-14T08:45:11,069 INFO  [00000347] 4:sasdemo@sas-aap - 
2020-09-14T08:45:11,069 INFO  [00000347] 4:sasdemo@sas-aap - 23        +run;
2020-09-14T08:45:11,069 INFO  [00000347] 4:sasdemo@sas-aap - 
2020-09-14T08:45:11,069 INFO  [00000347] 4:sasdemo@sas-aap - NOTE: Character values have been converted to numeric values at the places given by: (Line):(Column).
2020-09-14T08:45:11,069 INFO  [00000347] 4:sasdemo@sas-aap -       22:3   
2020-09-14T08:45:11,069 INFO  [00000347] 4:sasdemo@sas-aap - NOTE: The SAS System stopped processing this step because of errors.
2020-09-14T08:45:11,069 INFO  [00000347] 4:sasdemo@sas-aap - NOTE: Due to ERROR(s) above, SAS set option OBS=0, enabling syntax check mode. This prevents execution of subsequent data modification statements.
2020-09-14T08:45:11,069 INFO  [00000347] 4:sasdemo@sas-aap - WARNING: The data set WORK.X may be incomplete.  When this step was stopped there were 0 observations and 2 variables.
2020-09-14T08:45:11,069 INFO  [00000347] 4:sasdemo@sas-aap - NOTE: DATA statement used (Total process time):
2020-09-14T08:45:11,069 INFO  [00000347] 4:sasdemo@sas-aap -       real time           0.01 seconds
2020-09-14T08:45:11,069 INFO  [00000347] 4:sasdemo@sas-aap -       cpu time            0.01 seconds
2020-09-14T08:45:11,069 INFO  [00000347] 4:sasdemo@sas-aap -       
2020-09-14T08:45:11,069 INFO  [00000347] 4:sasdemo@sas-aap - 
2020-09-14T08:45:11,070 INFO  [00000347] 4:sasdemo@sas-aap - 24        +proc freq data=x;run;
2020-09-14T08:45:11,070 INFO  [00000347] 4:sasdemo@sas-aap - 
2020-09-14T08:45:11,070 INFO  [00000347] 4:sasdemo@sas-aap - NOTE: PROCEDURE FREQ used (Total process time):
2020-09-14T08:45:11,070 INFO  [00000347] 4:sasdemo@sas-aap -       real time           0.00 seconds
2020-09-14T08:45:11,070 INFO  [00000347] 4:sasdemo@sas-aap -       cpu time            0.00 seconds
2020-09-14T08:45:11,070 INFO  [00000347] 4:sasdemo@sas-aap -       
2020-09-14T08:45:11,070 INFO  [00000347] 4:sasdemo@sas-aap - 
2020-09-14T08:45:11,070 INFO  [00000347] 4:sasdemo@sas-aap - 25        +%macro upadhi;
2020-09-14T08:45:11,070 INFO  [00000347] 4:sasdemo@sas-aap - 26        +proc sql;
2020-09-14T08:45:11,070 INFO  [00000347] 4:sasdemo@sas-aap - 27        +create table u as select * from y;
2020-09-14T08:45:11,070 INFO  [00000347] 4:sasdemo@sas-aap - 28        +quit;
2020-09-14T08:45:11,070 INFO  [00000347] 4:sasdemo@sas-aap - 29        +%mend;
2020-09-14T08:45:11,070 INFO  [00000347] 4:sasdemo@sas-aap - 30        +%macro upadhi11;
2020-09-14T08:45:11,070 INFO  [00000347] 4:sasdemo@sas-aap - 31        +proc print data=x;
2020-09-14T08:45:11,070 INFO  [00000347] 4:sasdemo@sas-aap - 32        +run;
2020-09-14T08:45:11,070 INFO  [00000347] 4:sasdemo@sas-aap - 33        +data y;
2020-09-14T08:45:11,070 INFO  [00000347] 4:sasdemo@sas-aap - 34        +set x;
2020-09-14T08:45:11,070 INFO  [00000347] 4:sasdemo@sas-aap - 35        +c=trim(b);
2020-09-14T08:45:11,070 INFO  [00000347] 4:sasdemo@sas-aap - 36        +run;
2020-09-14T08:45:11,070 INFO  [00000347] 4:sasdemo@sas-aap - 37        +%upadhi;
2020-09-14T08:45:11,070 INFO  [00000347] 4:sasdemo@sas-aap - 38        +%macro kokra;
2020-09-14T08:45:11,070 INFO  [00000347] 4:sasdemo@sas-aap -                                                                                           The SAS System
2020-09-14T08:45:11,070 INFO  [00000347] 4:sasdemo@sas-aap - 
2020-09-14T08:45:11,070 INFO  [00000347] 4:sasdemo@sas-aap - 39        +proc sql;
2020-09-14T08:45:11,070 INFO  [00000347] 4:sasdemo@sas-aap - 40        +create table u as select * from y;
2020-09-14T08:45:11,070 INFO  [00000347] 4:sasdemo@sas-aap - 41        +quit;
2020-09-14T08:45:11,070 INFO  [00000347] 4:sasdemo@sas-aap - 42        +%mend;
2020-09-14T08:45:11,070 INFO  [00000347] 4:sasdemo@sas-aap - 43        +%mend;
2020-09-14T08:45:11,070 INFO  [00000347] 4:sasdemo@sas-aap - 44        +%upadhi11;
2020-09-14T08:45:11,070 INFO  [00000347] 4:sasdemo@sas-aap - 
2020-09-14T08:45:11,070 INFO  [00000347] 4:sasdemo@sas-aap - NOTE: PROCEDURE PRINT used (Total process time):
2020-09-14T08:45:11,070 INFO  [00000347] 4:sasdemo@sas-aap -       real time           0.00 seconds
2020-09-14T08:45:11,070 INFO  [00000347] 4:sasdemo@sas-aap -       cpu time            0.00 seconds
2020-09-14T08:45:11,070 INFO  [00000347] 4:sasdemo@sas-aap -       
2020-09-14T08:45:11,070 INFO  [00000347] 4:sasdemo@sas-aap - 
2020-09-14T08:45:11,070 INFO  [00000347] 4:sasdemo@sas-aap - 
2020-09-14T08:45:11,070 INFO  [00000347] 4:sasdemo@sas-aap - NOTE: Numeric values have been converted to character values at the places given by: (Line):(Column).
2020-09-14T08:45:11,070 INFO  [00000347] 4:sasdemo@sas-aap -       44:48   
2020-09-14T08:45:11,070 INFO  [00000347] 4:sasdemo@sas-aap - NOTE: The data set WORK.Y has 0 observations and 3 variables.
2020-09-14T08:45:11,070 INFO  [00000347] 4:sasdemo@sas-aap - NOTE: DATA statement used (Total process time):
2020-09-14T08:45:11,070 INFO  [00000347] 4:sasdemo@sas-aap -       real time           0.00 seconds
2020-09-14T08:45:11,070 INFO  [00000347] 4:sasdemo@sas-aap -       cpu time            0.01 seconds
2020-09-14T08:45:11,070 INFO  [00000347] 4:sasdemo@sas-aap -       
2020-09-14T08:45:11,070 INFO  [00000347] 4:sasdemo@sas-aap - 
2020-09-14T08:45:11,070 INFO  [00000347] 4:sasdemo@sas-aap - NOTE: PROC SQL set option NOEXEC and will continue to check the syntax of statements.
2020-09-14T08:45:11,070 INFO  [00000347] 4:sasdemo@sas-aap - NOTE: Statement not executed due to NOEXEC option.
2020-09-14T08:45:11,070 INFO  [00000347] 4:sasdemo@sas-aap - NOTE: The SAS System stopped processing this step because of errors.
2020-09-14T08:45:11,070 INFO  [00000347] 4:sasdemo@sas-aap - NOTE: PROCEDURE SQL used (Total process time):
2020-09-14T08:45:11,070 INFO  [00000347] 4:sasdemo@sas-aap -       real time           0.00 seconds
2020-09-14T08:45:11,070 INFO  [00000347] 4:sasdemo@sas-aap -       cpu time            0.00 seconds
2020-09-14T08:45:11,070 INFO  [00000347] 4:sasdemo@sas-aap -       
2020-09-14T08:45:11,070 INFO  [00000347] 4:sasdemo@sas-aap - 
2020-09-14T08:45:11,070 INFO  [00000347] 4:sasdemo@sas-aap - 
2020-09-14T08:45:11,070 INFO  [00000347] 4:sasdemo@sas-aap - 45        +proc sql;
2020-09-14T08:45:11,070 INFO  [00000347] 4:sasdemo@sas-aap - NOTE: PROC SQL set option NOEXEC and will continue to check the syntax of statements.
2020-09-14T08:45:11,070 INFO  [00000347] 4:sasdemo@sas-aap - 46        +create table u as select * from upa;
2020-09-14T08:45:11,070 INFO  [00000347] 4:sasdemo@sas-aap - NOTE: Statement not executed due to NOEXEC option.
2020-09-14T08:45:11,070 INFO  [00000347] 4:sasdemo@sas-aap - 47        +select b into:x from x;
2020-09-14T08:45:11,070 INFO  [00000347] 4:sasdemo@sas-aap - NOTE: Statement not executed due to NOEXEC option.
2020-09-14T08:45:11,070 INFO  [00000347] 4:sasdemo@sas-aap - 48        +quit;
2020-09-14T08:45:11,070 INFO  [00000347] 4:sasdemo@sas-aap - NOTE: The SAS System stopped processing this step because of errors.
2020-09-14T08:45:11,070 INFO  [00000347] 4:sasdemo@sas-aap -                                                                                           The SAS System
2020-09-14T08:45:11,070 INFO  [00000347] 4:sasdemo@sas-aap - 
2020-09-14T08:45:11,070 INFO  [00000347] 4:sasdemo@sas-aap - NOTE: PROCEDURE SQL used (Total process time):
2020-09-14T08:45:11,070 INFO  [00000347] 4:sasdemo@sas-aap -       real time           0.00 seconds
2020-09-14T08:45:11,070 INFO  [00000347] 4:sasdemo@sas-aap -       cpu time            0.00 seconds
2020-09-14T08:45:11,070 INFO  [00000347] 4:sasdemo@sas-aap -       
2020-09-14T08:45:11,070 INFO  [00000347] 4:sasdemo@sas-aap - 
2020-09-14T08:45:11,070 INFO  [00000347] 4:sasdemo@sas-aap - 
2020-09-14T08:45:11,070 INFO  [00000347] 4:sasdemo@sas-aap - 49        +proc report data=upa;run;
2020-09-14T08:45:11,070 INFO  [00000347] 4:sasdemo@sas-aap - ERROR: File WORK.UPA.DATA does not exist.
2020-09-14T08:45:11,070 INFO  [00000347] 4:sasdemo@sas-aap - 
2020-09-14T08:45:11,070 INFO  [00000347] 4:sasdemo@sas-aap - NOTE: The SAS System stopped processing this step because of errors.
2020-09-14T08:45:11,070 INFO  [00000347] 4:sasdemo@sas-aap - NOTE: PROCEDURE REPORT used (Total process time):
2020-09-14T08:45:11,070 INFO  [00000347] 4:sasdemo@sas-aap -       real time           0.00 seconds
2020-09-14T08:45:11,070 INFO  [00000347] 4:sasdemo@sas-aap -       cpu time            0.00 seconds
2020-09-14T08:45:11,070 INFO  [00000347] 4:sasdemo@sas-aap -       
2020-09-14T08:45:11,070 INFO  [00000347] 4:sasdemo@sas-aap - WARNING: Apparent symbolic reference X not resolved.
2020-09-14T08:45:11,070 INFO  [00000347] 4:sasdemo@sas-aap - 50        +%put &x;
2020-09-14T08:45:11,070 INFO  [00000347] 4:sasdemo@sas-aap - &x
2020-09-14T08:45:11,070 INFO  [00000347] 4:sasdemo@sas-aap - 51        +
2020-09-14T08:45:11,070 INFO  [00000347] 4:sasdemo@sas-aap - 52        +*  Begin EG generated code (do not edit this line);
2020-09-14T08:45:11,070 INFO  [00000347] 4:sasdemo@sas-aap - 53        +;*';*";*/;quit;
2020-09-14T08:45:11,070 INFO  [00000347] 4:sasdemo@sas-aap - 54        +%STPEND;
2020-09-14T08:45:11,070 INFO  [00000347] 4:sasdemo@sas-aap - 55        +
2020-09-14T08:45:11,070 INFO  [00000347] 4:sasdemo@sas-aap - 56        +*  End EG generated code (do not edit this line);
2020-09-14T08:45:11,070 INFO  [00000347] 4:sasdemo@sas-aap - 57        +
2020-09-14T08:45:11,070 INFO  [00000347] 4:sasdemo@sas-aap - NOTE: %INCLUDE (level 1) ending.
2020-09-14T08:45:11,070 INFO  [00000347] 4:sasdemo@sas-aap - =============== STP Context 1 Log End ===============
2020-09-14T08:45:11,086 INFO  [00000439] 4:sasdemo@sas-aap - STP: 1: Context Close
2020-09-14T08:45:11,119 INFO  [00000439] 4:sasdemo@sas-aap - STP: Sending cost=0 to Load Balancer. Context Cost=0 STP Session Cost=0
2020-09-14T08:45:11,119 INFO  [00000456] 4:sassrv@SAS-AAP - Client connection 4 for user sasdemo@sas-aap closed.
2020-09-14T08:45:11,126 INFO  [00000456] 4:sassrv@SAS-AAP - Client connection 5 for user sasdemo@sas-aap closed.
2020-09-14T08:50:51,492 INFO  [00000460] :sassrv@SAS-AAP - New out call client connection (7) for user sasdemo@sas-aap.  Encryption level is Credentials using encryption algorithm SASPROPRIETARY.  Peer IP address and port are [fe80::a1b8:c270:4ca2:1cfd%2]:8561.
2020-09-14T08:50:51,493 INFO  [00000460] :sasdemo@sas-aap - New client connection (6) accepted from server port 8611 for SAS token user sasdemo@sas-aap.  Encryption level is Credentials using encryption algorithm SASProprietary.  Peer IP address and port are [fe80::a1b8:c270:4ca2:1cfd%2]:50340 for APPNAME=SAS Enterprise Guide.
2020-09-14T08:50:51,504 INFO  [00000475] 6:sasdemo@sas-aap - STP: 2: Creating New Context, sessionID=
2020-09-14T08:50:51,538 INFO  [00000475] 6:sasdemo@sas-aap - STP: Sending cost=101 to Load Balancer. Context Cost=100 STP Session Cost=1
2020-09-14T08:50:51,578 INFO  [00000560] 6:sasdemo@sas-aap - STP: 2: Executing D:\opt Stored_Process_for_Stored_Process_2.sas.sas
2020-09-14T08:50:51,579 INFO  [00000003] :sasdemo@sas-aap - [00000002] STPXUTL Execute using file path:  D:\opt\Stored_Process_for_Stored_Process_2.sas.sas
2020-09-14T08:50:51,872 INFO  [00000560] 6:sasdemo@sas-aap - STP: 2: Execution Complete.  Status=0
2020-09-14T08:50:51,905 INFO  [00000749] 6:sasdemo@sas-aap - STP: 2: Context Close
2020-09-14T08:50:51,932 INFO  [00000749] 6:sasdemo@sas-aap - STP: Sending cost=0 to Load Balancer. Context Cost=0 STP Session Cost=0
2020-09-14T08:50:51,932 INFO  [00000765] 6:sassrv@SAS-AAP - Client connection 6 for user sasdemo@sas-aap closed.
2020-09-14T08:50:51,933 INFO  [00000765] 6:sassrv@SAS-AAP - Client connection 7 for user sasdemo@sas-aap closed.
2020-09-14T08:52:36,164 INFO  [00000769] :sassrv@SAS-AAP - New out call client connection (9) for user sasdemo@sas-aap.  Encryption level is Credentials using encryption algorithm SASPROPRIETARY.  Peer IP address and port are [fe80::a1b8:c270:4ca2:1cfd%2]:8561.
2020-09-14T08:52:36,164 INFO  [00000769] :sasdemo@sas-aap - New client connection (8) accepted from server port 8611 for SAS token user sasdemo@sas-aap.  Encryption level is Credentials using encryption algorithm SASProprietary.  Peer IP address and port are [fe80::a1b8:c270:4ca2:1cfd%2]:50494 for APPNAME=SAS Enterprise Guide.
2020-09-14T08:52:36,175 INFO  [00000784] 8:sasdemo@sas-aap - STP: 3: Creating New Context, sessionID=
2020-09-14T08:52:36,206 INFO  [00000784] 8:sasdemo@sas-aap - STP: Sending cost=101 to Load Balancer. Context Cost=100 STP Session Cost=1
2020-09-14T08:52:36,246 INFO  [00000869] 8:sasdemo@sas-aap - STP: 3: Executing D:\opt Stored_Process_for_Stored_Process_5.sas.sas
2020-09-14T08:52:36,247 INFO  [00000003] :sasdemo@sas-aap - [00000003] STPXUTL Execute using file path:  D:\opt\Stored_Process_for_Stored_Process_5.sas.sas
2020-09-14T08:52:36,523 INFO  [00000869] 8:sasdemo@sas-aap - STP: 3: Execution Complete.  Status=0
2020-09-14T08:52:36,550 INFO  [00001059] 8:sasdemo@sas-aap - STP: 3: Context Close
2020-09-14T08:52:36,579 INFO  [00001059] 8:sasdemo@sas-aap - STP: Sending cost=0 to Load Balancer. Context Cost=0 STP Session Cost=0
2020-09-14T08:52:36,580 INFO  [00001076] 8:sassrv@SAS-AAP - Client connection 8 for user sasdemo@sas-aap closed.
2020-09-14T08:52:36,581 INFO  [00000008] :sassrv@SAS-AAP - Client connection 9 for user sasdemo@sas-aap closed.
2020-09-14T08:54:27,260 INFO  [00001080] :sassrv@SAS-AAP - New out call client connection (11) for user sasdemo@sas-aap.  Encryption level is Credentials using encryption algorithm SASPROPRIETARY.  Peer IP address and port are [fe80::a1b8:c270:4ca2:1cfd%2]:8561.
2020-09-14T08:54:27,260 INFO  [00001080] :sasdemo@sas-aap - New client connection (10) accepted from server port 8611 for SAS token user sasdemo@sas-aap.  Encryption level is Credentials using encryption algorithm SASProprietary.  Peer IP address and port are [fe80::a1b8:c270:4ca2:1cfd%2]:50665 for APPNAME=SAS Enterprise Guide.
2020-09-14T08:54:27,271 INFO  [00001095] 10:sasdemo@sas-aap - STP: 4: Creating New Context, sessionID=
2020-09-14T08:54:27,302 INFO  [00001095] 10:sasdemo@sas-aap - STP: Sending cost=101 to Load Balancer. Context Cost=100 STP Session Cost=1
2020-09-14T08:54:27,360 INFO  [00001180] 10:sasdemo@sas-aap - STP: 4: Executing D:\opt Stored_Process_for_postprocess.sas.sas
2020-09-14T08:54:27,361 INFO  [00000003] :sasdemo@sas-aap - [00000004] STPXUTL Execute using file path:  D:\opt\Stored_Process_for_postprocess.sas.sas
2020-09-14T08:54:27,545 INFO  [00001180] 10:sasdemo@sas-aap - STP: 4: Execution Complete.  Status=2000
2020-09-14T08:54:27,548 INFO  [00001180] 10:sasdemo@sas-aap - =============== STP Context 4 Log ===============
2020-09-14T08:54:27,548 INFO  [00001180] 10:sasdemo@sas-aap - 1                                                                                                                        The SAS System                                                                                         08:54 Monday, September 14, 2020
2020-09-14T08:54:27,548 INFO  [00001180] 10:sasdemo@sas-aap - 
2020-09-14T08:54:27,548 INFO  [00001180] 10:sasdemo@sas-aap - NOTE: Copyright (c) 2016 by SAS Institute Inc., Cary, NC, USA. 
2020-09-14T08:54:27,548 INFO  [00001180] 10:sasdemo@sas-aap - NOTE: SAS (r) Proprietary Software 9.4 (TS1M6) 
2020-09-14T08:54:27,548 INFO  [00001180] 10:sasdemo@sas-aap -       Licensed to 19W30_FASHBI, Site 70068130.
2020-09-14T08:54:27,548 INFO  [00001180] 10:sasdemo@sas-aap - NOTE: This session is executing on the X64_DSRV16  platform.
2020-09-14T08:54:27,548 INFO  [00001180] 10:sasdemo@sas-aap - 
2020-09-14T08:54:27,548 INFO  [00001180] 10:sasdemo@sas-aap - 
2020-09-14T08:54:27,548 INFO  [00001180] 10:sasdemo@sas-aap - 
2020-09-14T08:54:27,548 INFO  [00001180] 10:sasdemo@sas-aap - NOTE: Analytical products:
2020-09-14T08:54:27,548 INFO  [00001180] 10:sasdemo@sas-aap -       
2020-09-14T08:54:27,548 INFO  [00001180] 10:sasdemo@sas-aap -       SAS/STAT 15.1
2020-09-14T08:54:27,548 INFO  [00001180] 10:sasdemo@sas-aap -       SAS/ETS 15.1
2020-09-14T08:54:27,548 INFO  [00001180] 10:sasdemo@sas-aap -       SAS/OR 15.1
2020-09-14T08:54:27,548 INFO  [00001180] 10:sasdemo@sas-aap -       SAS/QC 15.1
2020-09-14T08:54:27,548 INFO  [00001180] 10:sasdemo@sas-aap - 
2020-09-14T08:54:27,548 INFO  [00001180] 10:sasdemo@sas-aap - NOTE: Additional host information:
2020-09-14T08:54:27,548 INFO  [00001180] 10:sasdemo@sas-aap - 
2020-09-14T08:54:27,548 INFO  [00001180] 10:sasdemo@sas-aap -  X64_DSRV16 WIN 10.0.14393  Server
2020-09-14T08:54:27,548 INFO  [00001180] 10:sasdemo@sas-aap - 
2020-09-14T08:54:27,548 INFO  [00001180] 10:sasdemo@sas-aap - NOTE: SAS Initialization used (Total process time):
2020-09-14T08:54:27,548 INFO  [00001180] 10:sasdemo@sas-aap -       real time           0.01 seconds
2020-09-14T08:54:27,548 INFO  [00001180] 10:sasdemo@sas-aap -       cpu time            0.00 seconds
2020-09-14T08:54:27,548 INFO  [00001180] 10:sasdemo@sas-aap -       
2020-09-14T08:54:27,548 INFO  [00001180] 10:sasdemo@sas-aap - NOTE: The autoexec file, D:\SAS\Config\Lev1\SASApp\StoredProcessServer\autoexec.sas, was executed at server initialization.
2020-09-14T08:54:27,548 INFO  [00001180] 10:sasdemo@sas-aap - 
2020-09-14T08:54:27,548 INFO  [00001180] 10:sasdemo@sas-aap - >>> SAS Macro Variables:
2020-09-14T08:54:27,548 INFO  [00001180] 10:sasdemo@sas-aap - 
2020-09-14T08:54:27,548 INFO  [00001180] 10:sasdemo@sas-aap -  _APSLIST=_RESULT,_CLIENTVERSION,_CLIENTMACHINE,_ODSDEST,_TIMEZONE,_GOPT_DEVICE,_CLIENTUSERID,_CLIENTNAME,_CLIENTUSERNAME,_METAUSER,_ENCODING,_ODSSTYLE,_METAPERSON,_ARCHIVE_PATH,_METAFOLDER,_PROG
2020-09-14T08:54:27,548 INFO  [00001180] 10:sasdemo@sas-aap -      RAM,_CLIENT,_USERNAME,_SECUREUSERNAME
2020-09-14T08:54:27,548 INFO  [00001180] 10:sasdemo@sas-aap -  _ARCHIVE_PATH=TEMPFILE
2020-09-14T08:54:27,548 INFO  [00001180] 10:sasdemo@sas-aap -  _CLIENT=SAS Enterprise Guide; CLR 4.0.30319.42000; Microsoft Windows NT 6.2.9200.0
2020-09-14T08:54:27,548 INFO  [00001180] 10:sasdemo@sas-aap -  _CLIENTMACHINE=SAS-AAP
2020-09-14T08:54:27,548 INFO  [00001180] 10:sasdemo@sas-aap -  _CLIENTNAME=SAS Enterprise Guide
2020-09-14T08:54:27,548 INFO  [00001180] 10:sasdemo@sas-aap -  _CLIENTUSERID=sas
2020-09-14T08:54:27,548 INFO  [00001180] 10:sasdemo@sas-aap -  _CLIENTUSERNAME=SAS Installer User
2020-09-14T08:54:27,548 INFO  [00001180] 10:sasdemo@sas-aap -  _CLIENTVERSION=8.2.0.1201
2020-09-14T08:54:27,548 INFO  [00001180] 10:sasdemo@sas-aap -  _ENCODING=utf-8
2020-09-14T08:54:27,548 INFO  [00001180] 10:sasdemo@sas-aap -  _GOPT_DEVICE=SVG
2020-09-14T08:54:27,548 INFO  [00001180] 10:sasdemo@sas-aap -  _METAFOLDER=/User Folders/sasdemo/My Folder/
2020-09-14T08:54:27,548 INFO  [00001180] 10:sasdemo@sas-aap -  _METAPERSON=sasdemo
2020-09-14T08:54:27,548 INFO  [00001180] 10:sasdemo@sas-aap -  _METAUSER=sasdemo@sas-aap
2020-09-14T08:54:27,548 INFO  [00001180] 10:sasdemo@sas-aap -  _ODSDEST=HTML5
2020-09-14T08:54:27,548 INFO  [00001180] 10:sasdemo@sas-aap -  _ODSSTYLE=HtmlBlue
2020-09-14T08:54:27,548 INFO  [00001180] 10:sasdemo@sas-aap -  _PROGRAM=/User Folders/sasdemo/My Folder/Stored Process for postprocess.sas
2020-09-14T08:54:27,548 INFO  [00001180] 10:sasdemo@sas-aap -  _REPLAY="&_URL?_sessionid=110BDAEE-FE88-4C98-8D8C-27164762C219&_program=replay&_entry=&_TMPCAT.."
2020-09-14T08:54:27,548 INFO  [00001180] 10:sasdemo@sas-aap -  _RESULT=PACKAGE_TO_ARCHIVE
2020-09-14T08:54:27,548 INFO  [00001180] 10:sasdemo@sas-aap -  _SECUREUSERNAME=sasdemo
2020-09-14T08:54:27,548 INFO  [00001180] 10:sasdemo@sas-aap -  _TIMEZONE=GMT-04:00
2020-09-14T08:54:27,548 INFO  [00001180] 10:sasdemo@sas-aap -  _TMPCAT=APSWORK.TCAT0004
2020-09-14T08:54:27,548 INFO  [00001180] 10:sasdemo@sas-aap -  _USERNAME=sasdemo
2020-09-14T08:54:27,548 INFO  [00001180] 10:sasdemo@sas-aap - 
2020-09-14T08:54:27,548 INFO  [00001180] 10:sasdemo@sas-aap - NOTE: %INCLUDE (level 1) file D:\opt\Stored_Process_for_postprocess.sas.sas is file D:\opt\Stored_Process_for_postprocess.sas.sas.
2020-09-14T08:54:27,548 INFO  [00001180] 10:sasdemo@sas-aap - 3         +*  Begin EG generated code (do not edit this line);
2020-09-14T08:54:27,548 INFO  [00001180] 10:sasdemo@sas-aap - 4         +*
2020-09-14T08:54:27,548 INFO  [00001180] 10:sasdemo@sas-aap - 5         +*  Stored process registered by
2020-09-14T08:54:27,548 INFO  [00001180] 10:sasdemo@sas-aap - 6         +*  Enterprise Guide Stored Process Manager V8.2
2020-09-14T08:54:27,548 INFO  [00001180] 10:sasdemo@sas-aap - 7         +*
2020-09-14T08:54:27,548 INFO  [00001180] 10:sasdemo@sas-aap - 8         +*  ====================================================================
2020-09-14T08:54:27,548 INFO  [00001180] 10:sasdemo@sas-aap - 9         +*  Stored process name: Stored Process for postprocess.sas
2020-09-14T08:54:27,548 INFO  [00001180] 10:sasdemo@sas-aap - 10        +*  ====================================================================
2020-09-14T08:54:27,548 INFO  [00001180] 10:sasdemo@sas-aap - 11        +*;
2020-09-14T08:54:27,548 INFO  [00001180] 10:sasdemo@sas-aap - 12        +
2020-09-14T08:54:27,548 INFO  [00001180] 10:sasdemo@sas-aap - 13        +
2020-09-14T08:54:27,548 INFO  [00001180] 10:sasdemo@sas-aap - 14        +*ProcessBody;
2020-09-14T08:54:27,548 INFO  [00001180] 10:sasdemo@sas-aap - 15        +
2020-09-14T08:54:27,548 INFO  [00001180] 10:sasdemo@sas-aap - 16        +%STPBEGIN;
2020-09-14T08:54:27,548 INFO  [00001180] 10:sasdemo@sas-aap - 17        +
2020-09-14T08:54:27,548 INFO  [00001180] 10:sasdemo@sas-aap - WARNING: The argument to macro function %SYSGET is not defined as a system variable.
2020-09-14T08:54:27,548 INFO  [00001180] 10:sasdemo@sas-aap - 18        +*  End EG generated code (do not edit this line);
2020-09-14T08:54:27,548 INFO  [00001180] 10:sasdemo@sas-aap - 19        +
2020-09-14T08:54:27,548 INFO  [00001180] 10:sasdemo@sas-aap - 20        +
2020-09-14T08:54:27,548 INFO  [00001180] 10:sasdemo@sas-aap -                                                                                           The SAS System
2020-09-14T08:54:27,548 INFO  [00001180] 10:sasdemo@sas-aap - 
2020-09-14T08:54:27,548 INFO  [00001180] 10:sasdemo@sas-aap - 21        +/* Copyright(c) 2019-2020 SAS Institute Inc., Cary, NC, USA. All Rights Reserved.  */
2020-09-14T08:54:27,548 INFO  [00001180] 10:sasdemo@sas-aap - 22        +%let basedir=%sysget(BASE_DIR);
2020-09-14T08:54:27,548 INFO  [00001180] 10:sasdemo@sas-aap - 23        +%include "&basedir./metaparms.sas";
2020-09-14T08:54:27,548 INFO  [00001180] 10:sasdemo@sas-aap - WARNING: Physical file does not exist, D:\metaparms.sas.
2020-09-14T08:54:27,548 INFO  [00001180] 10:sasdemo@sas-aap - ERROR: Cannot open %INCLUDE file /metaparms.sas.
2020-09-14T08:54:27,548 INFO  [00001180] 10:sasdemo@sas-aap - 24        +/*%macro postprocess(prefix, outlib);*/
2020-09-14T08:54:27,548 INFO  [00001180] 10:sasdemo@sas-aap - 25        +    %let dsprefix = %trim(%qlowcase(&prefix));
2020-09-14T08:54:27,548 INFO  [00001180] 10:sasdemo@sas-aap - WARNING: Apparent symbolic reference PREFIX not resolved.
2020-09-14T08:54:27,548 INFO  [00001180] 10:sasdemo@sas-aap - WARNING: Apparent symbolic reference PREFIX not resolved.
2020-09-14T08:54:27,548 INFO  [00001180] 10:sasdemo@sas-aap - WARNING: Apparent symbolic reference PREFIX not resolved.
2020-09-14T08:54:27,548 INFO  [00001180] 10:sasdemo@sas-aap - WARNING: Apparent symbolic reference PREFIX not resolved.
2020-09-14T08:54:27,548 INFO  [00001180] 10:sasdemo@sas-aap - WARNING: Apparent symbolic reference OUTLIB not resolved.
2020-09-14T08:54:27,548 INFO  [00001180] 10:sasdemo@sas-aap - 26        +    data &outlib..&dsprefix._issues;
2020-09-14T08:54:27,548 INFO  [00001180] 10:sasdemo@sas-aap -                     _
2020-09-14T08:54:27,548 INFO  [00001180] 10:sasdemo@sas-aap -                     22
2020-09-14T08:54:27,548 INFO  [00001180] 10:sasdemo@sas-aap -                     200
2020-09-14T08:54:27,548 INFO  [00001180] 10:sasdemo@sas-aap - WARNING: Apparent symbolic reference PREFIX_ISSUES not resolved.
2020-09-14T08:54:27,548 INFO  [00001180] 10:sasdemo@sas-aap - ERROR 22-322: Syntax error, expecting one of the following: a name, a quoted string, /, ;, _DATA_, _LAST_, _NULL_.  
2020-09-14T08:54:27,548 INFO  [00001180] 10:sasdemo@sas-aap - 
2020-09-14T08:54:27,548 INFO  [00001180] 10:sasdemo@sas-aap - ERROR 200-322: The symbol is not recognized and will be ignored.
2020-09-14T08:54:27,548 INFO  [00001180] 10:sasdemo@sas-aap - 
2020-09-14T08:54:27,548 INFO  [00001180] 10:sasdemo@sas-aap - 27        +      length element $ 40 engine $ 16 word $ 128 prefix $ 32 SERVER_LABEL $ 512 pgm_name $ 1024;
2020-09-14T08:54:27,548 INFO  [00001180] 10:sasdemo@sas-aap - 28        +      set tmp.results;
2020-09-14T08:54:27,548 INFO  [00001180] 10:sasdemo@sas-aap - ERROR: File TMP.RESULTS.DATA does not exist.
2020-09-14T08:54:27,548 INFO  [00001180] 10:sasdemo@sas-aap - 29        +      /* The restriction flag shows a code check issue */
2020-09-14T08:54:27,548 INFO  [00001180] 10:sasdemo@sas-aap - 30        +      /* The LIBNAME, INFILE, and FILENAME statement should have their paths verified */
2020-09-14T08:54:27,548 INFO  [00001180] 10:sasdemo@sas-aap - 31        +      /* and %INCLUDE */
2020-09-14T08:54:27,548 INFO  [00001180] 10:sasdemo@sas-aap - 32        +      if (upcase(left(line)) =: 'LIBNAME' or
2020-09-14T08:54:27,548 INFO  [00001180] 10:sasdemo@sas-aap - 33        +         upcase(left(line)) =: 'INFILE' or
2020-09-14T08:54:27,548 INFO  [00001180] 10:sasdemo@sas-aap - 34        +         upcase(left(line)) =: 'FILENAME' or
2020-09-14T08:54:27,548 INFO  [00001180] 10:sasdemo@sas-aap - 35        +         upcase(left(line)) =: '%INCLUDE' or
2020-09-14T08:54:27,548 INFO  [00001180] 10:sasdemo@sas-aap - 36        +         upcase(left(line)) =: '%INC') or
2020-09-14T08:54:27,548 INFO  [00001180] 10:sasdemo@sas-aap - 37        +         substr(restriction, 1, 1) = 'V';
2020-09-14T08:54:27,548 INFO  [00001180] 10:sasdemo@sas-aap - 38        +      /* code check issue */
2020-09-14T08:54:27,548 INFO  [00001180] 10:sasdemo@sas-aap - 39        +      if substr(restriction, 1, 1) = 'V' then
2020-09-14T08:54:27,548 INFO  [00001180] 10:sasdemo@sas-aap - 40        +         codeCheck_issue = 1;
2020-09-14T08:54:27,548 INFO  [00001180] 10:sasdemo@sas-aap - 41        +      else
2020-09-14T08:54:27,548 INFO  [00001180] 10:sasdemo@sas-aap - 42        +         codeCheck_issue = 0;
2020-09-14T08:54:27,548 INFO  [00001180] 10:sasdemo@sas-aap -                                                                                           The SAS System
2020-09-14T08:54:27,548 INFO  [00001180] 10:sasdemo@sas-aap - 
2020-09-14T08:54:27,548 INFO  [00001180] 10:sasdemo@sas-aap - 43        +      /* element */
2020-09-14T08:54:27,548 INFO  [00001180] 10:sasdemo@sas-aap - 44        +      if (keyword ne ' ') then do;
2020-09-14T08:54:27,548 INFO  [00001180] 10:sasdemo@sas-aap - 45        +         element = keyword;
2020-09-14T08:54:27,548 INFO  [00001180] 10:sasdemo@sas-aap - 46        +         /* resolve %INCLUDE alias */
2020-09-14T08:54:27,548 INFO  [00001180] 10:sasdemo@sas-aap - 47        +         if element = '%INC' then element = '%INCLUDE';
2020-09-14T08:54:27,548 INFO  [00001180] 10:sasdemo@sas-aap - 48        +         end;
2020-09-14T08:54:27,548 INFO  [00001180] 10:sasdemo@sas-aap - 49        +      else do;
2020-09-14T08:54:27,548 INFO  [00001180] 10:sasdemo@sas-aap - 50        +         if (step_boundary = 'Y' and procname ne ' ') then
2020-09-14T08:54:27,548 INFO  [00001180] 10:sasdemo@sas-aap - 51        +             element = procname;
2020-09-14T08:54:27,548 INFO  [00001180] 10:sasdemo@sas-aap - 52        +         else
2020-09-14T08:54:27,548 INFO  [00001180] 10:sasdemo@sas-aap - 53        +         element = ' ';
2020-09-14T08:54:27,548 INFO  [00001180] 10:sasdemo@sas-aap - 54        +      end;
2020-09-14T08:54:27,548 INFO  [00001180] 10:sasdemo@sas-aap - 55        +      /* append starting directory to srcdir */
2020-09-14T08:54:27,548 INFO  [00001180] 10:sasdemo@sas-aap - 56        +      if srcdir = '' then
2020-09-14T08:54:27,548 INFO  [00001180] 10:sasdemo@sas-aap - 57        +         srcdir = cats("&srcdata", "&d"); /* put delimiter on end of base directory */
2020-09-14T08:54:27,548 INFO  [00001180] 10:sasdemo@sas-aap - WARNING: Apparent symbolic reference SRCDATA not resolved.
2020-09-14T08:54:27,548 INFO  [00001180] 10:sasdemo@sas-aap - WARNING: Apparent symbolic reference D not resolved.
2020-09-14T08:54:27,548 INFO  [00001180] 10:sasdemo@sas-aap - 58        +      else
2020-09-14T08:54:27,548 INFO  [00001180] 10:sasdemo@sas-aap - 59        +         srcdir = catx("&d", "&srcdata", srcdir);
2020-09-14T08:54:27,548 INFO  [00001180] 10:sasdemo@sas-aap - WARNING: Apparent symbolic reference D not resolved.
2020-09-14T08:54:27,548 INFO  [00001180] 10:sasdemo@sas-aap - WARNING: Apparent symbolic reference SRCDATA not resolved.
2020-09-14T08:54:27,548 INFO  [00001180] 10:sasdemo@sas-aap - 60        +       pgm_name = cats(srcdir, srcfile);
2020-09-14T08:54:27,548 INFO  [00001180] 10:sasdemo@sas-aap - 61        +      /* engine */
2020-09-14T08:54:27,548 INFO  [00001180] 10:sasdemo@sas-aap - 62        +      if (element = 'LIBNAME') then do;
2020-09-14T08:54:27,548 INFO  [00001180] 10:sasdemo@sas-aap - 63        +         num_words = countw(line, ' ;');
2020-09-14T08:54:27,548 INFO  [00001180] 10:sasdemo@sas-aap - 64        +         if num_words ge 3 then do;
2020-09-14T08:54:27,548 INFO  [00001180] 10:sasdemo@sas-aap - 65        +            word = scan(line, 3, ' ;');
2020-09-14T08:54:27,548 INFO  [00001180] 10:sasdemo@sas-aap - 66        +            if (upcase(word) = 'CLEAR' OR
2020-09-14T08:54:27,548 INFO  [00001180] 10:sasdemo@sas-aap - 67        +                find(word, '"', 'i') ge 1 OR
2020-09-14T08:54:27,548 INFO  [00001180] 10:sasdemo@sas-aap - 68        +                find(word, "'", 'i') ge 1) then
2020-09-14T08:54:27,548 INFO  [00001180] 10:sasdemo@sas-aap - 69        +               engine = 'BASE';
2020-09-14T08:54:27,548 INFO  [00001180] 10:sasdemo@sas-aap - 70        +            else engine = word;
2020-09-14T08:54:27,548 INFO  [00001180] 10:sasdemo@sas-aap - 71        +         end;
2020-09-14T08:54:27,548 INFO  [00001180] 10:sasdemo@sas-aap - 72        +         else engine = ' ';
2020-09-14T08:54:27,548 INFO  [00001180] 10:sasdemo@sas-aap - 73        +      end;
2020-09-14T08:54:27,548 INFO  [00001180] 10:sasdemo@sas-aap - 74        +      else engine = ' ';
2020-09-14T08:54:27,548 INFO  [00001180] 10:sasdemo@sas-aap - 75        +     prefix = "&prefix";
2020-09-14T08:54:27,548 INFO  [00001180] 10:sasdemo@sas-aap - WARNING: Apparent symbolic reference PREFIX not resolved.
2020-09-14T08:54:27,548 INFO  [00001180] 10:sasdemo@sas-aap -                                                                                           The SAS System
2020-09-14T08:54:27,548 INFO  [00001180] 10:sasdemo@sas-aap - 
2020-09-14T08:54:27,548 INFO  [00001180] 10:sasdemo@sas-aap - 76        +      drop num_words word;
2020-09-14T08:54:27,548 INFO  [00001180] 10:sasdemo@sas-aap - 77        +      drop flag_data flag_inc flag_macro flags restriction srcdir srcfile step_count step_boundary keyword type;
2020-09-14T08:54:27,548 INFO  [00001180] 10:sasdemo@sas-aap - 78        +      SERVER_LABEL = "&METADATALABEL";
2020-09-14T08:54:27,548 INFO  [00001180] 10:sasdemo@sas-aap - WARNING: Apparent symbolic reference METADATALABEL not resolved.
2020-09-14T08:54:27,548 INFO  [00001180] 10:sasdemo@sas-aap - 79        +      run;
2020-09-14T08:54:27,548 INFO  [00001180] 10:sasdemo@sas-aap - 
2020-09-14T08:54:27,548 INFO  [00001180] 10:sasdemo@sas-aap - NOTE: Numeric values have been converted to character values at the places given by: (Line):(Column).
2020-09-14T08:54:27,548 INFO  [00001180] 10:sasdemo@sas-aap -       32:23   33:22   34:22   35:22   36:22   37:17   39:17   63:29   65:25   
2020-09-14T08:54:27,548 INFO  [00001180] 10:sasdemo@sas-aap - WARNING: The variable flag_data in the DROP, KEEP, or RENAME list has never been referenced.
2020-09-14T08:54:27,548 INFO  [00001180] 10:sasdemo@sas-aap - WARNING: The variable flag_inc in the DROP, KEEP, or RENAME list has never been referenced.
2020-09-14T08:54:27,548 INFO  [00001180] 10:sasdemo@sas-aap - WARNING: The variable flag_macro in the DROP, KEEP, or RENAME list has never been referenced.
2020-09-14T08:54:27,548 INFO  [00001180] 10:sasdemo@sas-aap - WARNING: The variable flags in the DROP, KEEP, or RENAME list has never been referenced.
2020-09-14T08:54:27,548 INFO  [00001180] 10:sasdemo@sas-aap - WARNING: The variable step_count in the DROP, KEEP, or RENAME list has never been referenced.
2020-09-14T08:54:27,548 INFO  [00001180] 10:sasdemo@sas-aap - WARNING: The variable type in the DROP, KEEP, or RENAME list has never been referenced.
2020-09-14T08:54:27,548 INFO  [00001180] 10:sasdemo@sas-aap - NOTE: The SAS System stopped processing this step because of errors.
2020-09-14T08:54:27,548 INFO  [00001180] 10:sasdemo@sas-aap - NOTE: Due to ERROR(s) above, SAS set option OBS=0, enabling syntax check mode. This prevents execution of subsequent data modification statements.
2020-09-14T08:54:27,548 INFO  [00001180] 10:sasdemo@sas-aap - WARNING: The data set WORK.PREFIX_ISSUES may be incomplete.  When this step was stopped there were 0 observations and 8 variables.
2020-09-14T08:54:27,548 INFO  [00001180] 10:sasdemo@sas-aap - NOTE: DATA statement used (Total process time):
2020-09-14T08:54:27,548 INFO  [00001180] 10:sasdemo@sas-aap -       real time           0.00 seconds
2020-09-14T08:54:27,548 INFO  [00001180] 10:sasdemo@sas-aap -       cpu time            0.01 seconds
2020-09-14T08:54:27,548 INFO  [00001180] 10:sasdemo@sas-aap -       
2020-09-14T08:54:27,548 INFO  [00001180] 10:sasdemo@sas-aap - 
2020-09-14T08:54:27,548 INFO  [00001180] 10:sasdemo@sas-aap - 80        +
2020-09-14T08:54:27,548 INFO  [00001180] 10:sasdemo@sas-aap - 81        +    proc sort data=tmp.results;
2020-09-14T08:54:27,548 INFO  [00001180] 10:sasdemo@sas-aap - ERROR: File TMP.RESULTS.DATA does not exist.
2020-09-14T08:54:27,548 INFO  [00001180] 10:sasdemo@sas-aap - 82        +       by srcdir srcfile n;
2020-09-14T08:54:27,548 INFO  [00001180] 10:sasdemo@sas-aap - ERROR: No data set open to look up variables.
2020-09-14T08:54:27,548 INFO  [00001180] 10:sasdemo@sas-aap - ERROR: No data set open to look up variables.
2020-09-14T08:54:27,548 INFO  [00001180] 10:sasdemo@sas-aap - ERROR: No data set open to look up variables.
2020-09-14T08:54:27,548 INFO  [00001180] 10:sasdemo@sas-aap - 83        +       run;
2020-09-14T08:54:27,548 INFO  [00001180] 10:sasdemo@sas-aap - 
2020-09-14T08:54:27,548 INFO  [00001180] 10:sasdemo@sas-aap - NOTE: The SAS System stopped processing this step because of errors.
2020-09-14T08:54:27,548 INFO  [00001180] 10:sasdemo@sas-aap - NOTE: PROCEDURE SORT used (Total process time):
2020-09-14T08:54:27,548 INFO  [00001180] 10:sasdemo@sas-aap -       real time           0.00 seconds
2020-09-14T08:54:27,548 INFO  [00001180] 10:sasdemo@sas-aap -       cpu time            0.00 seconds
2020-09-14T08:54:27,548 INFO  [00001180] 10:sasdemo@sas-aap -       
2020-09-14T08:54:27,548 INFO  [00001180] 10:sasdemo@sas-aap - WARNING: Apparent symbolic reference OUTLIB not resolved.
2020-09-14T08:54:27,548 INFO  [00001180] 10:sasdemo@sas-aap - 84        +
2020-09-14T08:54:27,548 INFO  [00001180] 10:sasdemo@sas-aap -                                                                                           The SAS System
2020-09-14T08:54:27,548 INFO  [00001180] 10:sasdemo@sas-aap - 
2020-09-14T08:54:27,548 INFO  [00001180] 10:sasdemo@sas-aap - 
2020-09-14T08:54:27,548 INFO  [00001180] 10:sasdemo@sas-aap - 
2020-09-14T08:54:27,548 INFO  [00001180] 10:sasdemo@sas-aap - 85        +    data &outlib..&dsprefix._elements;
2020-09-14T08:54:27,548 INFO  [00001180] 10:sasdemo@sas-aap -                     _
2020-09-14T08:54:27,548 INFO  [00001180] 10:sasdemo@sas-aap -                     22
2020-09-14T08:54:27,548 INFO  [00001180] 10:sasdemo@sas-aap -                     200
2020-09-14T08:54:27,548 INFO  [00001180] 10:sasdemo@sas-aap - WARNING: Apparent symbolic reference PREFIX_ELEMENTS not resolved.
2020-09-14T08:54:27,548 INFO  [00001180] 10:sasdemo@sas-aap - ERROR 22-322: Syntax error, expecting one of the following: a name, a quoted string, /, ;, _DATA_, _LAST_, _NULL_.  
2020-09-14T08:54:27,548 INFO  [00001180] 10:sasdemo@sas-aap - 
2020-09-14T08:54:27,548 INFO  [00001180] 10:sasdemo@sas-aap - ERROR 200-322: The symbol is not recognized and will be ignored.
2020-09-14T08:54:27,548 INFO  [00001180] 10:sasdemo@sas-aap - 
2020-09-14T08:54:27,548 INFO  [00001180] 10:sasdemo@sas-aap - 86        +       length step_type $ 32 element $ 40 engine $ 16 word $ 128 prefix $ 32 SERVER_LABEL $ 512 pgm_name $ 1024;
2020-09-14T08:54:27,548 INFO  [00001180] 10:sasdemo@sas-aap - 87        +       set tmp.results;
2020-09-14T08:54:27,548 INFO  [00001180] 10:sasdemo@sas-aap - ERROR: File TMP.RESULTS.DATA does not exist.
2020-09-14T08:54:27,548 INFO  [00001180] 10:sasdemo@sas-aap - 88        +       by srcdir srcfile n;
2020-09-14T08:54:27,548 INFO  [00001180] 10:sasdemo@sas-aap - 89        +       drop flag_data flag_inc flag_macro flags;
2020-09-14T08:54:27,548 INFO  [00001180] 10:sasdemo@sas-aap - 90        +       /* step type */
2020-09-14T08:54:27,548 INFO  [00001180] 10:sasdemo@sas-aap - 91        +       select;
2020-09-14T08:54:27,548 INFO  [00001180] 10:sasdemo@sas-aap - 92        +          when (category = 'OPENCODE') step_type = 'OPEN CODE';
2020-09-14T08:54:27,548 INFO  [00001180] 10:sasdemo@sas-aap - 93        +          when (category = 'DATASTEP') step_type = 'DATA STEP';
2020-09-14T08:54:27,548 INFO  [00001180] 10:sasdemo@sas-aap - 94        +          when (category = 'LIBNAME')  step_type = 'LIBNAME';
2020-09-14T08:54:27,548 INFO  [00001180] 10:sasdemo@sas-aap - 95        +          when (category = 'PROCEDURE') step_type = catx(' ', 'PROC', procname);
2020-09-14T08:54:27,548 INFO  [00001180] 10:sasdemo@sas-aap - 96        +          otherwise step_type = ' ';
2020-09-14T08:54:27,548 INFO  [00001180] 10:sasdemo@sas-aap - 97        +       end;
2020-09-14T08:54:27,549 INFO  [00001180] 10:sasdemo@sas-aap - 98        +       /* code check issue */
2020-09-14T08:54:27,549 INFO  [00001180] 10:sasdemo@sas-aap - 99        +       if substr(restriction, 1, 1) = 'V' then
2020-09-14T08:54:27,549 INFO  [00001180] 10:sasdemo@sas-aap - 100       +          codeCheck_issue = 1;
2020-09-14T08:54:27,549 INFO  [00001180] 10:sasdemo@sas-aap - 101       +       else
2020-09-14T08:54:27,549 INFO  [00001180] 10:sasdemo@sas-aap - 102       +          codeCheck_issue = 0;
2020-09-14T08:54:27,549 INFO  [00001180] 10:sasdemo@sas-aap - 103       +       /* element */
2020-09-14T08:54:27,549 INFO  [00001180] 10:sasdemo@sas-aap - 104       +      if (keyword ne ' ') then do;
2020-09-14T08:54:27,549 INFO  [00001180] 10:sasdemo@sas-aap - 105       +         element = keyword;
2020-09-14T08:54:27,549 INFO  [00001180] 10:sasdemo@sas-aap - 106       +         /* resolve %INCLUDE alias */
2020-09-14T08:54:27,549 INFO  [00001180] 10:sasdemo@sas-aap - 107       +         if element = '%INC' then do;
2020-09-14T08:54:27,549 INFO  [00001180] 10:sasdemo@sas-aap - 108       +            element = '%INCLUDE';
2020-09-14T08:54:27,549 INFO  [00001180] 10:sasdemo@sas-aap - 109       +            type = '%INCLUDE';
2020-09-14T08:54:27,549 INFO  [00001180] 10:sasdemo@sas-aap - 110       +            end;
2020-09-14T08:54:27,549 INFO  [00001180] 10:sasdemo@sas-aap - 111       +         end;
2020-09-14T08:54:27,549 INFO  [00001180] 10:sasdemo@sas-aap -                                                                                           The SAS System
2020-09-14T08:54:27,549 INFO  [00001180] 10:sasdemo@sas-aap - 
2020-09-14T08:54:27,549 INFO  [00001180] 10:sasdemo@sas-aap - 112       +       else do;
2020-09-14T08:54:27,549 INFO  [00001180] 10:sasdemo@sas-aap - 113       +          if (step_boundary = 'Y' and procname ne ' ') then
2020-09-14T08:54:27,549 INFO  [00001180] 10:sasdemo@sas-aap - 114       +         element = procname;
2020-09-14T08:54:27,549 INFO  [00001180] 10:sasdemo@sas-aap - 115       +          else
2020-09-14T08:54:27,549 INFO  [00001180] 10:sasdemo@sas-aap - 116       +         element = ' ';
2020-09-14T08:54:27,549 INFO  [00001180] 10:sasdemo@sas-aap - 117       +       end;
2020-09-14T08:54:27,549 INFO  [00001180] 10:sasdemo@sas-aap - 118       +      /* append starting directory to srcdir */
2020-09-14T08:54:27,549 INFO  [00001180] 10:sasdemo@sas-aap - 119       +      if srcdir = '' then
2020-09-14T08:54:27,549 INFO  [00001180] 10:sasdemo@sas-aap - 120       +         srcdir = cats("&srcdata", "&d"); /* put delimiter on end of base directory */
2020-09-14T08:54:27,549 INFO  [00001180] 10:sasdemo@sas-aap - WARNING: Apparent symbolic reference SRCDATA not resolved.
2020-09-14T08:54:27,549 INFO  [00001180] 10:sasdemo@sas-aap - WARNING: Apparent symbolic reference D not resolved.
2020-09-14T08:54:27,549 INFO  [00001180] 10:sasdemo@sas-aap - 121       +      else
2020-09-14T08:54:27,549 INFO  [00001180] 10:sasdemo@sas-aap - 122       +         srcdir = catx("&d", "&srcdata", srcdir);
2020-09-14T08:54:27,549 INFO  [00001180] 10:sasdemo@sas-aap - WARNING: Apparent symbolic reference D not resolved.
2020-09-14T08:54:27,549 INFO  [00001180] 10:sasdemo@sas-aap - WARNING: Apparent symbolic reference SRCDATA not resolved.
2020-09-14T08:54:27,549 INFO  [00001180] 10:sasdemo@sas-aap - 123       +       pgm_name = cats(srcdir, srcfile);
2020-09-14T08:54:27,549 INFO  [00001180] 10:sasdemo@sas-aap - 124       +       /* engine */
2020-09-14T08:54:27,549 INFO  [00001180] 10:sasdemo@sas-aap - 125       +       if (element = 'LIBNAME') then do;
2020-09-14T08:54:27,549 INFO  [00001180] 10:sasdemo@sas-aap - 126       +          num_words = countw(line, ' ;');
2020-09-14T08:54:27,549 INFO  [00001180] 10:sasdemo@sas-aap - 127       +          if num_words ge 3 then do;
2020-09-14T08:54:27,549 INFO  [00001180] 10:sasdemo@sas-aap - 128       +             word = scan(line, 3, ' ;');
2020-09-14T08:54:27,549 INFO  [00001180] 10:sasdemo@sas-aap - 129       +             if (upcase(word) = 'CLEAR' OR
2020-09-14T08:54:27,549 INFO  [00001180] 10:sasdemo@sas-aap - 130       +                 find(word, '"', 'i') ge 1 OR
2020-09-14T08:54:27,549 INFO  [00001180] 10:sasdemo@sas-aap - 131       +                 find(word, "'", 'i') ge 1) then
2020-09-14T08:54:27,549 INFO  [00001180] 10:sasdemo@sas-aap - 132       +                engine = 'BASE';
2020-09-14T08:54:27,549 INFO  [00001180] 10:sasdemo@sas-aap - 133       +             else engine = word;
2020-09-14T08:54:27,549 INFO  [00001180] 10:sasdemo@sas-aap - 134       +          end;
2020-09-14T08:54:27,549 INFO  [00001180] 10:sasdemo@sas-aap - 135       +          else engine = ' ';
2020-09-14T08:54:27,549 INFO  [00001180] 10:sasdemo@sas-aap - 136       +       end;
2020-09-14T08:54:27,549 INFO  [00001180] 10:sasdemo@sas-aap - 137       +       else engine = ' ';
2020-09-14T08:54:27,549 INFO  [00001180] 10:sasdemo@sas-aap - 138       +       prefix = "&prefix";
2020-09-14T08:54:27,549 INFO  [00001180] 10:sasdemo@sas-aap - WARNING: Apparent symbolic reference PREFIX not resolved.
2020-09-14T08:54:27,549 INFO  [00001180] 10:sasdemo@sas-aap - 139       +       drop num_words word;
2020-09-14T08:54:27,549 INFO  [00001180] 10:sasdemo@sas-aap - 140       +       drop restriction line srcdir srcfile step_count category;
2020-09-14T08:54:27,549 INFO  [00001180] 10:sasdemo@sas-aap - 141       +       SERVER_LABEL = "&METADATALABEL";
2020-09-14T08:54:27,549 INFO  [00001180] 10:sasdemo@sas-aap - WARNING: Apparent symbolic reference METADATALABEL not resolved.
2020-09-14T08:54:27,549 INFO  [00001180] 10:sasdemo@sas-aap - 142       +       run;
2020-09-14T08:54:27,549 INFO  [00001180] 10:sasdemo@sas-aap - 
2020-09-14T08:54:27,549 INFO  [00001180] 10:sasdemo@sas-aap -                                                                                           The SAS System
2020-09-14T08:54:27,549 INFO  [00001180] 10:sasdemo@sas-aap - 
2020-09-14T08:54:27,549 INFO  [00001180] 10:sasdemo@sas-aap - NOTE: Numeric values have been converted to character values at the places given by: (Line):(Column).
2020-09-14T08:54:27,549 INFO  [00001180] 10:sasdemo@sas-aap -       99:18    114:20   126:30   128:26   
2020-09-14T08:54:27,549 INFO  [00001180] 10:sasdemo@sas-aap - NOTE: Character values have been converted to numeric values at the places given by: (Line):(Column).
2020-09-14T08:54:27,549 INFO  [00001180] 10:sasdemo@sas-aap -       113:51   
2020-09-14T08:54:27,549 INFO  [00001180] 10:sasdemo@sas-aap - WARNING: The variable flag_data in the DROP, KEEP, or RENAME list has never been referenced.
2020-09-14T08:54:27,549 INFO  [00001180] 10:sasdemo@sas-aap - WARNING: The variable flag_inc in the DROP, KEEP, or RENAME list has never been referenced.
2020-09-14T08:54:27,549 INFO  [00001180] 10:sasdemo@sas-aap - WARNING: The variable flag_macro in the DROP, KEEP, or RENAME list has never been referenced.
2020-09-14T08:54:27,549 INFO  [00001180] 10:sasdemo@sas-aap - WARNING: The variable flags in the DROP, KEEP, or RENAME list has never been referenced.
2020-09-14T08:54:27,549 INFO  [00001180] 10:sasdemo@sas-aap - WARNING: The variable step_count in the DROP, KEEP, or RENAME list has never been referenced.
2020-09-14T08:54:27,549 INFO  [00001180] 10:sasdemo@sas-aap - NOTE: The SAS System stopped processing this step because of errors.
2020-09-14T08:54:27,549 INFO  [00001180] 10:sasdemo@sas-aap - WARNING: The data set WORK.PREFIX_ELEMENTS may be incomplete.  When this step was stopped there were 0 observations and 11 variables.
2020-09-14T08:54:27,549 INFO  [00001180] 10:sasdemo@sas-aap - NOTE: DATA statement used (Total process time):
2020-09-14T08:54:27,549 INFO  [00001180] 10:sasdemo@sas-aap -       real time           0.00 seconds
2020-09-14T08:54:27,549 INFO  [00001180] 10:sasdemo@sas-aap -       cpu time            0.00 seconds
2020-09-14T08:54:27,549 INFO  [00001180] 10:sasdemo@sas-aap -       
2020-09-14T08:54:27,549 INFO  [00001180] 10:sasdemo@sas-aap - 
2020-09-14T08:54:27,549 INFO  [00001180] 10:sasdemo@sas-aap - 143       +
2020-09-14T08:54:27,549 INFO  [00001180] 10:sasdemo@sas-aap - 144       +/*	   proc sql;*/
2020-09-14T08:54:27,549 INFO  [00001180] 10:sasdemo@sas-aap - 145       +/*	   create table &dsprefix._elements as select a.* ,b.poc_type*/
2020-09-14T08:54:27,549 INFO  [00001180] 10:sasdemo@sas-aap - 146       +/*	from &outlib..&dsprefix._elements a*/
2020-09-14T08:54:27,549 INFO  [00001180] 10:sasdemo@sas-aap - 147       +/*	left join tmp.keywords b on a.element=b.name;*/
2020-09-14T08:54:27,549 INFO  [00001180] 10:sasdemo@sas-aap - 148       +/*	data &outlib..&dsprefix._elements;*/
2020-09-14T08:54:27,549 INFO  [00001180] 10:sasdemo@sas-aap - 149       +/*	set &dsprefix._elements;*/
2020-09-14T08:54:27,549 INFO  [00001180] 10:sasdemo@sas-aap - 150       +/*	run;*/
2020-09-14T08:54:27,549 INFO  [00001180] 10:sasdemo@sas-aap - 151       +/*%mend postprocess;*/
2020-09-14T08:54:27,549 INFO  [00001180] 10:sasdemo@sas-aap - 152       +
2020-09-14T08:54:27,549 INFO  [00001180] 10:sasdemo@sas-aap - 153       +*  Begin EG generated code (do not edit this line);
2020-09-14T08:54:27,549 INFO  [00001180] 10:sasdemo@sas-aap - 154       +;*';*";*/;quit;
2020-09-14T08:54:27,549 INFO  [00001180] 10:sasdemo@sas-aap - 155       +%STPEND;
2020-09-14T08:54:27,549 INFO  [00001180] 10:sasdemo@sas-aap - 156       +
2020-09-14T08:54:27,549 INFO  [00001180] 10:sasdemo@sas-aap - 157       +*  End EG generated code (do not edit this line);
2020-09-14T08:54:27,549 INFO  [00001180] 10:sasdemo@sas-aap - 158       +
2020-09-14T08:54:27,549 INFO  [00001180] 10:sasdemo@sas-aap - NOTE: %INCLUDE (level 1) ending.
2020-09-14T08:54:27,549 INFO  [00001180] 10:sasdemo@sas-aap - =============== STP Context 4 Log End ===============
2020-09-14T08:54:27,559 INFO  [00001275] 10:sasdemo@sas-aap - STP: 4: Context Close
2020-09-14T08:54:27,585 INFO  [00001275] 10:sasdemo@sas-aap - STP: Sending cost=0 to Load Balancer. Context Cost=0 STP Session Cost=0
2020-09-14T08:54:27,586 INFO  [00001291] 10:sassrv@SAS-AAP - Client connection 10 for user sasdemo@sas-aap closed.
2020-09-14T08:54:27,586 INFO  [00001291] 10:sassrv@SAS-AAP - Client connection 11 for user sasdemo@sas-aap closed.
2020-09-14T08:56:25,280 INFO  [00001295] :sassrv@SAS-AAP - New out call client connection (13) for user sasdemo@sas-aap.  Encryption level is Credentials using encryption algorithm SASPROPRIETARY.  Peer IP address and port are [fe80::a1b8:c270:4ca2:1cfd%2]:8561.
2020-09-14T08:56:25,280 INFO  [00001295] :sasdemo@sas-aap - New client connection (12) accepted from server port 8611 for SAS token user sasdemo@sas-aap.  Encryption level is Credentials using encryption algorithm SASProprietary.  Peer IP address and port are [fe80::a1b8:c270:4ca2:1cfd%2]:50790 for APPNAME=SAS Enterprise Guide.
2020-09-14T08:56:25,315 INFO  [00001310] 12:sasdemo@sas-aap - STP: 5: Creating New Context, sessionID=
2020-09-14T08:56:25,350 INFO  [00001310] 12:sasdemo@sas-aap - STP: Sending cost=101 to Load Balancer. Context Cost=100 STP Session Cost=1
2020-09-14T08:56:25,475 INFO  [00001398] 12:sasdemo@sas-aap - STP: 5: Executing D:\opt Stored_Process_for_Program_1.sas
2020-09-14T08:56:25,476 INFO  [00000003] :sasdemo@sas-aap - [00000005] STPXUTL Execute using file path:  D:\opt\Stored_Process_for_Program_1.sas
2020-09-14T08:56:25,701 INFO  [00001398] 12:sasdemo@sas-aap - STP: 5: Execution Complete.  Status=0
2020-09-14T08:56:28,520 INFO  [00001584] 12:sasdemo@sas-aap - STP: 5: Context Close
2020-09-14T08:56:28,548 INFO  [00001584] 12:sasdemo@sas-aap - STP: Sending cost=0 to Load Balancer. Context Cost=0 STP Session Cost=0
2020-09-14T08:56:28,549 INFO  [00000008] :sassrv@SAS-AAP - Client connection 12 for user sasdemo@sas-aap closed.
2020-09-14T08:56:28,551 INFO  [00001602] :sassrv@SAS-AAP - Client connection 13 for user sasdemo@sas-aap closed.
