1                                                          The SAS System                           05:36 Monday, September 14, 2020

NOTE: Copyright (c) 2016 by SAS Institute Inc., Cary, NC, USA. 
NOTE: SAS (r) Proprietary Software 9.4 (TS1M6) 
      Licensed to 19W30_FASHBI, Site 70068130.
NOTE: This session is executing on the X64_DSRV16  platform.



NOTE: Analytical products:
      
      SAS/STAT 15.1
      SAS/ETS 15.1
      SAS/OR 15.1
      SAS/QC 15.1

NOTE: Additional host information:

 X64_DSRV16 WIN 10.0.14393  Server

NOTE: SAS initialization used:
      real time           0.08 seconds
      cpu time            0.07 seconds
      
NOTE: Libref SASDATA successfully assigned from logical server.
NOTE: Libref WRSDIST successfully assigned from logical server.
NOTE: Libref WRSTEMP successfully assigned from logical server.
NOTE: Libref VALIB successfully assigned from logical server.
NOTE: Libref PMMODEL successfully assigned from logical server.
NOTE: Libref STPSAMP successfully assigned from logical server.

NOTE: AUTOEXEC processing beginning; file is D:\SAS\Config\Lev1\SASApp\BatchServer\autoexec.sas.


NOTE: AUTOEXEC processing completed.

1          
2          proc datasets lib=mst_prep nolist nowarn;
ERROR: Libref MST_PREP is not assigned.
3           delete CC_NEW_PARTY_TRANSACTION;
4           quit;

NOTE: Statements not processed because of errors noted above.
NOTE: The SAS System stopped processing this step because of errors.
NOTE: Due to ERROR(s) above, SAS set option OBS=0, enabling syntax check mode. 
      This prevents execution of subsequent data modification statements.
NOTE: PROCEDURE DATASETS used (Total process time):
      real time           0.02 seconds
      cpu time            0.01 seconds
      
5          	


5        !  proc sql;
NOTE: PROC SQL set option NOEXEC and will continue to check the syntax of statements.
6          	create table mst_prep.CC_NEW_PARTY_TRANSACTION as
7              select
8                        A.account_number,
9                        B.party_number,
10         			  input(put(I.date_key,8.),yymmdd8.) as date_key format=yymmdd8. length=5,
2                                                          The SAS System                           05:36 Monday, September 14, 2020

11         			  B.customer_risk_category,
12         			  B.customer_since_date,
13         			  C.transaction_cdi_code,
14                       C.primary_medium_desc,
15                       F.currency_code,
16                       I.currency_amount,
17                       I.transaction_key,
18         			  input("&runasofdate",yymmdd8.) - datepart(customer_since_date) as no_of_days_since_active
WARNING: Apparent symbolic reference RUNASOFDATE not resolved.
19         			  from
20                       seg_kc.fsc_account_dim A,
21                       seg_kc.fsc_party_dim B,
22                       seg_kc.fsc_transaction_type_dim C,
23                       seg_kc.fsc_currency_dim F,
24                       seg_kc.fsc_party_account_bridge H,
25                       seg_kc.fsc_cash_flow_fact I
26                       where
27                       I.account_key = A.account_key and
28                       A.account_key = H.account_key and
29                       B.party_key = H.party_key and
30                       I.transaction_type_key = C.transaction_type_key and
31                       I.transaction_currency_key = F.currency_key and
32         			  I.date_key <= &runasofdate and
                              _
                              22
WARNING: Apparent symbolic reference RUNASOFDATE not resolved.
ERROR 22-322: Syntax error, expecting one of the following: a name, a quoted string, a numeric constant, a datetime constant, 
              a missing value, BTRIM, INPUT, PUT, SUBSTRING, USER.  

33                  	  I.date_key >= input(put(datepart(customer_since_date),yymmddn8.),8.) and
34                       H.role_key = 1 and
35                       H.change_current_ind = 'Y' and
36         input("&runasofdate",yymmdd8.) - datepart(customer_since_date)<=30
WARNING: Apparent symbolic reference RUNASOFDATE not resolved.
37         order by party_number,date_key;
38         	QUIT;
NOTE: The SAS System stopped processing this step because of errors.
NOTE: PROCEDURE SQL used (Total process time):
      real time           0.00 seconds
      cpu time            0.00 seconds
      

ERROR: Errors printed on pages 1,2.

NOTE: SAS Institute Inc., SAS Campus Drive, Cary, NC USA 27513-2414
NOTE: The SAS System used:
      real time           0.17 seconds
      cpu time            0.14 seconds
      
