1                                                          The SAS System                           05:37 Monday, September 14, 2020

NOTE: Copyright (c) 2016 by SAS Institute Inc., Cary, NC, USA. 
NOTE: SAS (r) Proprietary Software 9.4 (TS1M6) 
      Licensed to 19W30_FASHBI, Site 70068130.
NOTE: This session is executing on the X64_DSRV16  platform.



NOTE: Analytical products:
      
      SAS/STAT 15.1
      SAS/ETS 15.1
      SAS/OR 15.1
      SAS/QC 15.1

NOTE: Additional host information:

 X64_DSRV16 WIN 10.0.14393  Server

NOTE: SAS initialization used:
      real time           0.07 seconds
      cpu time            0.06 seconds
      
NOTE: Libref SASDATA successfully assigned from logical server.
NOTE: Libref WRSDIST successfully assigned from logical server.
NOTE: Libref WRSTEMP successfully assigned from logical server.
NOTE: Libref VALIB successfully assigned from logical server.
NOTE: Libref PMMODEL successfully assigned from logical server.
NOTE: Libref STPSAMP successfully assigned from logical server.

NOTE: AUTOEXEC processing beginning; file is D:\SAS\Config\Lev1\SASApp\BatchServer\autoexec.sas.


NOTE: AUTOEXEC processing completed.

1          %fcsautoexec(aml_auto=1,bnk=BANK1BU);
           _
           180
WARNING: Apparent invocation of macro FCSAUTOEXEC not resolved.

ERROR 180-322: Statement is not valid or it is used out of proper order.

WARNING: Apparent invocation of macro CLEAR_CORE_KC not resolved.
2          %clear_core_kc(KC=1, CASE=1, RR=1, FT=1);
           _
           180

ERROR 180-322: Statement is not valid or it is used out of proper order.

3          
4          proc sql noprint;
NOTE: PROC SQL set option NOEXEC and will continue to check the syntax of statements.
5             /* delete * from mst_aler.fsk_alert_event; */
6              delete * from mst_aler.ranked_risk_factor_alerts;
ERROR: Libref MST_ALER is not assigned.
ERROR: Libref MST_ALER is not assigned.
7              delete * from mst_aler.routed_alerts;
ERROR: Libref MST_ALER is not assigned.
ERROR: Libref MST_ALER is not assigned.
2                                                          The SAS System                           05:37 Monday, September 14, 2020

8              delete * from stg_aler.entity_alerts;
ERROR: Libref STG_ALER is not assigned.
ERROR: Libref STG_ALER is not assigned.
9              delete * from stg_aler.combined_alerts;
ERROR: Libref STG_ALER is not assigned.
ERROR: Libref STG_ALER is not assigned.
10         	delete * from stg_aler.triggering_transaction_keys;
ERROR: Libref STG_ALER is not assigned.
ERROR: Libref STG_ALER is not assigned.
11         quit;
NOTE: The SAS System stopped processing this step because of errors.
NOTE: Due to ERROR(s) above, SAS set option OBS=0, enabling syntax check mode. 
      This prevents execution of subsequent data modification statements.
NOTE: PROCEDURE SQL used (Total process time):
      real time           0.00 seconds
      cpu time            0.00 seconds
      
12         


13         proc datasets library=mst_aler kill;
ERROR: Libref MST_ALER is not assigned.
14            delete _all_;
15         run;

NOTE: Statements not processed because of errors noted above.
NOTE: PROCEDURE DATASETS used (Total process time):
      real time           0.02 seconds
      cpu time            0.01 seconds
      
NOTE: The SAS System stopped processing this step because of errors.
16         


17         proc datasets library=stg_aler kill;
ERROR: Libref STG_ALER is not assigned.
18            delete _all_;
19         run;

NOTE: Statements not processed because of errors noted above.
NOTE: PROCEDURE DATASETS used (Total process time):
      real time           0.00 seconds
      cpu time            0.00 seconds
      
NOTE: The SAS System stopped processing this step because of errors.
20         


21         proc datasets library=work kill;
                                                             Directory

                     Libref             WORK                                                                  
                     Engine             V9                                                                    
                     Physical Name      C:\Users\sas\AppData\Local\Temp\2\SAS Temporary Files\_TD8352_SAS-AAP_
                     Filename           C:\Users\sas\AppData\Local\Temp\2\SAS Temporary Files\_TD8352_SAS-AAP_
                     Owner Name         BUILTIN\Administrators                                                
                     File Size          0KB                                                                   
                     File Size (bytes)  0                                                                     
3                                                          The SAS System                           05:37 Monday, September 14, 2020

                                              Member
                                  #  Name     Type         File Size  Last Modified

                                  1  REGSTRY  ITEMSTOR          13KB  09/14/2020 05:37:25        
22            delete _all_;
23         run;

NOTE: PROCEDURE DATASETS used (Total process time):
      real time           0.38 seconds
      cpu time            0.01 seconds
      

ERROR: Errors printed on pages 1,2.

NOTE: SAS Institute Inc., SAS Campus Drive, Cary, NC USA 27513-2414
NOTE: The SAS System used:
      real time           0.62 seconds
      cpu time            0.20 seconds
      
