1                                                          The SAS System                           05:37 Monday, September 14, 2020

NOTE: Copyright (c) 2016 by SAS Institute Inc., Cary, NC, USA. 
NOTE: SAS (r) Proprietary Software 9.4 (TS1M6) 
      Licensed to 19W30_FASHBI, Site 70068130.
NOTE: This session is executing on the X64_DSRV16  platform.



NOTE: Analytical products:
      
      SAS/STAT 15.1
      SAS/ETS 15.1
      SAS/OR 15.1
      SAS/QC 15.1

NOTE: Additional host information:

 X64_DSRV16 WIN 10.0.14393  Server

NOTE: SAS initialization used:
      real time           0.08 seconds
      cpu time            0.09 seconds
      
NOTE: Libref SASDATA successfully assigned from logical server.
NOTE: Libref WRSDIST successfully assigned from logical server.
NOTE: Libref WRSTEMP successfully assigned from logical server.
NOTE: Libref VALIB successfully assigned from logical server.
NOTE: Libref PMMODEL successfully assigned from logical server.
NOTE: Libref STPSAMP successfully assigned from logical server.

NOTE: AUTOEXEC processing beginning; file is D:\SAS\Config\Lev1\SASApp\BatchServer\autoexec.sas.


NOTE: AUTOEXEC processing completed.

1          %fcsautoexec(cdd_auto=1,bnk=BANK1BU);
           _
           180
WARNING: Apparent invocation of macro FCSAUTOEXEC not resolved.

ERROR 180-322: Statement is not valid or it is used out of proper order.

2          %include 'D:\opt\sasinside\Projects\global\macros\cdd_run_macros.sas';
WARNING: Physical file does not exist, D:\opt\sasinside\Projects\global\macros\cdd_run_macros.sas.
ERROR: Cannot open %INCLUDE file D:\opt\sasinside\Projects\global\macros\cdd_run_macros.sas.
3          %cdd_cleanup_all;
           _
           180
WARNING: Apparent invocation of macro CDD_CLEANUP_ALL not resolved.

ERROR 180-322: Statement is not valid or it is used out of proper order.

ERROR: Errors printed on page 1.

NOTE: SAS Institute Inc., SAS Campus Drive, Cary, NC USA 27513-2414
NOTE: The SAS System used:
      real time           0.13 seconds
      cpu time            0.15 seconds
      
