1                                                          The SAS System                           05:38 Monday, September 14, 2020

NOTE: Copyright (c) 2016 by SAS Institute Inc., Cary, NC, USA. 
NOTE: SAS (r) Proprietary Software 9.4 (TS1M6) 
      Licensed to 19W30_FASHBI, Site 70068130.
NOTE: This session is executing on the X64_DSRV16  platform.



NOTE: Analytical products:
      
      SAS/STAT 15.1
      SAS/ETS 15.1
      SAS/OR 15.1
      SAS/QC 15.1

NOTE: Additional host information:

 X64_DSRV16 WIN 10.0.14393  Server

NOTE: SAS initialization used:
      real time           0.07 seconds
      cpu time            0.15 seconds
      
NOTE: Libref SASDATA successfully assigned from logical server.
NOTE: Libref WRSDIST successfully assigned from logical server.
NOTE: Libref WRSTEMP successfully assigned from logical server.
NOTE: Libref VALIB successfully assigned from logical server.
NOTE: Libref PMMODEL successfully assigned from logical server.
NOTE: Libref STPSAMP successfully assigned from logical server.

NOTE: AUTOEXEC processing beginning; file is D:\SAS\Config\Lev1\SASApp\BatchServer\autoexec.sas.


NOTE: AUTOEXEC processing completed.

1          %fcsautoexec(fcf_auto=1,aml_auto=1,bnk=BANK1BU);
           _
           180
WARNING: Apparent invocation of macro FCSAUTOEXEC not resolved.

ERROR 180-322: Statement is not valid or it is used out of proper order.

WARNING: Apparent invocation of macro SET_RUN_DATE not resolved.
2          
3          %set_run_date(run_date='02NOV2015');
           _
           180

ERROR 180-322: Statement is not valid or it is used out of proper order.

WARNING: Apparent invocation of macro CLEAR_CORE_KC not resolved.
4          %clear_core_kc(KC=1, CASE=1, RR=1, FT=1);
           _
           180

ERROR 180-322: Statement is not valid or it is used out of proper order.

WARNING: Apparent invocation of macro FCF_FUNDSTRACKER_CREATE_DATA not resolved.
5          %fcf_fundstracker_create_data;
2                                                          The SAS System                           05:38 Monday, September 14, 2020

           _
           180

ERROR 180-322: Statement is not valid or it is used out of proper order.

WARNING: Apparent invocation of macro RUN_AGP not resolved.
6          %run_agp;
           _
           180

ERROR 180-322: Statement is not valid or it is used out of proper order.

WARNING: Apparent invocation of macro RUN_AGP not resolved.
7          %run_agp;
           _
           180

ERROR 180-322: Statement is not valid or it is used out of proper order.

WARNING: Apparent invocation of macro RUN_AGP not resolved.
8          %run_agp;
           _
           180

ERROR 180-322: Statement is not valid or it is used out of proper order.

WARNING: Apparent invocation of macro RUN_AGP not resolved.
9          %run_agp;
           _
           180

ERROR 180-322: Statement is not valid or it is used out of proper order.

WARNING: Apparent invocation of macro RUN_AGP not resolved.
10         %run_agp;
           _
           180

ERROR 180-322: Statement is not valid or it is used out of proper order.

ERROR: Errors printed on pages 1,2.

NOTE: SAS Institute Inc., SAS Campus Drive, Cary, NC USA 27513-2414
NOTE: The SAS System used:
      real time           0.13 seconds
      cpu time            0.18 seconds
      
