1                                                          The SAS System                           05:38 Monday, September 14, 2020

NOTE: Copyright (c) 2016 by SAS Institute Inc., Cary, NC, USA. 
NOTE: SAS (r) Proprietary Software 9.4 (TS1M6) 
      Licensed to 19W30_FASHBI, Site 70068130.
NOTE: This session is executing on the X64_DSRV16  platform.



NOTE: Analytical products:
      
      SAS/STAT 15.1
      SAS/ETS 15.1
      SAS/OR 15.1
      SAS/QC 15.1

NOTE: Additional host information:

 X64_DSRV16 WIN 10.0.14393  Server

NOTE: SAS initialization used:
      real time           0.08 seconds
      cpu time            0.10 seconds
      
NOTE: Libref SASDATA successfully assigned from logical server.
NOTE: Libref WRSDIST successfully assigned from logical server.
NOTE: Libref WRSTEMP successfully assigned from logical server.
NOTE: Libref VALIB successfully assigned from logical server.
NOTE: Libref PMMODEL successfully assigned from logical server.
NOTE: Libref STPSAMP successfully assigned from logical server.

NOTE: AUTOEXEC processing beginning; file is D:\SAS\Config\Lev1\SASApp\BatchServer\autoexec.sas.


NOTE: AUTOEXEC processing completed.

1          %include "D:\opt\sasinside\Config\Lev1/Applications/SASComplianceSolutions/BANK1BU/custom/config/rpt_autoexec.sas";
WARNING: Physical file does not exist, 
         D:\opt\sasinside\Config\Lev1\Applications\SASComplianceSolutions\BANK1BU\custom\config\rpt_autoexec.sas.
ERROR: Cannot open %INCLUDE file 
       D:\opt\sasinside\Config\Lev1/Applications/SASComplianceSolutions/BANK1BU/custom/config/rpt_autoexec.sas.
2          %include
2        ! "D:\opt\sasinside\Config\Lev1/Applications/SASComplianceSolutions/BANK1BU/reports/fcf_alert_investigation_extract.sas";
WARNING: Physical file does not exist, 
         D:\opt\sasinside\Config\Lev1\Applications\SASComplianceSolutions\BANK1BU\reports\fcf_alert_investigation_extract.sas.
ERROR: Cannot open %INCLUDE file 
       D:\opt\sasinside\Config\Lev1/Applications/SASComplianceSolutions/BANK1BU/reports/fcf_alert_investigation_extract.sas.
3          %fcf_alert_investigation_extract
           _
           180
WARNING: Apparent invocation of macro FCF_ALERT_INVESTIGATION_EXTRACT not resolved.
ERROR 180-322: Statement is not valid or it is used out of proper order.

4          %include
4        ! "D:\opt\sasinside\Config\Lev1/Applications/SASComplianceSolutions/BANK1BU/reports/fcf_risk_class_list_extract.sas";

WARNING: Apparent invocation of macro FCF_RISK_CLASS_LIST_EXTRACT not resolved.
5          %fcf_risk_class_list_extract
           _
           180
2                                                          The SAS System                           05:38 Monday, September 14, 2020

ERROR 180-322: Statement is not valid or it is used out of proper order.

6          %include
6        ! "D:\opt\sasinside\Config\Lev1/Applications/SASComplianceSolutions/BANK1BU/reports/fcf_scenario_administration_extract.sas
6        ! ";

WARNING: Apparent invocation of macro FCF_SCENARIO_ADMIN_EXTRACT not resolved.
7          %fcf_scenario_admin_extract
           _
           180
ERROR 180-322: Statement is not valid or it is used out of proper order.

8          %include "D:\opt\sasinside\Config\Lev1/Applications/SASComplianceSolutions/BANK1BU/reports/fcf_system_admin_extract.sas";

WARNING: Apparent invocation of macro FCF_SYSTEM_ADMIN_EXTRACT not resolved.
9          %fcf_system_admin_extract
           _
           180

ERROR 180-322: Statement is not valid or it is used out of proper order.

ERROR: Errors printed on pages 1,2.

NOTE: SAS Institute Inc., SAS Campus Drive, Cary, NC USA 27513-2414
NOTE: The SAS System used:
      real time           0.14 seconds
      cpu time            0.17 seconds
      
