1                                                          The SAS System                           05:38 Monday, September 14, 2020

NOTE: Copyright (c) 2016 by SAS Institute Inc., Cary, NC, USA. 
NOTE: SAS (r) Proprietary Software 9.4 (TS1M6) 
      Licensed to 19W30_FASHBI, Site 70068130.
NOTE: This session is executing on the X64_DSRV16  platform.



NOTE: Analytical products:
      
      SAS/STAT 15.1
      SAS/ETS 15.1
      SAS/OR 15.1
      SAS/QC 15.1

NOTE: Additional host information:

 X64_DSRV16 WIN 10.0.14393  Server

NOTE: SAS initialization used:
      real time           0.08 seconds
      cpu time            0.12 seconds
      
NOTE: Libref SASDATA successfully assigned from logical server.
NOTE: Libref WRSDIST successfully assigned from logical server.
NOTE: Libref WRSTEMP successfully assigned from logical server.
NOTE: Libref VALIB successfully assigned from logical server.
NOTE: Libref PMMODEL successfully assigned from logical server.
NOTE: Libref STPSAMP successfully assigned from logical server.

NOTE: AUTOEXEC processing beginning; file is D:\SAS\Config\Lev1\SASApp\BatchServer\autoexec.sas.


NOTE: AUTOEXEC processing completed.

1          /* CRR processing script */
2          %fcsautoexec(fcf_auto=1, cdd_auto=1,bnk=BANK1BU);
           _
           180
WARNING: Apparent invocation of macro FCSAUTOEXEC not resolved.

ERROR 180-322: Statement is not valid or it is used out of proper order.

3          %include 'D:\opt\sasinside\Projects\global\macros\cdd_run_macros.sas';
WARNING: Physical file does not exist, D:\opt\sasinside\Projects\global\macros\cdd_run_macros.sas.
ERROR: Cannot open %INCLUDE file D:\opt\sasinside\Projects\global\macros\cdd_run_macros.sas.
4          
5          options mprint mlogic symbolgen;
6          
7          /*
8          ** define initial conditions
9          */
10         
11         proc sql;
NOTE: PROC SQL set option NOEXEC and will continue to check the syntax of statements.
12         update db_core.fsc_party_dim
13         set susp_actv_rpt_count=0, politically_exposed_person_ind="N"
14         where party_number="10001987";
ERROR: Libref DB_CORE is not assigned.
2                                                          The SAS System                           05:38 Monday, September 14, 2020

ERROR: Libref DB_CORE is not assigned.
15         quit;
NOTE: The SAS System stopped processing this step because of errors.
NOTE: Due to ERROR(s) above, SAS set option OBS=0, enabling syntax check mode. 
      This prevents execution of subsequent data modification statements.
NOTE: PROCEDURE SQL used (Total process time):
      real time           0.00 seconds
      cpu time            0.00 seconds
      
16         
17         /* John Kurtz - CDD Review triggered by expired identifiation (passport) */


18         proc sql;
NOTE: PROC SQL set option NOEXEC and will continue to check the syntax of statements.
19         update db_core.fsc_party_dim
20         set id_expired_ind="N",
21         	party_id_expire_date='01JAN2099:00:00:00'dt
22         where party_number="10808271";
ERROR: Libref DB_CORE is not assigned.
ERROR: Libref DB_CORE is not assigned.
23         quit;
NOTE: The SAS System stopped processing this step because of errors.
NOTE: PROCEDURE SQL used (Total process time):
      real time           0.02 seconds
      cpu time            0.00 seconds
      
24         
25         /* Stacey Edelstein - CDD Review triggered by address change */


26         proc sql;
NOTE: PROC SQL set option NOEXEC and will continue to check the syntax of statements.
27         update db_core.fsc_party_dim
28         set id_expired_ind="N",
29         	party_id_expire_date='01JAN2099:00:00:00'dt,
30         	street_address_1="4954 RUE CLEMENT-LOCKQUELL",
31         	street_city_name="QU BEC",
32         	street_state_code="PQ ",
33         	street_postal_code="G3A 1V5   ",
34         	street_country_code="CAN",
35         	street_country_name="CANADA",
36         	mailing_address_1="4954 RUE CLEMENT-LOCKQUELL",
37         	mailing_city_name="QU BEC",
38         	mailing_state_code="PQ ",
39         	mailing_postal_code="G3A 1V5   ",
40         	mailing_country_code="CAN",
41         	mailing_country_name="CANADA",
42         	residence_country_code="CAN",
43         	residence_country_name="CANADA"
44         where party_number="10004620";
ERROR: Libref DB_CORE is not assigned.
ERROR: Libref DB_CORE is not assigned.
45         quit;
NOTE: The SAS System stopped processing this step because of errors.
NOTE: PROCEDURE SQL used (Total process time):
      real time           0.00 seconds
      cpu time            0.00 seconds
3                                                          The SAS System                           05:38 Monday, September 14, 2020

      
46         
47         /*
48         ** clear UBO CRR rule trigger conditions
49         **
50         ** 					Company   							UBO Party Numbers
51         ** --------------------------------------------	   --------------------------
52         ** Economical Mutual Insurance Group (10009958)		10627400 10377330 10263408
53         ** Community Newspapers Inc (10446901)				10472997 10400568
54         */


55         proc sql;
NOTE: PROC SQL set option NOEXEC and will continue to check the syntax of statements.
56         update db_core.fsc_party_dim
57         set politically_exposed_person_ind="N",
58         	negative_news_ind="N"
59         where party_number in ("10627400","10377330","10263408","10009958","10472997","10400568","10446901");
ERROR: Libref DB_CORE is not assigned.
ERROR: Libref DB_CORE is not assigned.
60         quit;
NOTE: The SAS System stopped processing this step because of errors.
NOTE: PROCEDURE SQL used (Total process time):
      real time           0.00 seconds
      cpu time            0.00 seconds
      
WARNING: Apparent invocation of macro CDD_ASOFDTTM not resolved.
61         
WARNING: Apparent invocation of macro INSERT_CDD_DATE not resolved.
62         /*
WARNING: Apparent invocation of macro RUN_CDD_CRR not resolved.
63         ** begin executing CRR runs
64         */
WARNING: Apparent invocation of macro INSERT_CDD_DATE not resolved.
65         %cdd_asofdttm(action=RESET);
WARNING: Apparent invocation of macro RUN_CDD_CRR not resolved.
66         %insert_cdd_date(run_date='05OCT2017:06:00:00');
67         %run_cdd_crr();
68         
69         %insert_cdd_date(run_date='05NOV2017:06:00:00');
70         %run_cdd_crr();
71         
72         /* create risk conditions */
73         


74         proc sql;
NOTE: PROC SQL set option NOEXEC and will continue to check the syntax of statements.
75         update db_core.fsc_party_dim
76         set politically_exposed_person_ind="Y"
77         where party_number="10001987";
ERROR: Libref DB_CORE is not assigned.
ERROR: Libref DB_CORE is not assigned.
78         quit;
NOTE: The SAS System stopped processing this step because of errors.
NOTE: PROCEDURE SQL used (Total process time):
      real time           0.00 seconds
      cpu time            0.00 seconds
4                                                          The SAS System                           05:38 Monday, September 14, 2020

      
79         
80         /* Set UBO CRR rule trigger conditions */


81         proc sql;
NOTE: PROC SQL set option NOEXEC and will continue to check the syntax of statements.
82         update db_core.fsc_party_dim
83         set negative_news_ind="Y"
84         where party_number in ("10627400","10377330");
ERROR: Libref DB_CORE is not assigned.
ERROR: Libref DB_CORE is not assigned.
84       !                                                /* use two UBOs to create an auto-high condition */
85         quit;
NOTE: The SAS System stopped processing this step because of errors.
NOTE: PROCEDURE SQL used (Total process time):
      real time           0.00 seconds
      cpu time            0.00 seconds
      


86         proc sql;
NOTE: PROC SQL set option NOEXEC and will continue to check the syntax of statements.
87         update db_core.fsc_party_dim
88         set politically_exposed_person_ind="Y"
89         where party_number in ("10472997");
ERROR: Libref DB_CORE is not assigned.
ERROR: Libref DB_CORE is not assigned.
90         quit;
NOTE: The SAS System stopped processing this step because of errors.
NOTE: PROCEDURE SQL used (Total process time):
      real time           0.00 seconds
      cpu time            0.00 seconds
      
WARNING: Apparent invocation of macro INSERT_CDD_DATE not resolved.
WARNING: Apparent invocation of macro RUN_CDD_CRR not resolved.
91         
92         %insert_cdd_date(run_date='05DEC2017:06:00:00');
93         %run_cdd_crr();
94         


95         proc sql;
NOTE: PROC SQL set option NOEXEC and will continue to check the syntax of statements.
96         update db_core.fsc_party_dim
97         set susp_actv_rpt_count=1
98         where party_number="10001987";
ERROR: Libref DB_CORE is not assigned.
ERROR: Libref DB_CORE is not assigned.
99         quit;
NOTE: The SAS System stopped processing this step because of errors.
NOTE: PROCEDURE SQL used (Total process time):
      real time           0.00 seconds
      cpu time            0.00 seconds
      
100        


5                                                          The SAS System                           05:38 Monday, September 14, 2020

101        proc sql;
NOTE: PROC SQL set option NOEXEC and will continue to check the syntax of statements.
102        update db_core.fsc_party_dim
103        set id_expired_ind="Y",
104        	party_id_expire_date='31DEC2017:00:00:00'dt
105        where party_number="10808271";
ERROR: Libref DB_CORE is not assigned.
ERROR: Libref DB_CORE is not assigned.
106        quit;
NOTE: The SAS System stopped processing this step because of errors.
NOTE: PROCEDURE SQL used (Total process time):
      real time           0.00 seconds
      cpu time            0.00 seconds
      
107        
108        /* Stacey Edelstein - CDD Review triggered by address change */


109        proc sql;
NOTE: PROC SQL set option NOEXEC and will continue to check the syntax of statements.
110        update db_core.fsc_party_dim
111        set street_address_1="",
112        	street_city_name="",
113        	street_state_code="",
114        	street_postal_code="",
115        	street_country_code="SLE",
116        	street_country_name="SIERRA LEONE",
117        	mailing_address_1="",
118        	mailing_city_name="",
119        	mailing_state_code="",
120        	mailing_postal_code="",
121        	mailing_country_code="SLE",
122        	mailing_country_name="SIERRA LEONE",
123        	residence_country_code="SLE",
124        	residence_country_name="SIERRA LEONE"
125        where party_number="10004620";
ERROR: Libref DB_CORE is not assigned.
ERROR: Libref DB_CORE is not assigned.
126        quit;
NOTE: The SAS System stopped processing this step because of errors.
NOTE: PROCEDURE SQL used (Total process time):
      real time           0.00 seconds
      cpu time            0.00 seconds
      
WARNING: Apparent invocation of macro INSERT_CDD_DATE not resolved.
WARNING: Apparent invocation of macro RUN_CDD_CRR not resolved.
127        
128        %insert_cdd_date(run_date='05JAN2018:06:00:00');
129        %run_cdd_crr();
130        


ERROR: Errors printed on pages 1,2,3,4,5.

NOTE: SAS Institute Inc., SAS Campus Drive, Cary, NC USA 27513-2414
NOTE: The SAS System used:
      real time           0.18 seconds
      cpu time            0.17 seconds
6                                                          The SAS System                           05:38 Monday, September 14, 2020

      
