1                                                          The SAS System                           05:35 Monday, September 14, 2020

NOTE: Copyright (c) 2016 by SAS Institute Inc., Cary, NC, USA. 
NOTE: SAS (r) Proprietary Software 9.4 (TS1M6) 
      Licensed to 19W30_FASHBI, Site 70068130.
NOTE: This session is executing on the X64_DSRV16  platform.



NOTE: Analytical products:
      
      SAS/STAT 15.1
      SAS/ETS 15.1
      SAS/OR 15.1
      SAS/QC 15.1

NOTE: Additional host information:

 X64_DSRV16 WIN 10.0.14393  Server

NOTE: SAS initialization used:
      real time           0.10 seconds
      cpu time            0.13 seconds
      
NOTE: Libref SASDATA successfully assigned from logical server.
NOTE: Libref WRSDIST successfully assigned from logical server.
NOTE: Libref WRSTEMP successfully assigned from logical server.
NOTE: Libref VALIB successfully assigned from logical server.
NOTE: Libref PMMODEL successfully assigned from logical server.
NOTE: Libref STPSAMP successfully assigned from logical server.

NOTE: AUTOEXEC processing beginning; file is D:\SAS\Config\Lev1\SASApp\BatchServer\autoexec.sas.


NOTE: AUTOEXEC processing completed.

1          DATA WORK.LinkTypeTranslations;
2              LENGTH
3                  'linkType.linkTypeId'n $ 28
4                  'linkType.sourceSystemCd'n $ 3
ERROR: The name linkType.linkTypeId is not a valid SAS name.
5                  'businessObjectLocalization.langu'n $ 2
ERROR: The name linkType.sourceSystemCd is not a valid SAS name.
6                  'businessObjectLocalization.name1'n $ 27
ERROR: The name businessObjectLocalization.langu is not a valid SAS name.
7                  'businessObjectLocalization.desc1'n $ 27
ERROR: The name businessObjectLocalization.name1 is not a valid SAS name.
8                  'businessObjectLocalization.help1'n $ 27
ERROR: The name businessObjectLocalization.desc1 is not a valid SAS name.
9                  'businessObjectLocalization.name2'n $ 26
ERROR: The name businessObjectLocalization.help1 is not a valid SAS name.
10                 'businessObjectLocalization.desc2'n $ 26
ERROR: The name businessObjectLocalization.name2 is not a valid SAS name.
11                 'businessObjectLocalization.help2'n $ 26 ;
ERROR: The name businessObjectLocalization.desc2 is not a valid SAS name.
ERROR: The name businessObjectLocalization.help2 is not a valid SAS name.
12             LABEL
13                 'businessObjectLocalization.langu'n = "businessObjectLocalization.languageCd"
14                 'businessObjectLocalization.name1'n = "businessObjectLocalization.name1Txt"
ERROR: The name businessObjectLocalization.langu is not a valid SAS name.
2                                                          The SAS System                           05:35 Monday, September 14, 2020

15                 'businessObjectLocalization.desc1'n = "businessObjectLocalization.desc1Txt"
ERROR: The name businessObjectLocalization.name1 is not a valid SAS name.
16                 'businessObjectLocalization.help1'n = "businessObjectLocalization.help1Txt"
ERROR: The name businessObjectLocalization.desc1 is not a valid SAS name.
17                 'businessObjectLocalization.name2'n = "businessObjectLocalization.name2Txt"
ERROR: The name businessObjectLocalization.help1 is not a valid SAS name.
18                 'businessObjectLocalization.desc2'n = "businessObjectLocalization.desc2Txt"
ERROR: The name businessObjectLocalization.name2 is not a valid SAS name.
19                 'businessObjectLocalization.help2'n = "businessObjectLocalization.help2Txt" ;
ERROR: The name businessObjectLocalization.desc2 is not a valid SAS name.
ERROR: The name businessObjectLocalization.help2 is not a valid SAS name.
20             FORMAT
21                 'linkType.linkTypeId'n $CHAR28.
22                 'linkType.sourceSystemCd'n $CHAR3.
ERROR: The name linkType.linkTypeId is not a valid SAS name.
23                 'businessObjectLocalization.langu'n $CHAR2.
ERROR: The name linkType.sourceSystemCd is not a valid SAS name.
24                 'businessObjectLocalization.name1'n $CHAR27.
ERROR: The name businessObjectLocalization.langu is not a valid SAS name.
25                 'businessObjectLocalization.desc1'n $CHAR27.
ERROR: The name businessObjectLocalization.name1 is not a valid SAS name.
26                 'businessObjectLocalization.help1'n $CHAR27.
ERROR: The name businessObjectLocalization.desc1 is not a valid SAS name.
27                 'businessObjectLocalization.name2'n $CHAR26.
ERROR: The name businessObjectLocalization.help1 is not a valid SAS name.
28                 'businessObjectLocalization.desc2'n $CHAR26.
ERROR: The name businessObjectLocalization.name2 is not a valid SAS name.
29                 'businessObjectLocalization.help2'n $CHAR26. ;
ERROR: The name businessObjectLocalization.desc2 is not a valid SAS name.
ERROR: The name businessObjectLocalization.help2 is not a valid SAS name.
30             INFORMAT
31                 'linkType.linkTypeId'n $CHAR28.
32                 'linkType.sourceSystemCd'n $CHAR3.
ERROR: The name linkType.linkTypeId is not a valid SAS name.
33                 'businessObjectLocalization.langu'n $CHAR2.
ERROR: The name linkType.sourceSystemCd is not a valid SAS name.
34                 'businessObjectLocalization.name1'n $CHAR27.
ERROR: The name businessObjectLocalization.langu is not a valid SAS name.
35                 'businessObjectLocalization.desc1'n $CHAR27.
ERROR: The name businessObjectLocalization.name1 is not a valid SAS name.
36                 'businessObjectLocalization.help1'n $CHAR27.
ERROR: The name businessObjectLocalization.desc1 is not a valid SAS name.
37                 'businessObjectLocalization.name2'n $CHAR26.
ERROR: The name businessObjectLocalization.help1 is not a valid SAS name.
38                 'businessObjectLocalization.desc2'n $CHAR26.
ERROR: The name businessObjectLocalization.name2 is not a valid SAS name.
39                 'businessObjectLocalization.help2'n $CHAR26. ;
ERROR: The name businessObjectLocalization.desc2 is not a valid SAS name.
ERROR: The name businessObjectLocalization.help2 is not a valid SAS name.
40             INFILE 'C:\Users\sassrv\AppData\Local\Temp\SAS Temporary Files\_TD12176_SASBAP_\#LN00059'
41                 LRECL=162
42                 ENCODING="UTF-8"
43                 TERMSTR=CRLF
44                 DLM='7F'x
45                 MISSOVER
46                 DSD ;
47             INPUT
48                 'linkType.linkTypeId'n : $CHAR28.
3                                                          The SAS System                           05:35 Monday, September 14, 2020

49                 'linkType.sourceSystemCd'n : $CHAR3.
ERROR: The name linkType.linkTypeId is not a valid SAS name.
50                 'businessObjectLocalization.langu'n : $CHAR2.
ERROR: The name linkType.sourceSystemCd is not a valid SAS name.
51                 'businessObjectLocalization.name1'n : $CHAR27.
ERROR: The name businessObjectLocalization.langu is not a valid SAS name.
52                 'businessObjectLocalization.desc1'n : $CHAR27.
ERROR: The name businessObjectLocalization.name1 is not a valid SAS name.
53                 'businessObjectLocalization.help1'n : $CHAR27.
ERROR: The name businessObjectLocalization.desc1 is not a valid SAS name.
54                 'businessObjectLocalization.name2'n : $CHAR26.
ERROR: The name businessObjectLocalization.help1 is not a valid SAS name.
55                 'businessObjectLocalization.desc2'n : $CHAR26.
ERROR: The name businessObjectLocalization.name2 is not a valid SAS name.
56                 'businessObjectLocalization.help2'n : $CHAR26. ;
ERROR: The name businessObjectLocalization.desc2 is not a valid SAS name.
ERROR: The name businessObjectLocalization.help2 is not a valid SAS name.
57         RUN;

NOTE: The SAS System stopped processing this step because of errors.
NOTE: Due to ERROR(s) above, SAS set option OBS=0, enabling syntax check mode. 
      This prevents execution of subsequent data modification statements.
WARNING: The data set WORK.LINKTYPETRANSLATIONS may be incomplete.  When this step was stopped there were 0 observations and 0 
         variables.
NOTE: DATA statement used (Total process time):
      real time           0.00 seconds
      cpu time            0.00 seconds
      

58         
59         data x;a=1
60         b='UPADHI MANOJ KOKRA';
           _
           22
ERROR 22-322: Syntax error, expecting one of the following: !, !!, &, *, **, +, -, /, ;, <, <=, <>, =, >, ><, >=, AND, EQ, GE, GT, 
              IN, LE, LT, MAX, MIN, NE, NG, NL, NOTIN, OR, ^=, |, ||, ~=.  

61         run;

NOTE: Character values have been converted to numeric values at the places given by: (Line):(Column).
      60:3   
NOTE: The SAS System stopped processing this step because of errors.
WARNING: The data set WORK.X may be incomplete.  When this step was stopped there were 0 observations and 2 variables.
NOTE: DATA statement used (Total process time):
      real time           0.00 seconds
      cpu time            0.01 seconds
      

62         proc freq data=x;run;

NOTE: PROCEDURE FREQ used (Total process time):
      real time           0.00 seconds
      cpu time            0.00 seconds
      

63         %macro upadhi11;
64         proc print data=x;
65         run;
4                                                          The SAS System                           05:35 Monday, September 14, 2020

66         data y;
67         set x;
68         c=trim(b);
69         run;
70         %mend;
71         %upadhi11;

NOTE: PROCEDURE PRINT used (Total process time):
      real time           0.01 seconds
      cpu time            0.01 seconds
      


NOTE: Numeric values have been converted to character values at the places given by: (Line):(Column).
      71:48   
NOTE: The data set WORK.Y has 0 observations and 3 variables.
NOTE: DATA statement used (Total process time):
      real time           0.00 seconds
      cpu time            0.01 seconds
      

72         proc sql;
NOTE: PROC SQL set option NOEXEC and will continue to check the syntax of statements.
73         create table u as select * from upa;
NOTE: Statement not executed due to NOEXEC option.
74         select b into:x from x;
NOTE: Statement not executed due to NOEXEC option.
75         quit;
NOTE: The SAS System stopped processing this step because of errors.
NOTE: PROCEDURE SQL used (Total process time):
      real time           0.00 seconds
      cpu time            0.00 seconds
      
WARNING: Apparent symbolic reference X not resolved.
76         %put &x;
&x
77         %include 'D:\Download\upadhi.sas';
WARNING: Physical file does not exist, D:\Download\upadhi.sas.
ERROR: Cannot open %INCLUDE file D:\Download\upadhi.sas.

ERROR: Errors printed on pages 1,2,3,4.

NOTE: SAS Institute Inc., SAS Campus Drive, Cary, NC USA 27513-2414
NOTE: The SAS System used:
      real time           0.23 seconds
      cpu time            0.24 seconds
      
