Host: 'SASBAP', OS: 'WIN', Release: '10.0', SAS Version: '9.04.01M7P08052020', Command: '"D:\opt\sasinside\SASHome\SASFoundation\9.4\sas.exe" -config "D:\opt\sasinside\Config\Lev1\SASApp\WorkspaceServer\sasv9.cfg" /nologo /noterminal /noxcmd /netencryptalgorithm SASProprietary /metaserver sasbap.demo.sas.com /metaport 8561 /metarepository Foundation /locale en_US /objectserver /objectserverparms "protocol=bridge spawned spp=54658 cid=3 dnsmatch=sasbap.demo.sas.com pb classfactory=440196D4-90F0-11D0-9F41-00A024BB830C server=OMSOBJ:SERVERCOMPONENT/A54JZQT1.AZ000008 cel=credentials recon" -memsize 0 -cpucount ACTUAL'
2021-05-25T01:48:26,506 INFO  [00000003] :Bank2User@SASBAP - NOTE: Unable to open SASUSER.PROFILE. WORK.PROFILE will be opened instead.
2021-05-25T01:48:26,506 INFO  [00000003] :Bank2User@SASBAP - NOTE: All profile changes will be lost at the end of the session.
2021-05-25T01:48:26,506 INFO  [00000003] :Bank2User@SASBAP - 
2021-05-25T01:48:26,513 DEBUG [00000008] :Bank2User@SASBAP - IOM ENTRY SASDOSM
2021-05-25T01:48:26,513 INFO  [00000008] :Bank2User@SASBAP - 1                                                          The SAS System                          Tuesday, May 25, 2021 01:48:00 AM
2021-05-25T01:48:26,513 INFO  [00000008] :Bank2User@SASBAP - 
2021-05-25T01:48:26,513 INFO  [00000008] :Bank2User@SASBAP - NOTE: Copyright (c) 2016 by SAS Institute Inc., Cary, NC, USA. 
2021-05-25T01:48:26,513 INFO  [00000008] :Bank2User@SASBAP - NOTE: SAS (r) Proprietary Software 9.4 (TS1M7 MBCS3170) 
2021-05-25T01:48:26,513 INFO  [00000008] :Bank2User@SASBAP -       Licensed to Ahmed Asif-17696, Site 70068130.
2021-05-25T01:48:26,513 INFO  [00000008] :Bank2User@SASBAP - NOTE: This session is executing on the X64_DSRV16  platform.
2021-05-25T01:48:26,513 INFO  [00000008] :Bank2User@SASBAP - 
2021-05-25T01:48:26,513 INFO  [00000008] :Bank2User@SASBAP - 
2021-05-25T01:48:26,513 INFO  [00000008] :Bank2User@SASBAP - 
2021-05-25T01:48:26,520 INFO  [00000008] :Bank2User@SASBAP - NOTE: Additional host information:
2021-05-25T01:48:26,520 INFO  [00000008] :Bank2User@SASBAP - 
2021-05-25T01:48:26,520 INFO  [00000008] :Bank2User@SASBAP -  X64_DSRV16 WIN 10.0.14393  Server
2021-05-25T01:48:26,520 INFO  [00000008] :Bank2User@SASBAP - 
2021-05-25T01:48:26,524 INFO  [00000008] :Bank2User@SASBAP - NOTE: SAS initialization used:
2021-05-25T01:48:26,526 INFO  [00000008] :Bank2User@SASBAP -       real time           0.06 seconds
2021-05-25T01:48:26,526 INFO  [00000008] :Bank2User@SASBAP -       cpu time            0.07 seconds
2021-05-25T01:48:26,526 INFO  [00000008] :Bank2User@SASBAP -       
2021-05-25T01:48:26,527 DEBUG [00000003] :Bank2User@SASBAP - IOM LOGIC tkiomsvc starting
2021-05-25T01:48:26,527 DEBUG [00000003] :Bank2User@SASBAP - IOM CALL svcGetOption(): opt=CRADLE not found
2021-05-25T01:48:26,528 DEBUG [00000003] :Bank2User@SASBAP - IOM CALL svcGetOption(): opt=OBJSPAWN not found
2021-05-25T01:48:26,528 DEBUG [00000003] :Bank2User@SASBAP - IOM CALL svcGetOption(): opt=NOSECURITY not found
2021-05-25T01:48:26,528 DEBUG [00000003] :Bank2User@SASBAP - IOM CALL svcGetOption(): opt=ANONYMOUSLOGINPOLICY not found
2021-05-25T01:48:26,528 DEBUG [00000003] :Bank2User@SASBAP - IOM CALL svcGetOption(): opt=OBJSPAWN not found
2021-05-25T01:48:26,528 DEBUG [00000003] :Bank2User@SASBAP - IOM CALL svcGetOption(): opt=GUESTCHECKS not found
2021-05-25T01:48:26,528 DEBUG [00000003] :Bank2User@SASBAP - IOM CALL svcGetOption(): opt=MULTIUSER not found
2021-05-25T01:48:26,528 DEBUG [00000003] :Bank2User@SASBAP - IOM CALL svcGetOption(): opt=SHAREDINSTANCE not found
2021-05-25T01:48:26,528 DEBUG [00000003] :Bank2User@SASBAP - IOM CALL svcGetOption(): opt=LAZYDISCONNECTION not found
2021-05-25T01:48:26,528 DEBUG [00000003] :Bank2User@SASBAP - IOM CALL svcGetOption(): opt=V8ERRORTEXT not found
2021-05-25T01:48:26,528 DEBUG [00000003] :Bank2User@SASBAP - IOM CALL svcGetOption(): opt=GRID not found
2021-05-25T01:48:26,528 DEBUG [00000003] :Bank2User@SASBAP - IOM CALL svcGetOption(): opt=IGNORETRANSCODEERROR not found
2021-05-25T01:48:26,528 DEBUG [00000003] :Bank2User@SASBAP - IOM CALL svcGetOption(): opt=ITE not found
2021-05-25T01:48:26,528 DEBUG [00000003] :Bank2User@SASBAP - IOM CALL svcGetOption(): opt=BSTRS not found
2021-05-25T01:48:26,528 DEBUG [00000003] :Bank2User@SASBAP - IOM CALL svcGetOption(): opt=NOBSTRS not found
2021-05-25T01:48:26,528 DEBUG [00000003] :Bank2User@SASBAP - IOM CALL svcGetOption(): opt=PROTOCOL value=bridge
2021-05-25T01:48:26,528 DEBUG [00000003] :Bank2User@SASBAP - IOM CALL svcGetOption(): opt=APPLEVEL not found
2021-05-25T01:48:26,528 DEBUG [00000003] :Bank2User@SASBAP - IOM CALL svcGetOption(): opt=IOMLEVEL not found
2021-05-25T01:48:26,528 DEBUG [00000003] :Bank2User@SASBAP - IOM CALL svcGetOption(): opt=JNLTRACE not found
2021-05-25T01:48:26,528 DEBUG [00000003] :Bank2User@SASBAP - IOM CALL svcGetOption(): opt=PELEVEL not found
2021-05-25T01:48:26,528 DEBUG [00000003] :Bank2User@SASBAP - IOM CALL svcGetOption(): opt=JNLSTRMAX not found
2021-05-25T01:48:26,528 DEBUG [00000003] :Bank2User@SASBAP - IOM CALL svcGetOption(): opt=JNLARRELM not found
2021-05-25T01:48:26,528 DEBUG [00000003] :Bank2User@SASBAP - IOM CALL svcGetOption(): opt=JNLANYARRELM not found
2021-05-25T01:48:26,528 DEBUG [00000003] :Bank2User@SASBAP - IOM CALL svcGetOption(): opt=JNLLINEMAX not found
2021-05-25T01:48:26,528 DEBUG [00000003] :Bank2User@SASBAP - IOM CALL svcGetOption(): opt=VALIDATE not found
2021-05-25T01:48:26,528 DEBUG [00000003] :Bank2User@SASBAP - IOM CALL svcGetOption(): opt=LOCKSERVER not found
2021-05-25T01:48:26,528 DEBUG [00000003] :Bank2User@SASBAP - IOM CALL svcGetOption(): opt=TIMEOUTSECONDS not found
2021-05-25T01:48:26,528 DEBUG [00000003] :Bank2User@SASBAP - IOM CALL svcGetOption(): opt=DNSNAME not found
2021-05-25T01:48:26,533 DEBUG [00000003] :Bank2User@SASBAP - IOM CALL svcGetOption(): opt=LOG not found
2021-05-25T01:48:26,533 DEBUG [00000003] :Bank2User@SASBAP - IOM CALL svcGetOption(): opt=LOGFILE not found
2021-05-25T01:48:26,533 DEBUG [00000003] :Bank2User@SASBAP - IOM CALL svcGetOption(): opt=RESOURCE not found
2021-05-25T01:48:26,533 DEBUG [00000003] :Bank2User@SASBAP - IOM CALL svcGetOption(): opt=SPAWNED no value
2021-05-25T01:48:26,533 DEBUG [00000003] :Bank2User@SASBAP - IOM CALL svcGetOption(): opt=CLASSFACTORY value=440196D4-90F0-11D0-9F41-00A024BB830C
2021-05-25T01:48:26,533 DEBUG [00000003] :Bank2User@SASBAP - IOM CALL svcGetOption(): opt=THREADSMIN not found
2021-05-25T01:48:26,533 DEBUG [00000003] :Bank2User@SASBAP - IOM CALL svcGetOption(): opt=TMIN not found
2021-05-25T01:48:26,533 DEBUG [00000003] :Bank2User@SASBAP - IOM CALL svcGetOption(): opt=THREADSMAX not found
2021-05-25T01:48:26,533 DEBUG [00000003] :Bank2User@SASBAP - IOM CALL svcGetOption(): opt=TMAX not found
2021-05-25T01:48:26,533 DEBUG [00000003] :Bank2User@SASBAP - IOM LOGIC TMAX is 0, TMIN is 5
2021-05-25T01:48:26,533 DEBUG [00000003] :Bank2User@SASBAP - IOM CALL svcGetOption(): opt=THREADSMORE not found
2021-05-25T01:48:26,533 DEBUG [00000003] :Bank2User@SASBAP - IOM CALL svcGetOption(): opt=TMORE not found
2021-05-25T01:48:26,533 DEBUG [00000003] :Bank2User@SASBAP - IOM CALL svcGetOption(): opt=THREADSTIMEOUT not found
2021-05-25T01:48:26,533 DEBUG [00000003] :Bank2User@SASBAP - IOM CALL svcGetOption(): opt=TTIMEOUT not found
2021-05-25T01:48:26,533 DEBUG [00000003] :Bank2User@SASBAP - IOM CALL svcGetOption(): opt=THREADSSTACKSIZE not found
2021-05-25T01:48:26,533 DEBUG [00000003] :Bank2User@SASBAP - IOM CALL svcGetOption(): opt=TSTACKSIZE not found
2021-05-25T01:48:26,533 DEBUG [00000003] :Bank2User@SASBAP - IOM CALL svcGetOption(): opt=SASLANGRUNAS not found
2021-05-25T01:48:26,533 DEBUG [00000003] :Bank2User@SASBAP - IOM CALL svcGetOption(): opt=FROMTK not found
2021-05-25T01:48:26,533 DEBUG [00000003] :Bank2User@SASBAP - IOM CALL svcGetOption(): opt=FROMMVA not found
2021-05-25T01:48:26,533 DEBUG [00000003] :Bank2User@SASBAP - IOM CALL svcGetOption(): opt=CLASSDEFINITIONS not found
2021-05-25T01:48:26,533 DEBUG [00000003] :Bank2User@SASBAP - IOM CALL svcGetOption(): opt=CD not found
2021-05-25T01:48:26,538 DEBUG [00000003] :Bank2User@SASBAP - IOM CALL svcGetOption(): opt=CLASSFACTORY value=440196D4-90F0-11D0-9F41-00A024BB830C
2021-05-25T01:48:26,538 DEBUG [00000003] :Bank2User@SASBAP - IOM CALL svcGetOption(): opt=PORT not found
2021-05-25T01:48:26,538 DEBUG [00000003] :Bank2User@SASBAP - IOM CALL svcGetOption(): opt=VALIDATE not found
2021-05-25T01:48:26,538 DEBUG [00000003] :Bank2User@SASBAP - IOM CALL svcGetOption(): opt=SASLANGRUNAS not found
2021-05-25T01:48:26,538 DEBUG [00000003] :Bank2User@SASBAP - IOM CALL svcGetOption(): opt=SERVER value=OMSOBJ:SERVERCOMPONENT/A54JZQT1.AZ000008
2021-05-25T01:48:26,538 DEBUG [00000007] :Bank2User@SASBAP - IOM CALL svcGetOption(): opt=CLASSFACTORY value=440196D4-90F0-11D0-9F41-00A024BB830C
2021-05-25T01:48:26,538 DEBUG [00000007] :Bank2User@SASBAP - IOM CALL svcGetOption(): opt=DNSMATCH value=sasbap.demo.sas.com
2021-05-25T01:48:26,538 DEBUG [00000007] :Bank2User@SASBAP - IOM CALL svcGetOption(): opt=DNSNAME not found
2021-05-25T01:48:26,538 DEBUG [00000007] :Bank2User@SASBAP - IOM CALL svcGetOption(): opt=HOSTKNOWNBY not found
2021-05-25T01:48:26,538 DEBUG [00000007] :Bank2User@SASBAP - IOM CALL svcGetOption(): opt=NEWHOST not found
2021-05-25T01:48:26,538 DEBUG [00000007] :Bank2User@SASBAP - IOM CALL svcGetOption(): opt=NOMETAAUTOINIT not found
2021-05-25T01:48:26,538 DEBUG [00000007] :Bank2User@SASBAP - IOM CALL svcGetOption(): opt=NOPREASSIGNMENT not found
2021-05-25T01:48:26,538 DEBUG [00000007] :Bank2User@SASBAP - IOM CALL svcGetOption(): opt=NOOMROPTS not found
2021-05-25T01:48:26,538 DEBUG [00000007] :Bank2User@SASBAP - IOM CALL svcGetOption(): opt=OBJSPAWN not found
2021-05-25T01:48:26,538 DEBUG [00000007] :Bank2User@SASBAP - IOM CALL svcGetOption(): opt=STANDALONE not found
2021-05-25T01:48:26,538 DEBUG [00000007] :Bank2User@SASBAP - IOM CALL svcGetOption(): opt=CRADLE not found
2021-05-25T01:48:26,538 DEBUG [00000007] :Bank2User@SASBAP - IOM CALL svcGetOption(): opt=AUTHCACHE not found
2021-05-25T01:48:26,538 DEBUG [00000007] :Bank2User@SASBAP - IOM CALL svcGetOption(): opt=NOAUTHCACHE not found
2021-05-25T01:48:26,538 DEBUG [00000007] :Bank2User@SASBAP - IOM CALL svcGetOption(): opt=PORT not found
2021-05-25T01:48:26,538 DEBUG [00000007] :Bank2User@SASBAP - IOM CALL svcGetOption(): opt=PROTOCOL value=bridge
2021-05-25T01:48:26,538 DEBUG [00000007] :Bank2User@SASBAP - IOM CALL svcGetOption(): opt=SERVER value=OMSOBJ:SERVERCOMPONENT/A54JZQT1.AZ000008
2021-05-25T01:48:26,538 DEBUG [00000007] :Bank2User@SASBAP - IOM CALL svcGetOption(): opt=SERVERCOMPONENT not found
2021-05-25T01:48:26,538 DEBUG [00000007] :Bank2User@SASBAP - IOM CALL svcGetOption(): opt=SERVICE not found
2021-05-25T01:48:26,538 DEBUG [00000007] :Bank2User@SASBAP - IOM CALL svcGetOption(): opt=SPAWNED no value
2021-05-25T01:48:26,538 DEBUG [00000007] :Bank2User@SASBAP - This IOM server will cache authorization decisions.
2021-05-25T01:48:26,540 INFO  [00000007] :Bank2User@SASBAP - Server is executing on host SASBAP.demo.sas.com (fe80::890a:371e:1ef3:d03d%6).
2021-05-25T01:48:26,540 INFO  [00000007] :Bank2User@SASBAP - Also known as:
2021-05-25T01:48:26,540 INFO  [00000007] :Bank2User@SASBAP -       localhost
2021-05-25T01:48:26,540 INFO  [00000007] :Bank2User@SASBAP -       SASBAP
2021-05-25T01:48:26,540 INFO  [00000007] :Bank2User@SASBAP -       fe80::890a:371e:1ef3:d03d%6
2021-05-25T01:48:26,540 INFO  [00000007] :Bank2User@SASBAP -       10.96.17.44
2021-05-25T01:48:26,540 INFO  [00000007] :Bank2User@SASBAP -       ::1
2021-05-25T01:48:26,540 INFO  [00000007] :Bank2User@SASBAP -       127.0.0.1
2021-05-25T01:48:26,540 DEBUG [00000007] :Bank2User@SASBAP - IOM CALL svcGetOption(): opt=SPAWNED no value
2021-05-25T01:48:26,541 DEBUG [00000007] :Bank2User@SASBAP - Loading the tkiompeb support extension (9.40.20200805).
2021-05-25T01:48:26,541 DEBUG [00000007] :Bank2User@SASBAP - Loading the tkiomsam support extension (9.40.20200805).
2021-05-25T01:48:26,541 DEBUG [00000007] :Bank2User@SASBAP - Loading the tkitcp support extension (7.0.0).
2021-05-25T01:48:26,541 DEBUG [00000007] :Bank2User@SASBAP - IOM CALL svcGetOption(): opt=THREADSMAX not found
2021-05-25T01:48:26,541 DEBUG [00000007] :Bank2User@SASBAP - IOM CALL svcGetOption(): opt=TMAX not found
2021-05-25T01:48:26,541 DEBUG [00000007] :Bank2User@SASBAP - IOM CALL svcGetOption(): opt=SERVICE not found
2021-05-25T01:48:26,541 DEBUG [00000007] :Bank2User@SASBAP - IOM CALL svcGetOption(): opt=PORT not found
2021-05-25T01:48:26,541 DEBUG [00000007] :Bank2User@SASBAP - IOM CALL svcGetOption(): opt=JCBP not found
2021-05-25T01:48:26,541 DEBUG [00000007] :Bank2User@SASBAP - IOM CALL svcGetOption(): opt=SELFTEST not found
2021-05-25T01:48:26,541 DEBUG [00000007] :Bank2User@SASBAP - IOM CALL svcGetOption(): opt=OBJSPAWN not found
2021-05-25T01:48:26,541 DEBUG [00000007] :Bank2User@SASBAP - IOM CALL svcGetOption(): opt=DNSMATCH value=sasbap.demo.sas.com
2021-05-25T01:48:26,541 DEBUG [00000007] :Bank2User@SASBAP - IOM CALL svcGetOption(): opt=SELFTEST not found
2021-05-25T01:48:26,545 DEBUG [00000007] :Bank2User@SASBAP - IOM LOGIC ENTRY {class:1b4835ab720}->OMIProxyClassNew()
2021-05-25T01:48:26,545 DEBUG [00000007] :Bank2User@SASBAP - IOM NEW OMIProxy (compRef:1b48379a8a0, comp:1b4835abd00)
2021-05-25T01:48:26,545 DEBUG [00000007] :Bank2User@SASBAP - IOM CALL {compRef:1b48379a8a0}->OMIProxy::ProxyInit()
2021-05-25T01:48:26,545 DEBUG [00000007] :Bank2User@SASBAP - IOM RETURN 0={compRef:1b48379a8a0}->OMIProxy::ProxyInit()
2021-05-25T01:48:26,545 DEBUG [00000007] :Bank2User@SASBAP - IOM CALL {compRef:1b48379a8a0}->OMIProxy::ProxyPEInfo()
2021-05-25T01:48:26,545 DEBUG [00000007] :Bank2User@SASBAP - IOM RETURN 0={compRef:1b48379a8a0}->OMIProxy::ProxyPEInfo()
2021-05-25T01:48:26,545 DEBUG [00000007] :Bank2User@SASBAP - IOM LOGIC ENTRY {class:1b4835ab720}->OMIProxyClassNew()
2021-05-25T01:48:26,545 DEBUG [00000007] :Bank2User@SASBAP - IOM NEW OMIProxy (compRef:1b48379aa40, comp:1b4835abde0)
2021-05-25T01:48:26,545 DEBUG [00000007] :Bank2User@SASBAP - IOM CALL {compRef:1b48379aa40}->OMIProxy::ProxyInit()
2021-05-25T01:48:26,545 DEBUG [00000007] :Bank2User@SASBAP - IOM RETURN 0={compRef:1b48379aa40}->OMIProxy::ProxyInit()
2021-05-25T01:48:26,545 DEBUG [00000007] :Bank2User@SASBAP - IOM CALL {compRef:1b48379a8a0}->OMIProxy::ProxyPEInfo()
2021-05-25T01:48:26,545 DEBUG [00000007] :Bank2User@SASBAP - IOM RETURN 0={compRef:1b48379a8a0}->OMIProxy::ProxyPEInfo()
2021-05-25T01:48:26,545 DEBUG [00000007] :Bank2User@SASBAP - IOM LOGIC ENTRY {class:1b4835ab720}->OMIProxyClassNew()
2021-05-25T01:48:26,545 DEBUG [00000007] :Bank2User@SASBAP - IOM NEW OMIProxy (compRef:1b48379abe0, comp:1b4835abec0)
2021-05-25T01:48:26,545 DEBUG [00000007] :Bank2User@SASBAP - IOM CALL {compRef:1b48379abe0}->OMIProxy::ProxyInit()
2021-05-25T01:48:26,545 DEBUG [00000007] :Bank2User@SASBAP - IOM RETURN 0={compRef:1b48379abe0}->OMIProxy::ProxyInit()
2021-05-25T01:48:26,545 DEBUG [00000007] :Bank2User@SASBAP - IOM CALL {compRef:1b48379a8a0}->OMIProxy::DoRequest()
2021-05-25T01:48:26,545 DEBUG [00000007] :Bank2User@SASBAP - IOM RETURN 0={compRef:1b48379a8a0}->OMIProxy::DoRequest()
2021-05-25T01:48:26,545 DEBUG [00000007] :Bank2User@SASBAP - IOM CALL {compRef:1b48379abe0}->OMIProxy::ProxyPEInfo()
2021-05-25T01:48:26,545 DEBUG [00000007] :Bank2User@SASBAP - IOM RETURN 0={compRef:1b48379abe0}->OMIProxy::ProxyPEInfo()
2021-05-25T01:48:26,547 DEBUG [00000007] :Bank2User@SASBAP - IOM LOGIC ENTRY {class:1b4835b8da0}->ServerInformationProxyClassNew()
2021-05-25T01:48:26,547 DEBUG [00000007] :Bank2User@SASBAP - IOM NEW ServerInformationProxy (compRef:1b48379ae80, comp:1b4835b8fa0)
2021-05-25T01:48:26,547 DEBUG [00000007] :Bank2User@SASBAP - IOM CALL {compRef:1b48379ae80}->ServerInformationProxy::ProxyInit()
2021-05-25T01:48:26,547 DEBUG [00000007] :Bank2User@SASBAP - IOM RETURN 0={compRef:1b48379ae80}->ServerInformationProxy::ProxyInit()
2021-05-25T01:48:26,547 DEBUG [00000007] :Bank2User@SASBAP - IOM CALL {compRef:1b48379ae80}->ServerInformationProxy::UseCategory()
2021-05-25T01:48:26,547 DEBUG [00000007] :Bank2User@SASBAP - IOM LOGIC ENTRY {class:1b4835baca0}->FilteredListProxyClassNew()
2021-05-25T01:48:26,547 DEBUG [00000007] :Bank2User@SASBAP - IOM NEW FilteredListProxy (compRef:1b48379b020, comp:1b4835baf20)
2021-05-25T01:48:26,548 DEBUG [00000007] :Bank2User@SASBAP - IOM CALL {compRef:1b48379b020}->FilteredListProxy::ProxyInit()
2021-05-25T01:48:26,548 DEBUG [00000007] :Bank2User@SASBAP - IOM RETURN 0={compRef:1b48379b020}->FilteredListProxy::ProxyInit()
2021-05-25T01:48:26,548 DEBUG [00000007] :Bank2User@SASBAP - IOM RETURN 0={compRef:1b48379ae80}->ServerInformationProxy::UseCategory()
2021-05-25T01:48:26,548 DEBUG [00000007] :Bank2User@SASBAP - IOM CALL {compRef:1b48379b020}->FilteredListProxy::GetAttributes()
2021-05-25T01:48:26,548 DEBUG [00000007] :Bank2User@SASBAP - IOM RETURN 0={compRef:1b48379b020}->FilteredListProxy::GetAttributes()
2021-05-25T01:48:26,548 DEBUG [00000007] :Bank2User@SASBAP - IOM CALL {compRef:1b48379b020}->FilteredListProxy::Close()
2021-05-25T01:48:26,548 DEBUG [00000007] :Bank2User@SASBAP - IOM RETURN 0={compRef:1b48379b020}->FilteredListProxy::Close()
2021-05-25T01:48:26,548 DEBUG [00000007] :Bank2User@SASBAP - IOM ENTRY FilteredListProxy {compRef:1b48379b020}->CompDtor()
2021-05-25T01:48:26,548 DEBUG [00000007] :Bank2User@SASBAP - IOM RETURN FilteredListProxy 0={compRef:1b48379b020}->CompDtor()
2021-05-25T01:48:26,548 DEBUG [00000007] :Bank2User@SASBAP - IOM ENTRY ServerInformationProxy {compRef:1b48379ae80}->CompDtor()
2021-05-25T01:48:26,548 DEBUG [00000007] :Bank2User@SASBAP - IOM RETURN ServerInformationProxy 0={compRef:1b48379ae80}->CompDtor()
2021-05-25T01:48:26,548 DEBUG [00000007] :Bank2User@SASBAP - IOM CALL {compRef:1b48379a8a0}->OMIProxy::DoRequest()
2021-05-25T01:48:26,548 DEBUG [00000007] :Bank2User@SASBAP - IOM RETURN 0={compRef:1b48379a8a0}->OMIProxy::DoRequest()
2021-05-25T01:48:26,548 DEBUG [00000007] :Bank2User@SASBAP - IOM CALL {compRef:1b48379a8a0}->OMIProxy::DoRequest()
2021-05-25T01:48:26,550 DEBUG [00000007] :Bank2User@SASBAP - IOM RETURN 0={compRef:1b48379a8a0}->OMIProxy::DoRequest()
2021-05-25T01:48:26,550 DEBUG [00000007] :Bank2User@SASBAP - IOM CALL {compRef:1b48379a8a0}->OMIProxy::DoRequest()
2021-05-25T01:48:26,550 DEBUG [00000007] :Bank2User@SASBAP - IOM RETURN 0={compRef:1b48379a8a0}->OMIProxy::DoRequest()
2021-05-25T01:48:26,550 DEBUG [00000007] :Bank2User@SASBAP - IOM CALL {compRef:1b48379a8a0}->OMIProxy::DoRequest()
2021-05-25T01:48:26,551 DEBUG [00000007] :Bank2User@SASBAP - IOM RETURN 0={compRef:1b48379a8a0}->OMIProxy::DoRequest()
2021-05-25T01:48:26,551 DEBUG [00000007] :Bank2User@SASBAP - IOM CALL {compRef:1b48379a8a0}->OMIProxy::DoRequest()
2021-05-25T01:48:26,551 DEBUG [00000007] :Bank2User@SASBAP - IOM RETURN 0={compRef:1b48379a8a0}->OMIProxy::DoRequest()
2021-05-25T01:48:26,551 DEBUG [00000007] :Bank2User@SASBAP - IOM CALL {compRef:1b48379a8a0}->OMIProxy::DoRequest()
2021-05-25T01:48:26,551 DEBUG [00000007] :Bank2User@SASBAP - IOM RETURN 0={compRef:1b48379a8a0}->OMIProxy::DoRequest()
2021-05-25T01:48:26,552 DEBUG [00000007] :Bank2User@SASBAP - IOM CALL {compRef:1b48379a8a0}->OMIProxy::DoRequest()
2021-05-25T01:48:26,552 DEBUG [00000007] :Bank2User@SASBAP - IOM RETURN 0={compRef:1b48379a8a0}->OMIProxy::DoRequest()
2021-05-25T01:48:26,552 DEBUG [00000007] :Bank2User@SASBAP - IOM CALL {compRef:1b48379a8a0}->OMIProxy::DoRequest()
2021-05-25T01:48:26,552 DEBUG [00000007] :Bank2User@SASBAP - IOM RETURN 0={compRef:1b48379a8a0}->OMIProxy::DoRequest()
2021-05-25T01:48:26,552 DEBUG [00000007] :Bank2User@SASBAP - IOM CALL {compRef:1b48379a8a0}->OMIProxy::DoRequest()
2021-05-25T01:48:26,552 DEBUG [00000007] :Bank2User@SASBAP - IOM RETURN 0={compRef:1b48379a8a0}->OMIProxy::DoRequest()
2021-05-25T01:48:26,552 DEBUG [00000007] :Bank2User@SASBAP - IOM CALL {compRef:1b48379a8a0}->OMIProxy::DoRequest()
2021-05-25T01:48:26,552 INFO  [00000007] :Bank2User@SASBAP - 20210525:01.48.26.55: 00000007:         IOM CALL svcParseOptions() Queue: opts=PORT=8591
2021-05-25T01:48:26,552 DEBUG [00000007] :Bank2User@SASBAP - IOM RETURN 0={compRef:1b48379a8a0}->OMIProxy::DoRequest()
2021-05-25T01:48:26,552 DEBUG [00000007] :Bank2User@SASBAP - IOM CALL svcGetOption(): opt=PORT value=8591
2021-05-25T01:48:26,552 DEBUG [00000007] :Bank2User@SASBAP - IOM CALL svcGetOption(): opt=SERVICE not found
2021-05-25T01:48:26,552 DEBUG [00000007] :Bank2User@SASBAP - IOM CALL {compRef:1b48379a8a0}->OMIProxy::DoRequest()
2021-05-25T01:48:26,554 DEBUG [00000007] :Bank2User@SASBAP - IOM RETURN 0={compRef:1b48379a8a0}->OMIProxy::DoRequest()
2021-05-25T01:48:26,554 DEBUG [00000007] :Bank2User@SASBAP - IOM CALL {compRef:1b48379a8a0}->OMIProxy::DoRequest()
2021-05-25T01:48:26,554 DEBUG [00000007] :Bank2User@SASBAP - IOM RETURN 0={compRef:1b48379a8a0}->OMIProxy::DoRequest()
2021-05-25T01:48:26,554 DEBUG [00000007] :Bank2User@SASBAP - IOM CALL {compRef:1b48379a8a0}->OMIProxy::DoRequest()
2021-05-25T01:48:26,554 DEBUG [00000007] :Bank2User@SASBAP - IOM RETURN 0={compRef:1b48379a8a0}->OMIProxy::DoRequest()
2021-05-25T01:48:26,554 DEBUG [00000007] :Bank2User@SASBAP - IOM CALL {compRef:1b48379a8a0}->OMIProxy::DoRequest()
2021-05-25T01:48:26,555 DEBUG [00000007] :Bank2User@SASBAP - IOM RETURN 0={compRef:1b48379a8a0}->OMIProxy::DoRequest()
2021-05-25T01:48:26,555 DEBUG [00000007] :Bank2User@SASBAP - IOM CALL {compRef:1b48379a8a0}->OMIProxy::DoRequest()
2021-05-25T01:48:26,555 DEBUG [00000007] :Bank2User@SASBAP - IOM RETURN 0={compRef:1b48379a8a0}->OMIProxy::DoRequest()
2021-05-25T01:48:26,555 DEBUG [00000003] :Bank2User@SASBAP - IOM CALL svcGetOption(): opt=CLASSFACTORY value=440196D4-90F0-11D0-9F41-00A024BB830C
2021-05-25T01:48:26,555 INFO  [00000003] :Bank2User@SASBAP - SAH041001I Server SAS Workspace Server, State, starting
2021-05-25T01:48:26,557 DEBUG [00000003] :Bank2User@SASBAP - IOM CALL svcGetOption(): opt=SERVER value=OMSOBJ:SERVERCOMPONENT/A54JZQT1.AZ000008
2021-05-25T01:48:26,557 DEBUG [00000039] :Bank2User@SASBAP - IOM CALL {compRef:1b48379a8a0}->OMIProxy::DoRequest()
2021-05-25T01:48:26,557 DEBUG [00000039] :Bank2User@SASBAP - IOM RETURN 0={compRef:1b48379a8a0}->OMIProxy::DoRequest()
2021-05-25T01:48:26,557 DEBUG [00000039] :Bank2User@SASBAP - IOM CALL {compRef:1b48379a8a0}->OMIProxy::DoRequest()
2021-05-25T01:48:26,558 DEBUG [00000039] :Bank2User@SASBAP - IOM RETURN 0={compRef:1b48379a8a0}->OMIProxy::DoRequest()
2021-05-25T01:48:26,559 DEBUG [00000010] :Bank2User@SASBAP - IOM LOGIC DOSMGetClassImage(): image-name=sasomip 
2021-05-25T01:48:26,559 DEBUG [00000003] :Bank2User@SASBAP - IOM ENTRY OMIProxyU_MAIN() : monitor={1b48369ae20}
2021-05-25T01:48:26,559 DEBUG [00000003] :Bank2User@SASBAP - IOM NEW-CLASSDATA OMIProxy {1b48369a200}
2021-05-25T01:48:26,559 DEBUG [00000010] :Bank2User@SASBAP - IOM RETURN W_OK=DOSMGetClassImage(): componentLD=000001B48369A180
2021-05-25T01:48:26,559 DEBUG [00000003] :Bank2User@SASBAP - IOM ENTRY OMIProxyInitClassObject()
2021-05-25T01:48:26,559 DEBUG [00000003] :Bank2User@SASBAP - IOM NEW-CLASS OMIProxy {1b4836055e0}
2021-05-25T01:48:26,559 DEBUG [00000003] :Bank2User@SASBAP - IOM RETURN 0=OMIProxyInitClassObject()
2021-05-25T01:48:26,559 DEBUG [00000042] :Bank2User@SASBAP - IOM CALL svcGetOption(): opt=SELFTEST not found
2021-05-25T01:48:26,559 DEBUG [00000003] :Bank2User@SASBAP - IOM LOGIC ENTRY {class:1b4836055e0}->OMIProxyClassNew()
2021-05-25T01:48:26,559 DEBUG [00000003] :Bank2User@SASBAP - IOM NEW OMIProxy (compRef:1b48369a8a0, comp:1b483604820)
2021-05-25T01:48:26,559 DEBUG [00000003] :Bank2User@SASBAP - IOM CALL {compRef:1b48369a8a0}->OMIProxy::ProxyInit()
2021-05-25T01:48:26,559 DEBUG [00000003] :Bank2User@SASBAP - IOM RETURN 0={compRef:1b48369a8a0}->OMIProxy::ProxyInit()
2021-05-25T01:48:26,561 DEBUG [00000003] :Bank2User@SASBAP - IOM CALL {compRef:1b48369a8a0}->OMIProxy::ProxyPEInfo()
2021-05-25T01:48:26,561 DEBUG [00000003] :Bank2User@SASBAP - IOM RETURN 0={compRef:1b48369a8a0}->OMIProxy::ProxyPEInfo()
2021-05-25T01:48:26,561 DEBUG [00000010] :Bank2User@SASBAP - IOM LOGIC DOSMGetClassImage(): image-name=sassecp 
2021-05-25T01:48:26,561 DEBUG [00000003] :Bank2User@SASBAP - IOM ENTRY SecurityProxyU_MAIN() : monitor={1b48369ae20}
2021-05-25T01:48:26,561 DEBUG [00000003] :Bank2User@SASBAP - IOM NEW-CLASSDATA SecurityProxy {1b4837f1d80}
2021-05-25T01:48:26,561 DEBUG [00000010] :Bank2User@SASBAP - IOM RETURN W_OK=DOSMGetClassImage(): componentLD=000001B48369AA40
2021-05-25T01:48:26,561 DEBUG [00000003] :Bank2User@SASBAP - IOM ENTRY SecurityProxyInitClassObject()
2021-05-25T01:48:26,561 DEBUG [00000010] :Bank2User@SASBAP - IOM LOGIC DOSMGetClassImage(): image-name=sasomip 
2021-05-25T01:48:26,561 DEBUG [00000003] :Bank2User@SASBAP - IOM ENTRY OMIProxyU_MAIN() : monitor={1b48369ae20}
2021-05-25T01:48:26,561 DEBUG [00000003] :Bank2User@SASBAP - IOM NEW-CLASSDATA OMIProxy {1b4837f2220}
2021-05-25T01:48:26,561 DEBUG [00000010] :Bank2User@SASBAP - IOM RETURN W_OK=DOSMGetClassImage(): componentLD=000001B48369AB20
2021-05-25T01:48:26,561 DEBUG [00000003] :Bank2User@SASBAP - IOM ENTRY OMIProxyInitClassObject()
2021-05-25T01:48:26,561 DEBUG [00000003] :Bank2User@SASBAP - IOM NEW-CLASS OMIProxy {1b483605800}
2021-05-25T01:48:26,561 DEBUG [00000003] :Bank2User@SASBAP - IOM RETURN 0=OMIProxyInitClassObject()
2021-05-25T01:48:26,561 DEBUG [00000003] :Bank2User@SASBAP - IOM NEW-CLASS SecurityProxy {1b483605720}
2021-05-25T01:48:26,561 DEBUG [00000003] :Bank2User@SASBAP - IOM RETURN 0=SecurityProxyInitClassObject()
2021-05-25T01:48:26,561 DEBUG [00000003] :Bank2User@SASBAP - IOM LOGIC ENTRY {class:1b483605720}->SecurityProxyClassNew()
2021-05-25T01:48:26,561 DEBUG [00000003] :Bank2User@SASBAP - IOM NEW SecurityProxy (compRef:1b48369ac20, comp:1b483605900)
2021-05-25T01:48:26,561 DEBUG [00000003] :Bank2User@SASBAP - IOM CALL {compRef:1b48369ac20}->SecurityProxy::ProxyInit()
2021-05-25T01:48:26,561 DEBUG [00000003] :Bank2User@SASBAP - IOM RETURN 0={compRef:1b48369ac20}->SecurityProxy::ProxyInit()
2021-05-25T01:48:26,561 DEBUG [00000003] :Bank2User@SASBAP - IOM CALL {compRef:1b48369ac20}->SecurityProxy::GetCredentials()
2021-05-25T01:48:26,579 DEBUG [00000003] :Bank2User@SASBAP - IOM RETURN 0={compRef:1b48369ac20}->SecurityProxy::GetCredentials()
2021-05-25T01:48:26,579 DEBUG [00000003] :Bank2User@SASBAP - IOM CALL {compRef:1b48369ac20}->SecurityProxy::GetInfo()
2021-05-25T01:48:26,580 DEBUG [00000003] :Bank2User@SASBAP - IOM RETURN 0={compRef:1b48369ac20}->SecurityProxy::GetInfo()
2021-05-25T01:48:26,580 DEBUG [00000003] :Bank2User@SASBAP - IOM CALL {compRef:1b48369ac20}->SecurityProxy::FreeCredentials()
2021-05-25T01:48:26,582 DEBUG [00000003] :Bank2User@SASBAP - IOM RETURN 0={compRef:1b48369ac20}->SecurityProxy::FreeCredentials()
2021-05-25T01:48:26,582 DEBUG [00000003] :Bank2User@SASBAP - IOM CALL {compRef:1b48369a8a0}->OMIProxy::ProxyPEInfo()
2021-05-25T01:48:26,582 DEBUG [00000003] :Bank2User@SASBAP - IOM RETURN 0={compRef:1b48369a8a0}->OMIProxy::ProxyPEInfo()
2021-05-25T01:48:26,582 DEBUG [00000010] :Bank2User@SASBAP - IOM LOGIC DOSMGetClassImage(): image-name=sassrvp 
2021-05-25T01:48:26,582 DEBUG [00000003] :Bank2User@SASBAP - IOM ENTRY ServerProxyU_MAIN() : monitor={1b48369ae20}
2021-05-25T01:48:26,582 DEBUG [00000003] :Bank2User@SASBAP - IOM NEW-CLASSDATA ServerProxy {1b4837f4ce0}
2021-05-25T01:48:26,582 DEBUG [00000010] :Bank2User@SASBAP - IOM RETURN W_OK=DOSMGetClassImage(): componentLD=000001B4837F2840
2021-05-25T01:48:26,582 DEBUG [00000003] :Bank2User@SASBAP - IOM ENTRY ServerProxyInitClassObject()
2021-05-25T01:48:26,582 DEBUG [00000003] :Bank2User@SASBAP - IOM NEW-CLASS ServerProxy {1b483605a00}
2021-05-25T01:48:26,582 DEBUG [00000003] :Bank2User@SASBAP - IOM RETURN 0=ServerProxyInitClassObject()
2021-05-25T01:48:26,582 DEBUG [00000003] :Bank2User@SASBAP - IOM LOGIC ENTRY {class:1b483605a00}->ServerProxyClassNew()
2021-05-25T01:48:26,582 DEBUG [00000003] :Bank2User@SASBAP - IOM NEW ServerProxy (compRef:1b4837f2940, comp:1b483605ae0)
2021-05-25T01:48:26,582 DEBUG [00000003] :Bank2User@SASBAP - IOM CALL {compRef:1b4837f2940}->ServerProxy::ProxyInit()
2021-05-25T01:48:26,582 DEBUG [00000003] :Bank2User@SASBAP - IOM RETURN 0={compRef:1b4837f2940}->ServerProxy::ProxyInit()
2021-05-25T01:48:26,582 DEBUG [00000003] :Bank2User@SASBAP - IOM CALL {compRef:1b48369a8a0}->OMIProxy::GetMetadata()
2021-05-25T01:48:26,583 DEBUG [00000003] :Bank2User@SASBAP - IOM RETURN 0={compRef:1b48369a8a0}->OMIProxy::GetMetadata()
2021-05-25T01:48:26,583 DEBUG [00000003] :Bank2User@SASBAP - IOM CALL {compRef:1b48369a8a0}->OMIProxy::DoRequest()
2021-05-25T01:48:26,583 DEBUG [00000003] :Bank2User@SASBAP - IOM RETURN 0={compRef:1b48369a8a0}->OMIProxy::DoRequest()
2021-05-25T01:48:26,585 DEBUG [00000003] :Bank2User@SASBAP - IOM ENTRY ServerProxy {compRef:1b4837f2940}->CompDtor()
2021-05-25T01:48:26,585 DEBUG [00000003] :Bank2User@SASBAP - IOM RETURN ServerProxy 0={compRef:1b4837f2940}->CompDtor()
2021-05-25T01:48:26,585 DEBUG [00000003] :Bank2User@SASBAP - IOM ENTRY OMIProxy {compRef:1b48369a8a0}->CompDtor()
2021-05-25T01:48:26,585 DEBUG [00000003] :Bank2User@SASBAP - IOM RETURN OMIProxy 0={compRef:1b48369a8a0}->CompDtor()
2021-05-25T01:48:26,586 DEBUG [00000003] :Bank2User@SASBAP - IOM ENTRY SecurityProxy {compRef:1b48369ac20}->CompDtor()
2021-05-25T01:48:26,586 DEBUG [00000003] :Bank2User@SASBAP - IOM RETURN SecurityProxy 0={compRef:1b48369ac20}->CompDtor()
2021-05-25T01:48:26,586 DEBUG [00000076] :Bank2User@SASBAP - IOM CALL svcGetOption(): opt=SELFTEST not found
2021-05-25T01:48:26,586 DEBUG [00000003] :Bank2User@SASBAP - IOM LOGIC ENTRY {class:1b4836055e0}->OMIProxyClassNew()
2021-05-25T01:48:26,586 DEBUG [00000003] :Bank2User@SASBAP - IOM NEW OMIProxy (compRef:1b48369ac20, comp:1b483604820)
2021-05-25T01:48:26,586 DEBUG [00000003] :Bank2User@SASBAP - IOM CALL {compRef:1b48369ac20}->OMIProxy::ProxyInit()
2021-05-25T01:48:26,586 DEBUG [00000003] :Bank2User@SASBAP - IOM RETURN 0={compRef:1b48369ac20}->OMIProxy::ProxyInit()
2021-05-25T01:48:26,586 DEBUG [00000003] :Bank2User@SASBAP - IOM CALL {compRef:1b48369ac20}->OMIProxy::ProxyPEInfo()
2021-05-25T01:48:26,586 DEBUG [00000003] :Bank2User@SASBAP - IOM RETURN 0={compRef:1b48369ac20}->OMIProxy::ProxyPEInfo()
2021-05-25T01:48:26,586 DEBUG [00000003] :Bank2User@SASBAP - IOM LOGIC ENTRY {class:1b483605720}->SecurityProxyClassNew()
2021-05-25T01:48:26,586 DEBUG [00000003] :Bank2User@SASBAP - IOM NEW SecurityProxy (compRef:1b48369a8a0, comp:1b483605900)
2021-05-25T01:48:26,586 DEBUG [00000003] :Bank2User@SASBAP - IOM CALL {compRef:1b48369a8a0}->SecurityProxy::ProxyInit()
2021-05-25T01:48:26,586 DEBUG [00000003] :Bank2User@SASBAP - IOM RETURN 0={compRef:1b48369a8a0}->SecurityProxy::ProxyInit()
2021-05-25T01:48:26,586 DEBUG [00000003] :Bank2User@SASBAP - IOM CALL {compRef:1b48369a8a0}->SecurityProxy::GetCredentials()
2021-05-25T01:48:26,604 DEBUG [00000003] :Bank2User@SASBAP - IOM RETURN 0={compRef:1b48369a8a0}->SecurityProxy::GetCredentials()
2021-05-25T01:48:26,604 DEBUG [00000003] :Bank2User@SASBAP - IOM CALL {compRef:1b48369a8a0}->SecurityProxy::GetInfo()
2021-05-25T01:48:26,606 DEBUG [00000003] :Bank2User@SASBAP - IOM RETURN 0={compRef:1b48369a8a0}->SecurityProxy::GetInfo()
2021-05-25T01:48:26,606 DEBUG [00000003] :Bank2User@SASBAP - IOM CALL {compRef:1b48369a8a0}->SecurityProxy::FreeCredentials()
2021-05-25T01:48:26,606 DEBUG [00000003] :Bank2User@SASBAP - IOM RETURN 0={compRef:1b48369a8a0}->SecurityProxy::FreeCredentials()
2021-05-25T01:48:26,606 DEBUG [00000003] :Bank2User@SASBAP - IOM CALL {compRef:1b48369ac20}->OMIProxy::ProxyPEInfo()
2021-05-25T01:48:26,606 DEBUG [00000003] :Bank2User@SASBAP - IOM RETURN 0={compRef:1b48369ac20}->OMIProxy::ProxyPEInfo()
2021-05-25T01:48:26,606 DEBUG [00000003] :Bank2User@SASBAP - IOM LOGIC ENTRY {class:1b483605a00}->ServerProxyClassNew()
2021-05-25T01:48:26,606 DEBUG [00000003] :Bank2User@SASBAP - IOM NEW ServerProxy (compRef:1b4837f2940, comp:1b4836067e0)
2021-05-25T01:48:26,607 DEBUG [00000003] :Bank2User@SASBAP - IOM CALL {compRef:1b4837f2940}->ServerProxy::ProxyInit()
2021-05-25T01:48:26,607 DEBUG [00000003] :Bank2User@SASBAP - IOM RETURN 0={compRef:1b4837f2940}->ServerProxy::ProxyInit()
2021-05-25T01:48:26,607 DEBUG [00000003] :Bank2User@SASBAP - IOM CALL {compRef:1b48369ac20}->OMIProxy::GetMetadata()
2021-05-25T01:48:26,607 DEBUG [00000003] :Bank2User@SASBAP - IOM RETURN 0={compRef:1b48369ac20}->OMIProxy::GetMetadata()
2021-05-25T01:48:26,607 DEBUG [00000003] :Bank2User@SASBAP - IOM CALL {compRef:1b48369ac20}->OMIProxy::DoRequest()
2021-05-25T01:48:26,609 DEBUG [00000003] :Bank2User@SASBAP - IOM RETURN 0={compRef:1b48369ac20}->OMIProxy::DoRequest()
2021-05-25T01:48:26,609 DEBUG [00000003] :Bank2User@SASBAP - IOM ENTRY ServerProxy {compRef:1b4837f2940}->CompDtor()
2021-05-25T01:48:26,610 DEBUG [00000003] :Bank2User@SASBAP - IOM RETURN ServerProxy 0={compRef:1b4837f2940}->CompDtor()
2021-05-25T01:48:26,610 DEBUG [00000003] :Bank2User@SASBAP - IOM ENTRY OMIProxy {compRef:1b48369ac20}->CompDtor()
2021-05-25T01:48:26,610 DEBUG [00000003] :Bank2User@SASBAP - IOM RETURN OMIProxy 0={compRef:1b48369ac20}->CompDtor()
2021-05-25T01:48:26,610 DEBUG [00000003] :Bank2User@SASBAP - IOM ENTRY SecurityProxy {compRef:1b48369a8a0}->CompDtor()
2021-05-25T01:48:26,610 DEBUG [00000003] :Bank2User@SASBAP - IOM RETURN SecurityProxy 0={compRef:1b48369a8a0}->CompDtor()
2021-05-25T01:48:26,610 DEBUG [00000110] :Bank2User@SASBAP - IOM CALL svcGetOption(): opt=SELFTEST not found
2021-05-25T01:48:26,611 DEBUG [00000003] :Bank2User@SASBAP - IOM LOGIC ENTRY {class:1b4836055e0}->OMIProxyClassNew()
2021-05-25T01:48:26,611 DEBUG [00000003] :Bank2User@SASBAP - IOM NEW OMIProxy (compRef:1b48369a8a0, comp:1b483604820)
2021-05-25T01:48:26,611 DEBUG [00000003] :Bank2User@SASBAP - IOM CALL {compRef:1b48369a8a0}->OMIProxy::ProxyInit()
2021-05-25T01:48:26,611 DEBUG [00000003] :Bank2User@SASBAP - IOM RETURN 0={compRef:1b48369a8a0}->OMIProxy::ProxyInit()
2021-05-25T01:48:26,611 DEBUG [00000003] :Bank2User@SASBAP - IOM CALL {compRef:1b48369a8a0}->OMIProxy::ProxyPEInfo()
2021-05-25T01:48:26,611 DEBUG [00000003] :Bank2User@SASBAP - IOM RETURN 0={compRef:1b48369a8a0}->OMIProxy::ProxyPEInfo()
2021-05-25T01:48:26,611 DEBUG [00000003] :Bank2User@SASBAP - IOM LOGIC ENTRY {class:1b483605720}->SecurityProxyClassNew()
2021-05-25T01:48:26,611 DEBUG [00000003] :Bank2User@SASBAP - IOM NEW SecurityProxy (compRef:1b48369ac20, comp:1b483605900)
2021-05-25T01:48:26,611 DEBUG [00000003] :Bank2User@SASBAP - IOM CALL {compRef:1b48369ac20}->SecurityProxy::ProxyInit()
2021-05-25T01:48:26,611 DEBUG [00000003] :Bank2User@SASBAP - IOM RETURN 0={compRef:1b48369ac20}->SecurityProxy::ProxyInit()
2021-05-25T01:48:26,611 DEBUG [00000003] :Bank2User@SASBAP - IOM CALL {compRef:1b48369ac20}->SecurityProxy::GetCredentials()
2021-05-25T01:48:26,628 DEBUG [00000003] :Bank2User@SASBAP - IOM RETURN 0={compRef:1b48369ac20}->SecurityProxy::GetCredentials()
2021-05-25T01:48:26,628 DEBUG [00000003] :Bank2User@SASBAP - IOM CALL {compRef:1b48369ac20}->SecurityProxy::GetInfo()
2021-05-25T01:48:26,630 DEBUG [00000003] :Bank2User@SASBAP - IOM RETURN 0={compRef:1b48369ac20}->SecurityProxy::GetInfo()
2021-05-25T01:48:26,630 DEBUG [00000003] :Bank2User@SASBAP - IOM CALL {compRef:1b48369ac20}->SecurityProxy::FreeCredentials()
2021-05-25T01:48:26,631 DEBUG [00000003] :Bank2User@SASBAP - IOM RETURN 0={compRef:1b48369ac20}->SecurityProxy::FreeCredentials()
2021-05-25T01:48:26,631 DEBUG [00000003] :Bank2User@SASBAP - IOM CALL {compRef:1b48369a8a0}->OMIProxy::ProxyPEInfo()
2021-05-25T01:48:26,631 DEBUG [00000003] :Bank2User@SASBAP - IOM RETURN 0={compRef:1b48369a8a0}->OMIProxy::ProxyPEInfo()
2021-05-25T01:48:26,631 DEBUG [00000003] :Bank2User@SASBAP - IOM LOGIC ENTRY {class:1b483605a00}->ServerProxyClassNew()
2021-05-25T01:48:26,631 DEBUG [00000003] :Bank2User@SASBAP - IOM NEW ServerProxy (compRef:1b4837f2940, comp:1b4836067e0)
2021-05-25T01:48:26,631 DEBUG [00000003] :Bank2User@SASBAP - IOM CALL {compRef:1b4837f2940}->ServerProxy::ProxyInit()
2021-05-25T01:48:26,631 DEBUG [00000003] :Bank2User@SASBAP - IOM RETURN 0={compRef:1b4837f2940}->ServerProxy::ProxyInit()
2021-05-25T01:48:26,631 DEBUG [00000003] :Bank2User@SASBAP - IOM CALL {compRef:1b48369a8a0}->OMIProxy::GetMetadata()
2021-05-25T01:48:26,631 DEBUG [00000003] :Bank2User@SASBAP - IOM RETURN 0={compRef:1b48369a8a0}->OMIProxy::GetMetadata()
2021-05-25T01:48:26,631 DEBUG [00000003] :Bank2User@SASBAP - IOM CALL {compRef:1b48369a8a0}->OMIProxy::DoRequest()
2021-05-25T01:48:26,632 DEBUG [00000003] :Bank2User@SASBAP - IOM RETURN 0={compRef:1b48369a8a0}->OMIProxy::DoRequest()
2021-05-25T01:48:26,632 DEBUG [00000003] :Bank2User@SASBAP - IOM ENTRY ServerProxy {compRef:1b4837f2940}->CompDtor()
2021-05-25T01:48:26,634 DEBUG [00000003] :Bank2User@SASBAP - IOM RETURN ServerProxy 0={compRef:1b4837f2940}->CompDtor()
2021-05-25T01:48:26,634 DEBUG [00000003] :Bank2User@SASBAP - IOM ENTRY OMIProxy {compRef:1b48369a8a0}->CompDtor()
2021-05-25T01:48:26,634 DEBUG [00000003] :Bank2User@SASBAP - IOM RETURN OMIProxy 0={compRef:1b48369a8a0}->CompDtor()
2021-05-25T01:48:26,634 DEBUG [00000003] :Bank2User@SASBAP - IOM ENTRY SecurityProxy {compRef:1b48369ac20}->CompDtor()
2021-05-25T01:48:26,634 DEBUG [00000003] :Bank2User@SASBAP - IOM RETURN SecurityProxy 0={compRef:1b48369ac20}->CompDtor()
2021-05-25T01:48:26,635 INFO  [00000010] :Bank2User@SASBAP - NOTE: Libref SASDATA successfully assigned from logical server.
2021-05-25T01:48:26,635 INFO  [00000010] :Bank2User@SASBAP - NOTE: Libref VALIB successfully assigned from logical server.
2021-05-25T01:48:26,635 INFO  [00000010] :Bank2User@SASBAP - NOTE: Libref STPSAMP successfully assigned from logical server.
2021-05-25T01:48:26,635 DEBUG [00000003] :Bank2User@SASBAP - IOM CALL svcGetOption(): opt=SERVER value=OMSOBJ:SERVERCOMPONENT/A54JZQT1.AZ000008
2021-05-25T01:48:26,635 DEBUG [00000003] :Bank2User@SASBAP - IOM LOGIC MACRO SYSPROCESSMODE defined to SAS Workspace Server
2021-05-25T01:48:26,635 DEBUG [00000003] :Bank2User@SASBAP - IOM CALL svcGetOption(): opt=SERVER value=OMSOBJ:SERVERCOMPONENT/A54JZQT1.AZ000008
2021-05-25T01:48:26,635 DEBUG [00000003] :Bank2User@SASBAP - IOM CALL svcGetOption(): opt=NOMETAAUTOINIT not found
2021-05-25T01:48:26,635 DEBUG [00000146] :Bank2User@SASBAP - IOM CALL svcGetOption(): opt=SELFTEST not found
2021-05-25T01:48:26,635 DEBUG [00000003] :Bank2User@SASBAP - IOM LOGIC ENTRY {class:1b4836055e0}->OMIProxyClassNew()
2021-05-25T01:48:26,635 DEBUG [00000003] :Bank2User@SASBAP - IOM NEW OMIProxy (compRef:1b48369ac20, comp:1b483604820)
2021-05-25T01:48:26,635 DEBUG [00000003] :Bank2User@SASBAP - IOM CALL {compRef:1b48369ac20}->OMIProxy::ProxyInit()
2021-05-25T01:48:26,635 DEBUG [00000003] :Bank2User@SASBAP - IOM RETURN 0={compRef:1b48369ac20}->OMIProxy::ProxyInit()
2021-05-25T01:48:26,635 DEBUG [00000003] :Bank2User@SASBAP - IOM CALL {compRef:1b48369ac20}->OMIProxy::ProxyPEInfo()
2021-05-25T01:48:26,635 DEBUG [00000003] :Bank2User@SASBAP - IOM RETURN 0={compRef:1b48369ac20}->OMIProxy::ProxyPEInfo()
2021-05-25T01:48:26,635 DEBUG [00000003] :Bank2User@SASBAP - IOM LOGIC ENTRY {class:1b483605720}->SecurityProxyClassNew()
2021-05-25T01:48:26,635 DEBUG [00000003] :Bank2User@SASBAP - IOM NEW SecurityProxy (compRef:1b48369a8a0, comp:1b483605900)
2021-05-25T01:48:26,635 DEBUG [00000003] :Bank2User@SASBAP - IOM CALL {compRef:1b48369a8a0}->SecurityProxy::ProxyInit()
2021-05-25T01:48:26,635 DEBUG [00000003] :Bank2User@SASBAP - IOM RETURN 0={compRef:1b48369a8a0}->SecurityProxy::ProxyInit()
2021-05-25T01:48:26,635 DEBUG [00000003] :Bank2User@SASBAP - IOM CALL {compRef:1b48369a8a0}->SecurityProxy::GetCredentials()
2021-05-25T01:48:26,656 DEBUG [00000003] :Bank2User@SASBAP - IOM RETURN 0={compRef:1b48369a8a0}->SecurityProxy::GetCredentials()
2021-05-25T01:48:26,656 DEBUG [00000003] :Bank2User@SASBAP - IOM CALL {compRef:1b48369a8a0}->SecurityProxy::GetInfo()
2021-05-25T01:48:26,656 DEBUG [00000003] :Bank2User@SASBAP - IOM RETURN 0={compRef:1b48369a8a0}->SecurityProxy::GetInfo()
2021-05-25T01:48:26,656 DEBUG [00000003] :Bank2User@SASBAP - IOM CALL {compRef:1b48369a8a0}->SecurityProxy::FreeCredentials()
2021-05-25T01:48:26,658 DEBUG [00000003] :Bank2User@SASBAP - IOM RETURN 0={compRef:1b48369a8a0}->SecurityProxy::FreeCredentials()
2021-05-25T01:48:26,658 DEBUG [00000003] :Bank2User@SASBAP - IOM CALL {compRef:1b48369ac20}->OMIProxy::ProxyPEInfo()
2021-05-25T01:48:26,658 DEBUG [00000003] :Bank2User@SASBAP - IOM RETURN 0={compRef:1b48369ac20}->OMIProxy::ProxyPEInfo()
2021-05-25T01:48:26,658 DEBUG [00000003] :Bank2User@SASBAP - IOM LOGIC ENTRY {class:1b483605a00}->ServerProxyClassNew()
2021-05-25T01:48:26,658 DEBUG [00000003] :Bank2User@SASBAP - IOM NEW ServerProxy (compRef:1b4837f2940, comp:1b4836045e0)
2021-05-25T01:48:26,658 DEBUG [00000003] :Bank2User@SASBAP - IOM CALL {compRef:1b4837f2940}->ServerProxy::ProxyInit()
2021-05-25T01:48:26,659 DEBUG [00000003] :Bank2User@SASBAP - IOM RETURN 0={compRef:1b4837f2940}->ServerProxy::ProxyInit()
2021-05-25T01:48:26,659 DEBUG [00000003] :Bank2User@SASBAP - IOM LOGIC MACRO _METAUSER defined to Bank2User@SASBAP
2021-05-25T01:48:26,659 DEBUG [00000003] :Bank2User@SASBAP - IOM ENTRY ServerProxy {compRef:1b4837f2940}->CompDtor()
2021-05-25T01:48:26,659 DEBUG [00000003] :Bank2User@SASBAP - IOM RETURN ServerProxy 0={compRef:1b4837f2940}->CompDtor()
2021-05-25T01:48:26,659 DEBUG [00000003] :Bank2User@SASBAP - IOM ENTRY OMIProxy {compRef:1b48369ac20}->CompDtor()
2021-05-25T01:48:26,659 DEBUG [00000003] :Bank2User@SASBAP - IOM RETURN OMIProxy 0={compRef:1b48369ac20}->CompDtor()
2021-05-25T01:48:26,659 DEBUG [00000003] :Bank2User@SASBAP - IOM ENTRY SecurityProxy {compRef:1b48369a8a0}->CompDtor()
2021-05-25T01:48:26,659 DEBUG [00000003] :Bank2User@SASBAP - IOM RETURN SecurityProxy 0={compRef:1b48369a8a0}->CompDtor()
2021-05-25T01:48:26,659 DEBUG [00000003] :Bank2User@SASBAP - IOM CALL svcGetOption(): opt=PROTOCOL value=bridge
2021-05-25T01:48:26,660 INFO  [00000009] :Bank2User@SASBAP - 
2021-05-25T01:48:26,660 INFO  [00000009] :Bank2User@SASBAP - NOTE: AUTOEXEC processing beginning; file is D:\opt\sasinside\Config\Lev1\SASApp\WorkspaceServer\autoexec.sas.
2021-05-25T01:48:26,660 INFO  [00000009] :Bank2User@SASBAP - 
2021-05-25T01:48:26,662 INFO  [00000009] :Bank2User@SASBAP - 
2021-05-25T01:48:26,662 INFO  [00000009] :Bank2User@SASBAP - NOTE: AUTOEXEC processing completed.
2021-05-25T01:48:26,662 INFO  [00000009] :Bank2User@SASBAP - 
2021-05-25T01:48:26,662 DEBUG [00000003] :Bank2User@SASBAP - IOM CALL svcGetOption(): opt=VALIDATE not found
2021-05-25T01:48:26,662 DEBUG [00000172] :Bank2User@SASBAP - IOM CALL svcGetOption(): opt=CLASSFACTORY value=440196D4-90F0-11D0-9F41-00A024BB830C
2021-05-25T01:48:26,662 DEBUG [00000172] :Bank2User@SASBAP - IOM CALL svcGetOption(): opt=PORT value=8591
2021-05-25T01:48:26,662 DEBUG [00000172] :Bank2User@SASBAP - IOM CALL svcGetOption(): opt=HOSTKNOWNBY not found
2021-05-25T01:48:26,662 DEBUG [00000172] :Bank2User@SASBAP - IOM CALL svcGetOption(): opt=CLASSFACTORY value=440196D4-90F0-11D0-9F41-00A024BB830C
2021-05-25T01:48:26,662 DEBUG [00000172] :Bank2User@SASBAP - IOM CALL svcGetOption(): opt=OBJSPAWN not found
2021-05-25T01:48:26,662 DEBUG [00000172] :Bank2User@SASBAP - IOM CALL svcGetOption(): opt=CRADLE not found
2021-05-25T01:48:26,662 DEBUG [00000172] :Bank2User@SASBAP - IOM CALL svcGetOption(): opt=PROTOCOL value=bridge
2021-05-25T01:48:26,662 DEBUG [00000172] :Bank2User@SASBAP - IOM CALL svcGetOption(): opt=CLIENTENCRYPTIONLEVEL not found
2021-05-25T01:48:26,662 DEBUG [00000172] :Bank2User@SASBAP - IOM CALL svcGetOption(): opt=CEL value=credentials
2021-05-25T01:48:26,662 DEBUG [00000172] :Bank2User@SASBAP - IOM CALL svcGetOption(): opt=LB not found
2021-05-25T01:48:26,662 DEBUG [00000172] :Bank2User@SASBAP - IOM CALL svcGetOption(): opt=SELFTEST not found
2021-05-25T01:48:26,662 DEBUG [00000172] :Bank2User@SASBAP - IOM CALL svcGetOption(): opt=TRUSTSASPEER not found
2021-05-25T01:48:26,662 DEBUG [00000172] :Bank2User@SASBAP - IOM CALL svcGetOption(): opt=TSASPEER not found
2021-05-25T01:48:26,662 DEBUG [00000172] :Bank2User@SASBAP - IOM CALL svcGetOption(): opt=OBJSPAWN not found
2021-05-25T01:48:26,662 DEBUG [00000172] :Bank2User@SASBAP - IOM CALL svcGetOption(): opt=SSPOOL not found
2021-05-25T01:48:26,662 DEBUG [00000172] :Bank2User@SASBAP - IOM CALL svcGetOption(): opt=DELAYCONN not found
2021-05-25T01:48:26,662 DEBUG [00000172] :Bank2User@SASBAP - IOM CALL svcGetOption(): opt=RECON no value
2021-05-25T01:48:26,662 DEBUG [00000172] :Bank2User@SASBAP - IOM CALL svcGetOption(): opt=SPAWNED no value
2021-05-25T01:48:26,662 DEBUG [00000172] :Bank2User@SASBAP - IOM CALL svcGetOption(): opt=CRADLE not found
2021-05-25T01:48:26,662 DEBUG [00000172] :Bank2User@SASBAP - IOM CALL svcGetOption(): opt=LB not found
2021-05-25T01:48:26,662 DEBUG [00000172] :Bank2User@SASBAP - Inherited socket 556
2021-05-25T01:48:26,662 DEBUG [00000172] :Bank2User@SASBAP - IOM CALL svcGetOption(): opt=PB no value
2021-05-25T01:48:26,662 DEBUG [00000172] :Bank2User@SASBAP - IOM CALL svcGetOption(): opt=SPP value=54658
2021-05-25T01:48:26,662 DEBUG [00000172] :Bank2User@SASBAP - IOM CALL svcGetOption(): opt=CID value=3
2021-05-25T01:48:26,662 DEBUG [00000172] :Bank2User@SASBAP - IOM CALL svcGetOption(): opt=DNSNAME not found
2021-05-25T01:48:26,662 DEBUG [00000172] :Bank2User@SASBAP - IOM CALL svcGetOption(): opt=SPH not found
2021-05-25T01:48:26,663 DEBUG [00000172] :Bank2User@SASBAP - IOM CALL svcGetOption(): opt=KEEPALIVE not found
2021-05-25T01:48:26,663 DEBUG [00000172] :Bank2User@SASBAP - IOM CALL svcGetOption(): opt=SELFTEST not found
2021-05-25T01:48:26,663 DEBUG [00000003] :Bank2User@SASBAP - IOM CALL svcGetOption(): opt=SELFTEST not found
2021-05-25T01:48:26,663 INFO  [00000003] :Bank2User@SASBAP - SAH041999I Server SAS Workspace Server, State, running
2021-05-25T01:48:26,663 DEBUG [00000173] :Bank2User@SASBAP - Peer is local
2021-05-25T01:48:26,663 DEBUG [00000174] :Bank2User@SASBAP - Bridge PE [1b4835012e0] Received requirements vector
2021-05-25T01:48:26,663 DEBUG [00000174] :Bank2User@SASBAP - Begin key exchange
2021-05-25T01:48:26,663 DEBUG [00000174] :Bank2User@SASBAP - End key exchange
2021-05-25T01:48:26,663 DEBUG [00000174] :Bank2User@SASBAP - Inherited connection is local
2021-05-25T01:48:26,665 DEBUG [00000171] :Bank2User@SASBAP - Peer is local
2021-05-25T01:48:26,666 DEBUG [00000175] :Bank2User@SASBAP - Bridge PE [1b4835012e0] Received requirements vector
2021-05-25T01:48:26,666 DEBUG [00000175] :Bank2User@SASBAP - Client Bank2User@SASBAP (3) monitoring skipped because it is the object spawner daemon
2021-05-25T01:48:26,667 DEBUG [00000176] 3:Bank2User@SASBAP - IOM CALL svcGetOption(): opt=DNSMATCH value=sasbap.demo.sas.com
2021-05-25T01:48:26,667 DEBUG [00000176] 3:Bank2User@SASBAP - IOM CALL svcGetOption(): opt=SPAWNED no value
2021-05-25T01:48:26,667 DEBUG [00000176] 3:Bank2User@SASBAP - IOM CALL svcGetOption(): opt=SERVER value=OMSOBJ:SERVERCOMPONENT/A54JZQT1.AZ000008
2021-05-25T01:48:26,667 DEBUG [00000176] 3:Bank2User@SASBAP - IOM CALL svcGetOption(): opt=SERVERCOMPONENT not found
2021-05-25T01:48:26,667 DEBUG [00000176] 3:Bank2User@SASBAP - IOM CALL svcGetOption(): opt=PORT value=8591
2021-05-25T01:48:26,667 DEBUG [00000176] 3:Bank2User@SASBAP - IOM CALL svcGetOption(): opt=RESOURCE not found
2021-05-25T01:48:26,670 DEBUG [00000178] 3:Bank2User@SASBAP - IOM LOGIC ENTRY {class:1b48383a840}->LaunchedServerActivityProxyClassNew()
2021-05-25T01:48:26,670 DEBUG [00000178] 3:Bank2User@SASBAP - IOM NEW LaunchedServerActivityProxy (compRef:1b4837f0f80, comp:1b48383ac40)
2021-05-25T01:48:26,670 DEBUG [00000178] 3:Bank2User@SASBAP - IOM CALL {compRef:1b4837f0f80}->LaunchedServerActivityProxy::ProxyInit()
2021-05-25T01:48:26,670 DEBUG [00000178] 3:Bank2User@SASBAP - IOM RETURN 0={compRef:1b4837f0f80}->LaunchedServerActivityProxy::ProxyInit()
2021-05-25T01:48:26,670 DEBUG [00000178] 3:Bank2User@SASBAP - IOM CALL {compRef:1b4837f0f80}->LaunchedServerActivityProxy::ProxyPEInfo()
2021-05-25T01:48:26,670 DEBUG [00000178] 3:Bank2User@SASBAP - IOM RETURN 0={compRef:1b4837f0f80}->LaunchedServerActivityProxy::ProxyPEInfo()
2021-05-25T01:48:26,670 DEBUG [00000178] 3:Bank2User@SASBAP - IOM LOGIC ENTRY {class:1b48383a840}->LaunchedServerActivityProxyClassNew()
2021-05-25T01:48:26,670 DEBUG [00000178] 3:Bank2User@SASBAP - IOM NEW LaunchedServerActivityProxy (compRef:1b4837f1120, comp:1b48383ad20)
2021-05-25T01:48:26,670 DEBUG [00000178] 3:Bank2User@SASBAP - IOM CALL {compRef:1b4837f1120}->LaunchedServerActivityProxy::ProxyInit()
2021-05-25T01:48:26,670 DEBUG [00000178] 3:Bank2User@SASBAP - IOM RETURN 0={compRef:1b4837f1120}->LaunchedServerActivityProxy::ProxyInit()
2021-05-25T01:48:26,670 DEBUG [00000178] 3:Bank2User@SASBAP - IOM CALL {compRef:1b4837f1120}->LaunchedServerActivityProxy::ProcessIdentifier()
2021-05-25T01:48:26,670 DEBUG [00000174] :Bank2User@SASBAP - IOM CALL {compRef:1b4837f1120}->LaunchedServerActivityProxy::ProxyPEInfo()
2021-05-25T01:48:26,670 DEBUG [00000174] :Bank2User@SASBAP - IOM RETURN 0={compRef:1b4837f1120}->LaunchedServerActivityProxy::ProxyPEInfo()
2021-05-25T01:48:26,670 DEBUG [00000174] :Bank2User@SASBAP - IOM LOGIC ENTRY {class:1b48383a840}->LaunchedServerActivityProxyClassNew()
2021-05-25T01:48:26,670 DEBUG [00000174] :Bank2User@SASBAP - IOM NEW LaunchedServerActivityProxy (compRef:1b4837f12c0, comp:1b48383ae00)
2021-05-25T01:48:26,670 DEBUG [00000178] 3:Bank2User@SASBAP - IOM RETURN 0={compRef:1b4837f1120}->LaunchedServerActivityProxy::ProcessIdentifier()
2021-05-25T01:48:26,670 DEBUG [00000178] 3:Bank2User@SASBAP - IOM ENTRY LaunchedServerActivityProxy {compRef:1b4837f0f80}->CompDtor()
2021-05-25T01:48:26,670 DEBUG [00000178] 3:Bank2User@SASBAP - IOM RETURN LaunchedServerActivityProxy 0={compRef:1b4837f0f80}->CompDtor()
2021-05-25T01:48:26,670 DEBUG [00000178] 3:Bank2User@SASBAP - IOM CALL {compRef:1b4837f0f80}->LaunchedServerActivityProxy::ProxyEndImplicit()
2021-05-25T01:48:26,670 DEBUG [00000178] 3:Bank2User@SASBAP - IOM RETURN (early) 8={compRef:1b4837f0f80}->LaunchedServerActivityProxy::ProxyEndImplicit()
2021-05-25T01:48:26,670 DEBUG [00000174] :Bank2User@SASBAP - IOM CALL {compRef:1b4837f12c0}->LaunchedServerActivityProxy::ProxyInit()
2021-05-25T01:48:26,670 DEBUG [00000174] :Bank2User@SASBAP - IOM RETURN 0={compRef:1b4837f12c0}->LaunchedServerActivityProxy::ProxyInit()
2021-05-25T01:48:26,670 DEBUG [00000174] :Bank2User@SASBAP - IOM CALL {compRef:1b4837f12c0}->LaunchedServerActivityProxy::GetClientUserName()
2021-05-25T01:48:26,670 DEBUG [00000174] :Bank2User@SASBAP - IOM RETURN 0={compRef:1b4837f12c0}->LaunchedServerActivityProxy::GetClientUserName()
2021-05-25T01:48:26,670 DEBUG [00000174] :Bank2User@SASBAP - IOM ENTRY LaunchedServerActivityProxy {compRef:1b4837f12c0}->CompDtor()
2021-05-25T01:48:26,670 DEBUG [00000174] :Bank2User@SASBAP - IOM RETURN LaunchedServerActivityProxy 0={compRef:1b4837f12c0}->CompDtor()
2021-05-25T01:48:26,670 DEBUG [00000174] :Bank2User@SASBAP - IOM CALL svcGetOption(): opt=SPAWNED no value
2021-05-25T01:48:26,670 DEBUG [00000174] :Bank2User@SASBAP - IOM CALL {compRef:1b4837f1120}->LaunchedServerActivityProxy::ClientIn()
2021-05-25T01:48:26,670 DEBUG [00000174] :Bank2User@SASBAP - IOM RETURN 0={compRef:1b4837f1120}->LaunchedServerActivityProxy::ClientIn()
2021-05-25T01:48:26,672 DEBUG [00000010] 2:Bank2User@SASBAP - IOM LOGIC DOSMGetClassImage(): image-name=sasauto 
2021-05-25T01:48:26,673 DEBUG [00000010] 2:Bank2User@SASBAP - IOM RETURN W_OK=DOSMGetClassImage(): componentLD=000001B48369AC80
2021-05-25T01:48:26,673 DEBUG [00000010] 2:Bank2User@SASBAP - IOM LOGIC DOSMGetClassImage(): image-name=sasautop
2021-05-25T01:48:26,673 DEBUG [00000003] 2:Bank2User@SASBAP - IOM ENTRY WorkspaceProxyU_MAIN() : monitor={1b48369ae20}
2021-05-25T01:48:26,673 DEBUG [00000003] 2:Bank2User@SASBAP - IOM NEW-CLASSDATA WorkspaceProxy {1b4837f4fa0}
2021-05-25T01:48:26,673 DEBUG [00000010] 2:Bank2User@SASBAP - IOM RETURN W_OK=DOSMGetClassImage(): componentLD=000001B48369A8A0
2021-05-25T01:48:26,673 DEBUG [00000003] 2:Bank2User@SASBAP - IOM ENTRY WorkspaceProxyInitClassObject()
2021-05-25T01:48:26,673 DEBUG [00000003] 2:Bank2User@SASBAP - IOM NEW-CLASS WorkspaceProxy {1b4836045e0}
2021-05-25T01:48:26,673 DEBUG [00000003] 2:Bank2User@SASBAP - IOM RETURN 0=WorkspaceProxyInitClassObject()
2021-05-25T01:48:26,673 DEBUG [00000003] 2:Bank2User@SASBAP - IOM CALL svcGetOption(): opt=SERVER value=OMSOBJ:SERVERCOMPONENT/A54JZQT1.AZ000008
2021-05-25T01:48:26,680 DEBUG [00000010] 2:Bank2User@SASBAP - IOM LOGIC DOSMGetClassImage(): image-name=sasilng 
2021-05-25T01:48:26,682 DEBUG [00000010] 2:Bank2User@SASBAP - IOM RETURN W_OK=DOSMGetClassImage(): componentLD=000001B4837F2AC0
2021-05-25T01:48:26,683 INFO  [00000011] :Bank2User@SASBAP - 1                                                          The SAS System                          Tuesday, May 25, 2021 01:48:00 AM
2021-05-25T01:48:26,683 INFO  [00000011] :Bank2User@SASBAP - 
2021-05-25T01:48:26,683 INFO  [00000011] :Bank2User@SASBAP - NOTE: Copyright (c) 2016 by SAS Institute Inc., Cary, NC, USA. 
2021-05-25T01:48:26,683 INFO  [00000011] :Bank2User@SASBAP - NOTE: SAS (r) Proprietary Software 9.4 (TS1M7 MBCS3170) 
2021-05-25T01:48:26,683 INFO  [00000011] :Bank2User@SASBAP -       Licensed to Ahmed Asif-17696, Site 70068130.
2021-05-25T01:48:26,683 INFO  [00000011] :Bank2User@SASBAP - NOTE: This session is executing on the X64_DSRV16  platform.
2021-05-25T01:48:26,683 INFO  [00000011] :Bank2User@SASBAP - 
2021-05-25T01:48:26,683 INFO  [00000011] :Bank2User@SASBAP - 
2021-05-25T01:48:26,683 INFO  [00000011] :Bank2User@SASBAP - 
2021-05-25T01:48:26,689 INFO  [00000011] :Bank2User@SASBAP - NOTE: Additional host information:
2021-05-25T01:48:26,689 INFO  [00000011] :Bank2User@SASBAP - 
2021-05-25T01:48:26,689 INFO  [00000011] :Bank2User@SASBAP -  X64_DSRV16 WIN 10.0.14393  Server
2021-05-25T01:48:26,689 INFO  [00000011] :Bank2User@SASBAP - 
2021-05-25T01:48:26,700 INFO  [00000011] :Bank2User@SASBAP - NOTE: SAS Initialization used (Total process time):
2021-05-25T01:48:26,700 INFO  [00000011] :Bank2User@SASBAP -       real time           0.01 seconds
2021-05-25T01:48:26,700 INFO  [00000011] :Bank2User@SASBAP -       cpu time            0.00 seconds
2021-05-25T01:48:26,700 INFO  [00000011] :Bank2User@SASBAP -       
2021-05-25T01:48:26,701 INFO  [00000010] 2:Bank2User@SASBAP - NOTE: The autoexec file, D:\opt\sasinside\Config\Lev1\SASApp\WorkspaceServer\autoexec.sas, was executed at server initialization.
2021-05-25T01:48:26,701 DEBUG [00000003] 2:Bank2User@SASBAP - IOM LOGIC MACRO SYSPROCESSMODE defined to SAS Workspace Server
2021-05-25T01:48:26,701 DEBUG [00000003] 2:Bank2User@SASBAP - IOM CALL svcGetOption(): opt=SERVER value=OMSOBJ:SERVERCOMPONENT/A54JZQT1.AZ000008
2021-05-25T01:48:26,701 DEBUG [00000003] 2:Bank2User@SASBAP - IOM CALL svcGetOption(): opt=NOMETAAUTOINIT not found
2021-05-25T01:48:26,701 DEBUG [00000190] 2:Bank2User@SASBAP - IOM CALL svcGetOption(): opt=SELFTEST not found
2021-05-25T01:48:26,703 DEBUG [00000003] 2:Bank2User@SASBAP - IOM LOGIC ENTRY {class:1b4836055e0}->OMIProxyClassNew()
2021-05-25T01:48:26,703 DEBUG [00000003] 2:Bank2User@SASBAP - IOM NEW OMIProxy (compRef:1b4838b9760, comp:1b483604820)
2021-05-25T01:48:26,703 DEBUG [00000003] 2:Bank2User@SASBAP - IOM CALL {compRef:1b4838b9760}->OMIProxy::ProxyInit()
2021-05-25T01:48:26,703 DEBUG [00000003] 2:Bank2User@SASBAP - IOM RETURN 0={compRef:1b4838b9760}->OMIProxy::ProxyInit()
2021-05-25T01:48:26,703 DEBUG [00000003] 2:Bank2User@SASBAP - IOM CALL {compRef:1b4838b9760}->OMIProxy::ProxyPEInfo()
2021-05-25T01:48:26,703 DEBUG [00000003] 2:Bank2User@SASBAP - IOM RETURN 0={compRef:1b4838b9760}->OMIProxy::ProxyPEInfo()
2021-05-25T01:48:26,703 DEBUG [00000003] 2:Bank2User@SASBAP - IOM LOGIC ENTRY {class:1b483605720}->SecurityProxyClassNew()
2021-05-25T01:48:26,703 DEBUG [00000003] 2:Bank2User@SASBAP - IOM NEW SecurityProxy (compRef:1b4838b98e0, comp:1b4836067e0)
2021-05-25T01:48:26,703 DEBUG [00000003] 2:Bank2User@SASBAP - IOM CALL {compRef:1b4838b98e0}->SecurityProxy::ProxyInit()
2021-05-25T01:48:26,703 DEBUG [00000003] 2:Bank2User@SASBAP - IOM RETURN 0={compRef:1b4838b98e0}->SecurityProxy::ProxyInit()
2021-05-25T01:48:26,703 DEBUG [00000003] 2:Bank2User@SASBAP - IOM CALL {compRef:1b4838b98e0}->SecurityProxy::GetCredentials()
2021-05-25T01:48:26,725 DEBUG [00000003] 2:Bank2User@SASBAP - IOM RETURN 0={compRef:1b4838b98e0}->SecurityProxy::GetCredentials()
2021-05-25T01:48:26,725 DEBUG [00000003] 2:Bank2User@SASBAP - IOM CALL {compRef:1b4838b98e0}->SecurityProxy::GetInfo()
2021-05-25T01:48:26,726 DEBUG [00000003] 2:Bank2User@SASBAP - IOM RETURN 0={compRef:1b4838b98e0}->SecurityProxy::GetInfo()
2021-05-25T01:48:26,726 DEBUG [00000003] 2:Bank2User@SASBAP - IOM CALL {compRef:1b4838b98e0}->SecurityProxy::FreeCredentials()
2021-05-25T01:48:26,728 DEBUG [00000003] 2:Bank2User@SASBAP - IOM RETURN 0={compRef:1b4838b98e0}->SecurityProxy::FreeCredentials()
2021-05-25T01:48:26,728 DEBUG [00000003] 2:Bank2User@SASBAP - IOM CALL {compRef:1b4838b9760}->OMIProxy::ProxyPEInfo()
2021-05-25T01:48:26,728 DEBUG [00000003] 2:Bank2User@SASBAP - IOM RETURN 0={compRef:1b4838b9760}->OMIProxy::ProxyPEInfo()
2021-05-25T01:48:26,728 DEBUG [00000003] 2:Bank2User@SASBAP - IOM LOGIC ENTRY {class:1b483605a00}->ServerProxyClassNew()
2021-05-25T01:48:26,728 DEBUG [00000003] 2:Bank2User@SASBAP - IOM NEW ServerProxy (compRef:1b4838b9a80, comp:1b483603e80)
2021-05-25T01:48:26,728 DEBUG [00000003] 2:Bank2User@SASBAP - IOM CALL {compRef:1b4838b9a80}->ServerProxy::ProxyInit()
2021-05-25T01:48:26,728 DEBUG [00000003] 2:Bank2User@SASBAP - IOM RETURN 0={compRef:1b4838b9a80}->ServerProxy::ProxyInit()
2021-05-25T01:48:26,728 DEBUG [00000003] 2:Bank2User@SASBAP - IOM LOGIC MACRO _METAUSER defined to Bank2User@SASBAP
2021-05-25T01:48:26,728 DEBUG [00000003] 2:Bank2User@SASBAP - IOM ENTRY ServerProxy {compRef:1b4838b9a80}->CompDtor()
2021-05-25T01:48:26,729 DEBUG [00000003] 2:Bank2User@SASBAP - IOM RETURN ServerProxy 0={compRef:1b4838b9a80}->CompDtor()
2021-05-25T01:48:26,729 DEBUG [00000003] 2:Bank2User@SASBAP - IOM ENTRY OMIProxy {compRef:1b4838b9760}->CompDtor()
2021-05-25T01:48:26,729 DEBUG [00000003] 2:Bank2User@SASBAP - IOM RETURN OMIProxy 0={compRef:1b4838b9760}->CompDtor()
2021-05-25T01:48:26,729 DEBUG [00000003] 2:Bank2User@SASBAP - IOM ENTRY SecurityProxy {compRef:1b4838b98e0}->CompDtor()
2021-05-25T01:48:26,729 DEBUG [00000003] 2:Bank2User@SASBAP - IOM RETURN SecurityProxy 0={compRef:1b4838b98e0}->CompDtor()
2021-05-25T01:48:26,732 DEBUG [00000010] 2:Bank2User@SASBAP - IOM LOGIC DOSMGetClassImage(): image-name=sasidat 
2021-05-25T01:48:26,732 DEBUG [00000010] 2:Bank2User@SASBAP - IOM RETURN W_OK=DOSMGetClassImage(): componentLD=000001B4838B9760
2021-05-25T01:48:26,739 DEBUG [00000003] 2:Bank2User@SASBAP - IOM LOGIC VOIMapWrcodeToWoiStatus() Mapping error severity wrcode: 0x80403806
2021-05-25T01:48:26,764 DEBUG [00000240] :Bank2User@SASBAP - IOM CALL svcGetOption(): opt=SELFTEST not found
2021-05-25T01:48:26,764 DEBUG [00000003] :Bank2User@SASBAP - IOM LOGIC ENTRY {class:1b4836055e0}->OMIProxyClassNew()
2021-05-25T01:48:26,764 DEBUG [00000003] :Bank2User@SASBAP - IOM NEW OMIProxy (compRef:1b4838b9dc0, comp:1b483604820)
2021-05-25T01:48:26,766 DEBUG [00000003] :Bank2User@SASBAP - IOM CALL {compRef:1b4838b9dc0}->OMIProxy::ProxyInit()
2021-05-25T01:48:26,766 DEBUG [00000003] :Bank2User@SASBAP - IOM RETURN 0={compRef:1b4838b9dc0}->OMIProxy::ProxyInit()
2021-05-25T01:48:26,766 DEBUG [00000003] :Bank2User@SASBAP - IOM CALL {compRef:1b4838b9dc0}->OMIProxy::ProxyPEInfo()
2021-05-25T01:48:26,766 DEBUG [00000003] :Bank2User@SASBAP - IOM RETURN 0={compRef:1b4838b9dc0}->OMIProxy::ProxyPEInfo()
2021-05-25T01:48:26,766 DEBUG [00000003] :Bank2User@SASBAP - IOM LOGIC ENTRY {class:1b483605720}->SecurityProxyClassNew()
2021-05-25T01:48:26,766 DEBUG [00000003] :Bank2User@SASBAP - IOM NEW SecurityProxy (compRef:1b48390f460, comp:1b4836067e0)
2021-05-25T01:48:26,766 DEBUG [00000003] :Bank2User@SASBAP - IOM CALL {compRef:1b48390f460}->SecurityProxy::ProxyInit()
2021-05-25T01:48:26,766 DEBUG [00000003] :Bank2User@SASBAP - IOM RETURN 0={compRef:1b48390f460}->SecurityProxy::ProxyInit()
2021-05-25T01:48:26,766 DEBUG [00000003] :Bank2User@SASBAP - IOM CALL {compRef:1b48390f460}->SecurityProxy::GetCredentials()
2021-05-25T01:48:26,785 DEBUG [00000003] :Bank2User@SASBAP - IOM RETURN 0={compRef:1b48390f460}->SecurityProxy::GetCredentials()
2021-05-25T01:48:26,787 DEBUG [00000003] :Bank2User@SASBAP - IOM CALL {compRef:1b48390f460}->SecurityProxy::GetInfo()
2021-05-25T01:48:26,788 DEBUG [00000003] :Bank2User@SASBAP - IOM RETURN 0={compRef:1b48390f460}->SecurityProxy::GetInfo()
2021-05-25T01:48:26,788 DEBUG [00000003] :Bank2User@SASBAP - IOM CALL {compRef:1b48390f460}->SecurityProxy::FreeCredentials()
2021-05-25T01:48:26,788 DEBUG [00000003] :Bank2User@SASBAP - IOM RETURN 0={compRef:1b48390f460}->SecurityProxy::FreeCredentials()
2021-05-25T01:48:26,788 DEBUG [00000003] :Bank2User@SASBAP - IOM CALL {compRef:1b4838b9dc0}->OMIProxy::ProxyPEInfo()
2021-05-25T01:48:26,788 DEBUG [00000003] :Bank2User@SASBAP - IOM RETURN 0={compRef:1b4838b9dc0}->OMIProxy::ProxyPEInfo()
2021-05-25T01:48:26,788 DEBUG [00000003] :Bank2User@SASBAP - IOM LOGIC ENTRY {class:1b483605a00}->ServerProxyClassNew()
2021-05-25T01:48:26,788 DEBUG [00000003] :Bank2User@SASBAP - IOM NEW ServerProxy (compRef:1b48390f5a0, comp:1b483606120)
2021-05-25T01:48:26,788 DEBUG [00000003] :Bank2User@SASBAP - IOM CALL {compRef:1b48390f5a0}->ServerProxy::ProxyInit()
2021-05-25T01:48:26,788 DEBUG [00000003] :Bank2User@SASBAP - IOM RETURN 0={compRef:1b48390f5a0}->ServerProxy::ProxyInit()
2021-05-25T01:48:26,788 DEBUG [00000003] :Bank2User@SASBAP - IOM CALL {compRef:1b48390f460}->SecurityProxy::GetLoginForAuthDomain()
2021-05-25T01:48:26,808 DEBUG [00000003] :Bank2User@SASBAP - IOM RETURN 0={compRef:1b48390f460}->SecurityProxy::GetLoginForAuthDomain()
2021-05-25T01:48:26,809 DEBUG [00000003] :Bank2User@SASBAP - IOM ENTRY ServerProxy {compRef:1b48390f5a0}->CompDtor()
2021-05-25T01:48:26,809 DEBUG [00000003] :Bank2User@SASBAP - IOM RETURN ServerProxy 0={compRef:1b48390f5a0}->CompDtor()
2021-05-25T01:48:26,809 DEBUG [00000003] :Bank2User@SASBAP - IOM ENTRY OMIProxy {compRef:1b4838b9dc0}->CompDtor()
2021-05-25T01:48:26,809 DEBUG [00000003] :Bank2User@SASBAP - IOM RETURN OMIProxy 0={compRef:1b4838b9dc0}->CompDtor()
2021-05-25T01:48:26,809 DEBUG [00000003] :Bank2User@SASBAP - IOM ENTRY SecurityProxy {compRef:1b48390f460}->CompDtor()
2021-05-25T01:48:26,809 DEBUG [00000003] :Bank2User@SASBAP - IOM RETURN SecurityProxy 0={compRef:1b48390f460}->CompDtor()
2021-05-25T01:48:27,087 INFO  [00000011] :Bank2User@SASBAP - 1          LIBNAME BANK2COR ORACLE  DB_LENGTH_SEMANTICS_BYTE=NO DBCLIENT_MAX_BYTES=1 DBSERVER_MAX_BYTES=1  PATH=SASBAP
2021-05-25T01:48:27,089 INFO  [00000011] :Bank2User@SASBAP - 1        ! SCHEMA=BANK2CORE  AUTHDOMAIN="BANK2BU Core" ;
2021-05-25T01:48:27,089 INFO  [00000011] :Bank2User@SASBAP - NOTE:  Credential obtained from SAS metadata server.
2021-05-25T01:48:27,089 INFO  [00000011] :Bank2User@SASBAP - NOTE: Libref BANK2COR was successfully assigned as follows: 
2021-05-25T01:48:27,089 INFO  [00000011] :Bank2User@SASBAP -       Engine:        ORACLE 
2021-05-25T01:48:27,089 INFO  [00000011] :Bank2User@SASBAP -       Physical Name: SASBAP
2021-05-25T01:48:27,089 INFO  [00000011] :Bank2User@SASBAP - 2          
2021-05-25T01:48:27,090 DEBUG [00000010] 2:Bank2User@SASBAP - IOM LOGIC DOSMGetClassImage(): image-name=sasyhr1 
2021-05-25T01:48:27,090 DEBUG [00000010] 2:Bank2User@SASBAP - IOM RETURN W_OK=DOSMGetClassImage(): componentLD=000001B4838B9E20
2021-05-25T01:48:27,134 DEBUG [00000010] 2:Bank2User@SASBAP - IOM LOGIC DOSMGetClassImage(): image-name=sasysq  
2021-05-25T01:48:27,134 DEBUG [00000010] 2:Bank2User@SASBAP - IOM RETURN W_OK=DOSMGetClassImage(): componentLD=000001B48390F4C0
2021-05-25T01:48:27,339 INFO  [00000011] :Bank2User@SASBAP - 2                                                          The SAS System                          Tuesday, May 25, 2021 01:48:00 AM
2021-05-25T01:48:27,339 INFO  [00000011] :Bank2User@SASBAP - 
2021-05-25T01:48:27,339 INFO  [00000011] :Bank2User@SASBAP - 3          options obs = max;
2021-05-25T01:48:27,370 DEBUG [00000010] 2:Bank2User@SASBAP - IOM LOGIC DOSMGetClassImage(): image-name=sasyr   
2021-05-25T01:48:27,370 DEBUG [00000010] 2:Bank2User@SASBAP - IOM RETURN W_OK=DOSMGetClassImage(): componentLD=000001B4839105C0
2021-05-25T01:48:36,920 DEBUG [00000397] 2:Bank2User@SASBAP - Bridge PE [1b483501130] Unregistered
2021-05-25T01:48:36,920 DEBUG [00000397] 2:Bank2User@SASBAP - Bridge PE [1b483501130] Connection destroyed
2021-05-25T01:48:36,920 DEBUG [00000397] 2:Bank2User@SASBAP - IOM CALL {compRef:1b4837f1120}->LaunchedServerActivityProxy::ClientOut()
2021-05-25T01:48:36,925 DEBUG [00000397] 2:Bank2User@SASBAP - IOM RETURN 0={compRef:1b4837f1120}->LaunchedServerActivityProxy::ClientOut()
2021-05-25T01:48:36,925 DEBUG [00000397] 2:Bank2User@SASBAP - IOM ENTRY LaunchedServerActivityProxy {compRef:1b4837f1120}->CompDtor()
2021-05-25T01:48:36,925 DEBUG [00000397] 2:Bank2User@SASBAP - IOM RETURN LaunchedServerActivityProxy 0={compRef:1b4837f1120}->CompDtor()
2021-05-25T01:48:36,926 DEBUG [00000399] 3:Bank2User@SASBAP - The object spawner daemon has closed its end of our connection.
2021-05-25T01:48:36,926 DEBUG [00000399] 3:Bank2User@SASBAP - Bridge PE [1b4835012e0] Unregistered
2021-05-25T01:48:36,927 DEBUG [00000399] 3:Bank2User@SASBAP - Bridge PE [1b4835012e0] Connection destroyed
2021-05-25T01:48:36,927 DEBUG [00000399] 3:Bank2User@SASBAP - Connection 3 transmitted 1316 bytes and received 1574 bytes.
2021-05-25T01:48:36,930 INFO  [00000011] :Bank2User@SASBAP - 3                                                          The SAS System                          Tuesday, May 25, 2021 01:48:00 AM
2021-05-25T01:48:36,930 INFO  [00000011] :Bank2User@SASBAP - 
2021-05-25T01:48:36,930 INFO  [00000011] :Bank2User@SASBAP - NOTE: SAS Institute Inc., SAS Campus Drive, Cary, NC USA 27513-2414
2021-05-25T01:48:36,930 INFO  [00000011] :Bank2User@SASBAP - NOTE: The SAS System used (Total process time):
2021-05-25T01:48:36,930 INFO  [00000011] :Bank2User@SASBAP -       real time           10.23 seconds
2021-05-25T01:48:36,932 INFO  [00000011] :Bank2User@SASBAP -       cpu time            0.31 seconds
2021-05-25T01:48:36,932 INFO  [00000011] :Bank2User@SASBAP -       
2021-05-25T01:48:36,934 DEBUG [00000397] 2:Bank2User@SASBAP - Connection 2 transmitted 499068 bytes and received 6669 bytes.
2021-05-25T01:48:36,936 DEBUG [00000006] :Bank2User@SASBAP - IOM ENTRY OMIProxy {compRef:1b48379a8a0}->CompDtor()
2021-05-25T01:48:36,937 DEBUG [00000006] :Bank2User@SASBAP - IOM RETURN OMIProxy 0={compRef:1b48379a8a0}->CompDtor()
2021-05-25T01:48:36,939 INFO  [00000003] :Bank2User@SASBAP - SAH049001I Server SAS Workspace Server, State, stopping
2021-05-25T01:48:36,940 DEBUG [00000008] :Bank2User@SASBAP - IOM RETURN 0x00000000=SASDOSM()
2021-05-25T01:48:36,940 DEBUG [00000008] :Bank2User@SASBAP - IOM ENTRY dosmExit
2021-05-25T01:48:36,940 INFO  [00000008] :Bank2User@SASBAP - Bridge PE SAM listen thread is exiting (0).
2021-05-25T01:48:36,940 INFO  [00000006] :Bank2User@SASBAP - For the IOM thread puddle, there were 392 requests processed. The maximum number of requests queued was 0. The maximum number of worker threads was 3.
2021-05-25T01:48:36,940 DEBUG [00000006] :Bank2User@SASBAP - Bridge protocol engine is destroying pending outcall requests for client 1 due to bridge shutdown.
2021-05-25T01:48:36,940 INFO  [00000006] :Bank2User@SASBAP - Bridge protocol engine has quiesced.
2021-05-25T01:48:36,940 INFO  [00000006] :Bank2User@SASBAP - Bridge protocol engine is unloading.
2021-05-25T01:48:36,940 DEBUG [00000006] :Bank2User@SASBAP - Bridge PE [1b483500f80] Connection destroyed
2021-05-25T01:48:36,940 DEBUG [00000006] :Bank2User@SASBAP - IOM LOGIC TKIOM Shutdown complete with rc=0
2021-05-25T01:48:36,943 INFO  [00000008] :Bank2User@SASBAP - NOTE: The SAS System used:
2021-05-25T01:48:36,943 INFO  [00000008] :Bank2User@SASBAP -       real time           10.48 seconds
2021-05-25T01:48:36,943 INFO  [00000008] :Bank2User@SASBAP -       cpu time            0.43 seconds
2021-05-25T01:48:36,943 INFO  [00000008] :Bank2User@SASBAP -       
2021-05-25T01:48:36,943 INFO  [00000003] :Bank2User@SASBAP - SAH049999I Server SAS Workspace Server, State, stopped
